1	N	48
1	J	48
0	J	48
1	R	48
2	N	49
2	J	49
1	W	49
2	R	49
3	N	64
3	J	64
2	E	68
1	J	68
3	R	68
3	W	74
1	R	74
4	N	74
4	J	75
1	W	75
4	R	75
5	N	106
5	J	107
4	W	107
5	R	107
4	J	109
5	E	110
4	R	110
4	W	115
0	R	115
4	J	2614
4	R	2614
4	W	2614
0	R	2614
4	J	2801
4	R	2801
4	W	2801
0	R	2801
4	J	2948
4	R	2948
4	W	2949
0	R	2949
3	J	3073
3	R	3073
3	W	3073
0	R	3073
4	J	3137
4	R	3137
4	W	3137
0	R	3137
4	J	3959
4	R	3959
4	W	3959
0	R	3959
4	J	4106
4	R	4106
4	W	4106
0	R	4106
4	J	4164
4	R	4164
4	W	4164
0	R	4164
4	J	4282
4	R	4282
4	W	4282
0	R	4282
4	J	4492
4	R	4492
4	W	4497
0	R	4498
4	J	4823
4	R	4823
4	W	4823
0	R	4823
4	J	5284
4	R	5284
6	N	5285
6	J	5285
4	W	5286
6	R	5286
7	N	5287
7	J	5288
8	N	5288
8	J	5288
9	N	5289
9	J	5289
10	N	5289
10	J	5290
11	N	5290
11	J	5290
12	N	5291
12	J	5291
13	N	5291
13	J	5292
14	N	5292
14	J	5292
15	N	5293
15	J	5293
16	N	5293
16	J	5294
17	N	5294
17	J	5294
18	N	5295
18	J	5295
19	N	5295
19	J	5296
20	N	5296
20	J	5296
21	N	5297
21	J	5297
22	N	5297
22	J	5298
23	N	5298
23	J	5298
24	N	5299
24	J	5299
25	N	5299
25	J	5300
26	N	5300
26	J	5301
27	N	5301
27	J	5301
28	N	5301
28	J	5302
29	N	5302
29	J	5303
30	N	5303
30	J	5303
31	N	5303
31	J	5304
32	N	5304
32	J	5305
33	N	5305
33	J	5305
34	N	5305
34	J	5306
35	N	5306
35	J	5307
36	N	5307
36	J	5307
37	N	5307
37	J	5308
38	N	5308
38	J	5309
39	N	5309
39	J	5309
40	N	5309
40	J	5310
41	N	5310
41	J	5311
42	N	5311
42	J	5311
43	N	5311
43	J	5312
44	N	5312
44	J	5313
45	N	5313
45	J	5313
46	N	5313
46	J	5314
47	N	5314
47	J	5315
48	N	5315
48	J	5315
49	N	5316
49	J	5316
6	J	5316
49	R	5316
49	W	5316
48	R	5317
48	W	5317
47	R	5317
47	W	5317
46	R	5317
46	W	5317
45	R	5317
45	W	5317
44	R	5317
44	W	5317
43	R	5317
43	W	5317
42	R	5317
42	W	5317
41	R	5317
41	W	5317
40	R	5317
40	W	5317
39	R	5317
39	W	5318
38	R	5318
38	W	5318
37	R	5318
37	W	5318
36	R	5318
36	W	5318
35	R	5318
35	W	5318
34	R	5318
34	W	5318
33	R	5318
33	W	5318
32	R	5318
32	W	5318
31	R	5318
31	W	5318
30	R	5318
30	W	5318
29	R	5318
29	W	5319
28	R	5319
28	W	5319
27	R	5319
27	W	5319
26	R	5319
26	W	5319
25	R	5319
25	W	5319
24	R	5319
24	W	5319
23	R	5319
23	W	5319
22	R	5319
22	W	5319
21	R	5319
21	W	5320
20	R	5320
20	W	5320
19	R	5320
19	W	5320
18	R	5320
18	W	5320
17	R	5320
17	W	5320
16	R	5320
16	W	5320
15	R	5320
15	W	5320
14	R	5320
14	W	5320
13	R	5320
13	W	5320
12	R	5320
12	W	5320
11	R	5321
11	W	5321
10	R	5321
10	W	5321
9	R	5321
9	W	5321
8	R	5321
8	W	5321
7	R	5321
7	W	5321
6	R	5321
50	N	5321
50	J	5322
51	N	5322
51	J	5322
52	N	5323
52	J	5323
53	N	5323
53	J	5324
54	N	5324
54	J	5324
55	N	5325
55	J	5325
56	N	5325
56	J	5326
6	W	5329
56	R	5329
56	W	5329
55	R	5329
55	W	5329
54	R	5329
54	W	5329
53	R	5329
53	W	5329
52	R	5329
52	W	5329
51	R	5329
51	W	5330
50	R	5330
50	W	5330
0	R	5330
49	J	5417
49	R	5417
49	W	5417
0	R	5417
48	J	5418
47	J	5418
46	J	5418
45	J	5418
44	J	5418
43	J	5418
42	J	5418
41	J	5418
40	J	5418
48	R	5418
48	W	5418
47	R	5418
47	W	5418
46	R	5418
46	W	5418
45	R	5418
45	W	5418
44	R	5418
44	W	5418
43	R	5418
43	W	5418
42	R	5418
42	W	5418
41	R	5419
41	W	5419
39	J	5419
38	J	5419
37	J	5419
36	J	5419
35	J	5419
34	J	5419
33	J	5419
32	J	5419
31	J	5419
30	J	5419
40	R	5419
40	W	5419
38	R	5419
38	W	5419
37	R	5419
37	W	5419
36	R	5419
36	W	5419
35	R	5419
35	W	5419
29	J	5420
28	J	5420
27	J	5420
26	J	5420
25	J	5420
24	J	5420
23	J	5420
22	J	5420
34	R	5420
34	W	5420
33	R	5420
33	W	5420
32	R	5420
32	W	5420
31	R	5420
31	W	5420
29	R	5420
29	W	5420
28	R	5420
28	W	5420
27	R	5420
27	W	5420
26	R	5420
26	W	5421
21	J	5421
20	J	5421
19	J	5421
18	J	5421
17	J	5421
16	J	5421
15	J	5421
14	J	5421
13	J	5421
12	J	5421
25	R	5421
25	W	5421
24	R	5421
24	W	5421
23	R	5421
23	W	5421
22	R	5421
22	W	5421
20	R	5421
20	W	5421
19	R	5421
19	W	5421
18	R	5421
18	W	5422
11	J	5422
10	J	5422
9	J	5422
8	J	5422
7	J	5422
17	R	5422
17	W	5422
16	R	5422
16	W	5422
15	R	5422
15	W	5422
14	R	5422
14	W	5422
13	R	5422
13	W	5422
11	R	5422
11	W	5422
10	R	5422
10	W	5422
9	R	5422
9	W	5422
8	R	5423
8	W	5423
7	R	5423
7	W	5423
39	R	5423
39	W	5423
30	R	5423
30	W	5423
21	R	5423
21	W	5423
12	R	5423
12	W	5423
0	R	5423
56	J	5430
55	J	5430
54	J	5430
53	J	5430
52	J	5430
56	R	5430
56	W	5430
55	R	5430
55	W	5430
54	R	5430
54	W	5430
53	R	5430
53	W	5430
52	R	5430
52	W	5430
0	R	5430
51	J	5431
50	J	5431
50	R	5431
50	W	5431
51	R	5431
51	W	5431
0	R	5431
49	J	5518
49	R	5518
49	W	5518
0	R	5518
48	J	5519
47	J	5519
46	J	5519
45	J	5519
44	J	5519
43	J	5519
42	J	5519
48	R	5519
48	W	5519
47	R	5519
47	W	5519
46	R	5519
46	W	5519
45	R	5519
45	W	5519
44	R	5519
44	W	5519
43	R	5519
43	W	5519
42	R	5519
42	W	5519
0	R	5519
41	J	5520
40	J	5520
38	J	5520
37	J	5520
36	J	5520
35	J	5520
41	R	5520
41	W	5520
40	R	5520
40	W	5520
38	R	5520
38	W	5520
37	R	5520
37	W	5520
36	R	5520
36	W	5520
35	R	5520
35	W	5520
0	R	5520
34	J	5521
33	J	5521
32	J	5521
31	J	5521
29	J	5521
28	J	5521
27	J	5521
34	R	5521
34	W	5521
33	R	5521
33	W	5521
32	R	5521
32	W	5521
31	R	5521
31	W	5521
29	R	5521
29	W	5521
28	R	5521
28	W	5521
27	R	5521
27	W	5521
0	R	5521
26	J	5522
25	J	5522
24	J	5522
23	J	5522
22	J	5522
20	J	5522
19	J	5522
26	R	5522
26	W	5522
25	R	5522
25	W	5522
24	R	5522
24	W	5522
23	R	5522
23	W	5522
22	R	5522
22	W	5522
20	R	5522
20	W	5522
19	R	5522
19	W	5522
0	R	5522
17	J	5523
16	J	5523
15	J	5523
14	J	5523
13	J	5523
11	J	5523
10	J	5523
9	J	5523
17	R	5523
17	W	5523
18	J	5523
18	R	5523
18	W	5523
16	R	5523
16	W	5523
15	R	5523
15	W	5523
14	R	5523
14	W	5523
13	R	5523
13	W	5523
39	J	5524
30	J	5524
21	J	5524
12	J	5524
8	J	5524
7	J	5524
11	R	5524
11	W	5524
10	R	5524
10	W	5524
8	R	5524
8	W	5524
7	R	5524
7	W	5524
39	R	5524
39	W	5524
30	R	5524
30	W	5524
21	R	5524
21	W	5524
12	R	5524
12	W	5524
9	R	5525
9	W	5525
0	R	5525
56	J	5531
55	J	5531
54	J	5531
53	J	5531
52	J	5531
56	R	5531
56	W	5531
55	R	5531
55	W	5531
54	R	5531
54	W	5531
53	R	5531
53	W	5531
52	R	5531
52	W	5531
0	R	5531
51	J	5532
50	J	5532
50	R	5532
50	W	5532
51	R	5532
51	W	5532
0	R	5532
49	J	5619
49	R	5619
49	W	5619
0	R	5619
48	J	5620
47	J	5620
46	J	5620
45	J	5620
44	J	5620
43	J	5620
42	J	5620
48	R	5620
48	W	5620
47	R	5620
47	W	5620
46	R	5620
46	W	5620
45	R	5620
45	W	5620
44	R	5620
44	W	5620
43	R	5620
43	W	5620
42	R	5620
42	W	5620
0	R	5620
41	J	5621
40	J	5621
38	J	5621
37	J	5621
36	J	5621
35	J	5621
41	R	5621
41	W	5621
40	R	5621
40	W	5621
38	R	5621
38	W	5621
37	R	5621
37	W	5621
36	R	5621
36	W	5621
35	R	5621
35	W	5621
0	R	5621
34	J	5622
33	J	5622
32	J	5622
31	J	5622
29	J	5622
28	J	5622
27	J	5622
34	R	5622
34	W	5622
33	R	5622
33	W	5622
32	R	5622
32	W	5622
31	R	5622
31	W	5622
29	R	5622
29	W	5622
28	R	5622
28	W	5622
27	R	5622
27	W	5622
0	R	5622
26	J	5623
25	J	5623
24	J	5623
23	J	5623
22	J	5623
20	J	5623
19	J	5623
26	R	5623
26	W	5623
25	R	5623
25	W	5623
24	R	5623
24	W	5623
23	R	5623
23	W	5623
22	R	5623
22	W	5623
20	R	5623
20	W	5623
19	R	5623
19	W	5623
0	R	5623
18	J	5624
17	J	5624
16	J	5624
15	J	5624
14	J	5624
13	J	5624
18	R	5624
18	W	5624
17	R	5624
17	W	5624
16	R	5624
16	W	5624
15	R	5624
15	W	5624
14	R	5624
14	W	5624
13	R	5624
13	W	5624
0	R	5624
39	J	5625
30	J	5625
21	J	5625
12	J	5625
11	J	5625
10	J	5625
8	J	5625
7	J	5625
11	R	5625
11	W	5625
10	R	5625
10	W	5625
8	R	5625
8	W	5625
7	R	5625
7	W	5625
39	R	5625
39	W	5625
30	R	5625
30	W	5625
21	R	5625
21	W	5625
12	R	5625
12	W	5626
9	J	5626
9	R	5626
9	W	5626
0	R	5626
56	J	5632
55	J	5632
54	J	5632
53	J	5632
52	J	5632
56	R	5632
56	W	5632
55	R	5632
55	W	5632
54	R	5632
54	W	5632
53	R	5632
53	W	5632
52	R	5632
52	W	5632
0	R	5633
51	J	5633
50	J	5633
50	R	5633
50	W	5633
51	R	5633
51	W	5633
0	R	5633
49	J	5720
49	R	5720
49	W	5720
0	R	5720
48	J	5721
47	J	5721
46	J	5721
45	J	5721
44	J	5721
43	J	5721
42	J	5721
48	R	5721
48	W	5721
47	R	5721
47	W	5721
46	R	5721
46	W	5721
45	R	5721
45	W	5721
44	R	5721
44	W	5721
43	R	5721
43	W	5721
42	R	5721
42	W	5721
41	J	5722
40	J	5722
38	J	5722
37	J	5722
36	J	5722
35	J	5722
41	R	5722
41	W	5722
40	R	5722
40	W	5722
38	R	5722
38	W	5722
37	R	5722
37	W	5722
36	R	5722
36	W	5722
35	R	5722
35	W	5722
0	R	5722
34	J	5723
33	J	5723
32	J	5723
31	J	5723
29	J	5723
28	J	5723
27	J	5723
34	R	5723
34	W	5723
33	R	5723
33	W	5723
32	R	5723
32	W	5723
31	R	5723
31	W	5723
29	R	5723
29	W	5723
28	R	5723
28	W	5723
27	R	5723
27	W	5723
26	J	5724
25	J	5724
24	J	5724
23	J	5724
22	J	5724
20	J	5724
19	J	5724
26	R	5724
26	W	5724
25	R	5724
25	W	5724
24	R	5724
24	W	5724
23	R	5724
23	W	5724
22	R	5724
22	W	5724
20	R	5724
20	W	5724
19	R	5724
19	W	5725
18	J	5725
17	J	5725
16	J	5725
15	J	5725
14	J	5725
13	J	5725
18	R	5725
18	W	5725
17	R	5725
17	W	5725
16	R	5725
16	W	5725
15	R	5725
15	W	5725
14	R	5725
14	W	5725
13	R	5725
13	W	5726
39	J	5726
30	J	5726
21	J	5726
11	J	5726
10	J	5726
8	J	5726
7	J	5726
11	R	5726
11	W	5726
10	R	5726
10	W	5726
8	R	5726
8	W	5726
7	R	5726
7	W	5726
39	R	5726
39	W	5726
30	R	5726
30	W	5726
21	R	5726
21	W	5727
12	J	5727
9	J	5727
9	R	5727
9	W	5727
12	R	5727
12	W	5727
0	R	5727
56	J	5733
55	J	5733
54	J	5733
53	J	5733
52	J	5733
56	R	5733
56	W	5733
55	R	5733
55	W	5733
54	R	5733
54	W	5733
53	R	5733
53	W	5733
52	R	5733
52	W	5733
0	R	5733
51	J	5734
50	J	5734
50	R	5734
50	W	5734
51	R	5734
51	W	5734
0	R	5734
49	J	5821
49	R	5821
49	W	5821
0	R	5821
48	J	5822
47	J	5822
46	J	5822
45	J	5822
44	J	5822
43	J	5822
42	J	5822
48	R	5822
48	W	5822
47	R	5822
47	W	5822
46	R	5822
46	W	5822
45	R	5822
45	W	5822
44	R	5822
44	W	5822
43	R	5822
43	W	5822
42	R	5822
42	W	5822
41	J	5823
40	J	5823
38	J	5823
37	J	5823
36	J	5823
35	J	5823
41	R	5823
41	W	5823
40	R	5823
40	W	5823
38	R	5823
38	W	5823
37	R	5823
37	W	5823
36	R	5823
36	W	5823
35	R	5823
35	W	5823
34	J	5824
33	J	5824
32	J	5824
31	J	5824
29	J	5824
28	J	5824
27	J	5824
34	R	5824
34	W	5824
33	R	5824
33	W	5824
32	R	5824
32	W	5824
31	R	5824
31	W	5824
29	R	5824
29	W	5824
28	R	5824
28	W	5824
27	R	5824
27	W	5825
26	J	5825
25	J	5825
24	J	5825
23	J	5825
22	J	5825
20	J	5825
26	R	5825
26	W	5825
25	R	5825
25	W	5825
24	R	5825
24	W	5825
23	R	5825
23	W	5825
22	R	5825
22	W	5825
20	R	5825
20	W	5825
0	R	5825
19	J	5826
18	J	5826
17	J	5826
16	J	5826
15	J	5826
14	J	5826
18	R	5826
18	W	5826
17	R	5826
17	W	5826
16	R	5826
16	W	5826
15	R	5826
15	W	5826
14	R	5826
14	W	5826
19	R	5826
19	W	5826
0	R	5826
39	J	5827
30	J	5827
13	J	5827
11	J	5827
10	J	5827
8	J	5827
7	J	5827
11	R	5827
11	W	5827
10	R	5827
10	W	5827
8	R	5827
8	W	5827
7	R	5827
7	W	5827
39	R	5827
39	W	5827
13	R	5827
13	W	5827
30	R	5827
30	W	5827
21	J	5828
12	J	5828
9	J	5828
9	R	5828
9	W	5828
21	R	5828
21	W	5828
12	R	5828
12	W	5828
0	R	5828
56	J	5834
55	J	5834
54	J	5834
53	J	5834
52	J	5834
56	R	5834
56	W	5834
55	R	5834
55	W	5834
54	R	5834
54	W	5834
53	R	5834
53	W	5834
52	R	5834
52	W	5834
0	R	5834
51	J	5835
50	J	5835
50	R	5835
50	W	5835
51	R	5835
51	W	5835
0	R	5835
49	J	5922
49	R	5922
49	W	5922
0	R	5922
48	J	5923
47	J	5923
46	J	5923
45	J	5923
44	J	5923
43	J	5923
42	J	5923
48	R	5923
48	W	5923
47	R	5923
47	W	5923
46	R	5923
46	W	5923
45	R	5923
45	W	5923
44	R	5923
44	W	5923
43	R	5923
43	W	5923
42	R	5923
42	W	5923
41	J	5924
40	J	5924
38	J	5924
37	J	5924
36	J	5924
35	J	5924
41	R	5924
41	W	5924
40	R	5924
40	W	5924
38	R	5924
38	W	5924
37	R	5924
37	W	5924
36	R	5924
36	W	5924
35	R	5924
35	W	5924
0	R	5924
28	J	5925
28	R	5925
28	W	5925
34	J	5925
33	J	5925
32	J	5925
31	J	5925
29	J	5925
34	R	5925
34	W	5925
33	R	5925
33	W	5925
32	R	5925
32	W	5925
31	R	5925
31	W	5925
29	R	5925
29	W	5925
0	R	5925
27	J	5926
26	J	5926
25	J	5926
24	J	5926
23	J	5926
22	J	5926
20	J	5926
26	R	5926
26	W	5926
25	R	5926
25	W	5926
24	R	5926
24	W	5926
23	R	5926
23	W	5926
22	R	5926
22	W	5926
20	R	5926
20	W	5926
27	R	5926
27	W	5926
19	J	5927
18	J	5927
17	J	5927
16	J	5927
15	J	5927
14	J	5927
18	R	5927
18	W	5927
17	R	5927
17	W	5927
16	R	5927
16	W	5927
15	R	5927
15	W	5927
14	R	5927
14	W	5927
19	R	5927
19	W	5927
39	J	5928
30	J	5928
13	J	5928
11	J	5928
10	J	5928
8	J	5928
7	J	5928
11	R	5928
11	W	5928
10	R	5928
10	W	5928
8	R	5928
8	W	5928
7	R	5928
7	W	5928
39	R	5928
39	W	5928
13	R	5928
13	W	5928
30	R	5928
30	W	5928
21	J	5929
12	J	5929
9	J	5929
9	R	5929
9	W	5929
21	R	5929
21	W	5929
12	R	5929
12	W	5929
0	R	5929
56	J	5935
55	J	5935
54	J	5935
53	J	5935
52	J	5935
56	R	5935
56	W	5935
55	R	5935
55	W	5935
54	R	5935
54	W	5935
53	R	5935
53	W	5935
52	R	5935
52	W	5935
0	R	5935
51	J	5936
50	J	5936
50	R	5936
50	W	5936
51	R	5936
51	W	5936
0	R	5936
49	J	6023
49	R	6023
49	W	6023
0	R	6023
48	J	6024
47	J	6024
46	J	6024
45	J	6024
44	J	6024
43	J	6024
42	J	6024
48	R	6024
48	W	6024
47	R	6024
47	W	6024
46	R	6024
46	W	6024
45	R	6024
45	W	6024
44	R	6024
44	W	6024
43	R	6024
43	W	6024
42	R	6024
42	W	6024
41	J	6025
40	J	6025
38	J	6025
37	J	6025
36	J	6025
35	J	6025
41	R	6025
41	W	6025
40	R	6025
40	W	6025
38	R	6025
38	W	6025
37	R	6025
37	W	6025
36	R	6025
36	W	6025
35	R	6025
35	W	6026
34	J	6026
33	J	6026
32	J	6026
31	J	6026
29	J	6026
28	J	6026
34	R	6026
34	W	6026
33	R	6026
33	W	6026
32	R	6026
32	W	6026
31	R	6026
31	W	6026
29	R	6026
29	W	6026
28	R	6026
28	W	6026
0	R	6026
27	J	6027
26	J	6027
25	J	6027
24	J	6027
23	J	6027
22	J	6027
20	J	6027
26	R	6027
26	W	6027
25	R	6027
25	W	6027
24	R	6027
24	W	6027
23	R	6027
23	W	6027
22	R	6027
22	W	6027
20	R	6027
20	W	6027
27	R	6027
27	W	6027
19	J	6028
18	J	6028
17	J	6028
16	J	6028
15	J	6028
14	J	6028
18	R	6028
18	W	6028
17	R	6028
17	W	6028
16	R	6028
16	W	6028
15	R	6028
15	W	6028
14	R	6028
14	W	6028
19	R	6028
19	W	6028
0	R	6028
39	J	6029
30	J	6029
13	J	6029
11	J	6029
10	J	6029
8	J	6029
7	J	6029
11	R	6029
11	W	6029
10	R	6029
10	W	6029
8	R	6029
8	W	6029
7	R	6029
7	W	6029
39	R	6029
39	W	6029
13	R	6029
13	W	6029
30	R	6029
30	W	6029
21	J	6030
12	J	6030
9	J	6030
9	R	6030
9	W	6030
21	R	6030
21	W	6030
12	R	6030
12	W	6030
0	R	6030
56	J	6036
55	J	6036
54	J	6036
53	J	6036
52	J	6036
56	R	6036
56	W	6036
55	R	6036
55	W	6036
54	R	6036
54	W	6036
53	R	6036
53	W	6036
52	R	6036
52	W	6036
0	R	6036
51	J	6037
50	J	6037
50	R	6037
50	W	6037
51	R	6037
51	W	6037
0	R	6037
49	J	6124
49	R	6124
49	W	6124
0	R	6124
48	J	6125
47	J	6125
46	J	6125
45	J	6125
44	J	6125
43	J	6125
42	J	6125
48	R	6125
48	W	6125
47	R	6125
47	W	6125
46	R	6125
46	W	6125
45	R	6125
45	W	6125
44	R	6125
44	W	6125
43	R	6125
43	W	6125
42	R	6125
42	W	6125
41	J	6126
40	J	6126
38	J	6126
37	J	6126
36	J	6126
41	R	6126
41	W	6126
40	R	6126
40	W	6126
38	R	6126
38	W	6126
37	R	6126
37	W	6126
36	R	6126
36	W	6126
0	R	6126
35	J	6127
34	J	6127
33	J	6127
32	J	6127
31	J	6127
29	J	6127
28	J	6127
34	R	6127
34	W	6127
33	R	6127
33	W	6127
32	R	6127
32	W	6127
31	R	6127
31	W	6127
29	R	6127
29	W	6127
28	R	6127
28	W	6127
35	R	6127
35	W	6127
27	J	6128
26	J	6128
25	J	6128
24	J	6128
23	J	6128
22	J	6128
20	J	6128
26	R	6128
26	W	6128
25	R	6128
25	W	6128
24	R	6128
24	W	6128
23	R	6128
23	W	6128
22	R	6128
22	W	6128
20	R	6128
20	W	6128
27	R	6128
27	W	6128
19	J	6129
18	J	6129
17	J	6129
16	J	6129
15	J	6129
14	J	6129
18	R	6129
18	W	6129
17	R	6129
17	W	6129
16	R	6129
16	W	6129
15	R	6129
15	W	6129
14	R	6129
14	W	6129
19	R	6129
19	W	6129
39	J	6130
30	J	6130
13	J	6130
11	J	6130
10	J	6130
8	J	6130
7	J	6130
11	R	6130
11	W	6130
10	R	6130
10	W	6130
8	R	6130
8	W	6130
7	R	6130
7	W	6130
39	R	6130
39	W	6130
13	R	6130
13	W	6130
30	R	6130
30	W	6130
21	J	6131
12	J	6131
9	J	6131
9	R	6131
9	W	6131
21	R	6131
21	W	6131
12	R	6131
12	W	6131
0	R	6131
56	J	6137
55	J	6137
54	J	6137
53	J	6137
52	J	6137
56	R	6137
56	W	6137
55	R	6137
55	W	6137
54	R	6137
54	W	6137
53	R	6137
53	W	6137
52	R	6137
52	W	6137
0	R	6137
51	J	6138
50	J	6138
50	R	6138
50	W	6138
51	R	6138
51	W	6138
0	R	6138
49	J	6225
49	R	6225
49	W	6225
0	R	6225
42	J	6226
42	R	6226
42	W	6226
48	J	6226
47	J	6226
46	J	6226
45	J	6226
44	J	6226
43	J	6226
48	R	6226
48	W	6226
47	R	6226
47	W	6226
46	R	6226
46	W	6226
45	R	6226
45	W	6226
44	R	6226
44	W	6226
43	R	6226
43	W	6226
41	J	6227
40	J	6227
38	J	6227
37	J	6227
36	J	6227
41	R	6227
41	W	6227
40	R	6227
40	W	6227
38	R	6227
38	W	6227
37	R	6227
37	W	6227
36	R	6227
36	W	6227
0	R	6227
35	J	6228
34	J	6228
33	J	6228
32	J	6228
31	J	6228
29	J	6228
28	J	6228
34	R	6228
34	W	6228
33	R	6228
33	W	6228
32	R	6228
32	W	6228
31	R	6228
31	W	6228
29	R	6228
29	W	6228
28	R	6228
28	W	6228
35	R	6228
35	W	6228
27	J	6229
26	J	6229
25	J	6229
24	J	6229
23	J	6229
22	J	6229
20	J	6229
26	R	6229
26	W	6229
25	R	6229
25	W	6229
24	R	6229
24	W	6229
23	R	6229
23	W	6229
22	R	6229
22	W	6229
20	R	6229
20	W	6229
27	R	6229
27	W	6229
19	J	6230
18	J	6230
17	J	6230
16	J	6230
15	J	6230
14	J	6230
18	R	6230
18	W	6230
17	R	6230
17	W	6230
16	R	6230
16	W	6230
15	R	6230
15	W	6230
14	R	6230
14	W	6230
19	R	6230
19	W	6230
0	R	6230
39	J	6231
30	J	6231
13	J	6231
11	J	6231
10	J	6231
8	J	6231
7	J	6231
11	R	6231
11	W	6231
10	R	6231
10	W	6231
8	R	6231
8	W	6231
7	R	6231
7	W	6231
39	R	6231
39	W	6231
13	R	6231
13	W	6231
30	R	6231
30	W	6231
21	J	6232
12	J	6232
9	J	6232
9	R	6232
9	W	6232
21	R	6232
21	W	6232
12	R	6232
12	W	6232
0	R	6232
54	J	6238
53	J	6238
52	J	6238
54	R	6238
54	W	6238
56	J	6238
55	J	6238
56	R	6238
56	W	6238
55	R	6238
55	W	6238
53	R	6238
53	W	6238
52	R	6238
52	W	6238
0	R	6238
51	J	6239
50	J	6239
50	R	6239
50	W	6239
51	R	6239
51	W	6239
0	R	6239
49	J	6326
49	R	6326
49	W	6326
0	R	6326
48	J	6327
47	J	6327
46	J	6327
45	J	6327
44	J	6327
43	J	6327
42	J	6327
48	R	6327
48	W	6327
47	R	6327
47	W	6327
46	R	6327
46	W	6327
45	R	6327
45	W	6327
44	R	6327
44	W	6327
43	R	6327
43	W	6327
42	R	6327
42	W	6327
41	J	6328
40	J	6328
38	J	6328
37	J	6328
36	J	6328
41	R	6328
41	W	6328
40	R	6328
40	W	6328
38	R	6328
38	W	6328
37	R	6328
37	W	6328
36	R	6328
36	W	6328
0	R	6328
35	J	6329
34	J	6329
33	J	6329
32	J	6329
31	J	6329
29	J	6329
28	J	6329
34	R	6329
34	W	6329
33	R	6329
33	W	6329
32	R	6329
32	W	6329
31	R	6329
31	W	6329
29	R	6329
29	W	6329
28	R	6329
28	W	6329
35	R	6329
35	W	6329
27	J	6330
26	J	6330
25	J	6330
24	J	6330
23	J	6330
22	J	6330
20	J	6330
26	R	6330
26	W	6330
25	R	6330
25	W	6330
24	R	6330
24	W	6330
23	R	6330
23	W	6330
22	R	6330
22	W	6330
20	R	6330
20	W	6330
27	R	6330
27	W	6331
19	J	6331
18	J	6331
17	J	6331
16	J	6331
15	J	6331
14	J	6331
18	R	6331
18	W	6331
17	R	6331
17	W	6331
16	R	6331
16	W	6331
15	R	6331
15	W	6331
14	R	6331
14	W	6331
19	R	6331
19	W	6332
39	J	6332
30	J	6332
13	J	6332
11	J	6332
10	J	6332
8	J	6332
7	J	6332
11	R	6332
11	W	6332
10	R	6332
10	W	6332
8	R	6332
8	W	6332
7	R	6332
7	W	6332
39	R	6332
39	W	6332
13	R	6332
13	W	6332
30	R	6332
30	W	6333
21	J	6333
12	J	6333
9	J	6333
9	R	6333
9	W	6333
21	R	6333
21	W	6333
12	R	6333
12	W	6333
0	R	6333
56	J	6339
55	J	6339
54	J	6339
53	J	6339
52	J	6339
56	R	6339
56	W	6339
55	R	6339
55	W	6339
54	R	6339
54	W	6339
53	R	6339
53	W	6339
52	R	6339
52	W	6339
0	R	6339
51	J	6340
50	J	6340
50	R	6340
50	W	6340
51	R	6340
51	W	6340
0	R	6340
49	J	6427
49	R	6427
49	W	6427
0	R	6427
48	J	6428
47	J	6428
46	J	6428
45	J	6428
44	J	6428
43	J	6428
42	J	6428
48	R	6428
48	W	6428
47	R	6428
47	W	6428
46	R	6428
46	W	6428
45	R	6428
45	W	6428
44	R	6428
44	W	6428
43	R	6428
43	W	6428
42	R	6428
42	W	6428
41	J	6429
40	J	6429
38	J	6429
37	J	6429
36	J	6429
41	R	6429
41	W	6429
40	R	6429
40	W	6429
38	R	6429
38	W	6429
37	R	6429
37	W	6429
36	R	6429
36	W	6429
0	R	6429
34	J	6430
33	J	6430
32	J	6430
31	J	6430
29	J	6430
28	J	6430
34	R	6430
34	W	6430
35	J	6430
33	R	6430
33	W	6430
32	R	6430
32	W	6430
31	R	6430
31	W	6430
29	R	6430
29	W	6430
28	R	6430
28	W	6430
35	R	6430
35	W	6430
26	J	6431
25	J	6431
24	J	6431
23	J	6431
22	J	6431
20	J	6431
26	R	6431
26	W	6431
25	R	6431
25	W	6431
24	R	6431
24	W	6431
23	R	6431
23	W	6431
22	R	6431
22	W	6431
20	R	6431
20	W	6431
0	R	6431
27	J	6432
18	J	6432
17	J	6432
16	J	6432
15	J	6432
14	J	6432
18	R	6432
18	W	6432
17	R	6432
17	W	6432
16	R	6432
16	W	6432
15	R	6432
15	W	6432
14	R	6432
14	W	6432
27	R	6432
27	W	6432
0	R	6432
39	J	6433
19	J	6433
13	J	6433
11	J	6433
10	J	6433
8	J	6433
7	J	6433
11	R	6433
11	W	6433
10	R	6433
10	W	6433
8	R	6433
8	W	6433
7	R	6433
7	W	6433
39	R	6433
39	W	6433
13	R	6433
13	W	6433
19	R	6433
19	W	6433
30	J	6434
21	J	6434
12	J	6434
9	J	6434
9	R	6434
9	W	6434
21	R	6434
21	W	6434
12	R	6434
12	W	6434
30	R	6434
30	W	6434
0	R	6434
56	J	6440
55	J	6440
54	J	6440
53	J	6440
52	J	6440
56	R	6440
56	W	6440
55	R	6440
55	W	6440
54	R	6440
54	W	6440
53	R	6440
53	W	6440
52	R	6440
52	W	6440
0	R	6440
51	J	6441
50	J	6441
50	R	6441
50	W	6441
51	R	6441
51	W	6441
0	R	6441
49	J	6528
49	R	6528
49	W	6528
0	R	6528
48	J	6529
47	J	6529
46	J	6529
45	J	6529
44	J	6529
43	J	6529
42	J	6529
48	R	6529
48	W	6529
47	R	6529
47	W	6529
46	R	6529
46	W	6529
45	R	6529
45	W	6529
44	R	6529
44	W	6529
43	R	6529
43	W	6529
42	R	6529
42	W	6529
41	J	6530
40	J	6530
38	J	6530
37	J	6530
36	J	6530
41	R	6530
41	W	6530
40	R	6530
40	W	6530
38	R	6530
38	W	6530
37	R	6530
37	W	6530
36	R	6530
36	W	6530
0	R	6530
35	J	6531
34	J	6531
33	J	6531
32	J	6531
31	J	6531
29	J	6531
28	J	6531
34	R	6531
34	W	6531
33	R	6531
33	W	6531
32	R	6531
32	W	6531
31	R	6531
31	W	6531
29	R	6531
29	W	6531
28	R	6531
28	W	6531
35	R	6531
35	W	6531
26	J	6532
25	J	6532
24	J	6532
23	J	6532
22	J	6532
20	J	6532
26	R	6532
26	W	6532
25	R	6532
25	W	6532
24	R	6532
24	W	6532
23	R	6532
23	W	6532
22	R	6532
22	W	6532
20	R	6532
20	W	6532
27	J	6533
18	J	6533
17	J	6533
16	J	6533
15	J	6533
14	J	6533
18	R	6533
18	W	6533
17	R	6533
17	W	6533
16	R	6533
16	W	6533
15	R	6533
15	W	6533
14	R	6533
14	W	6533
27	R	6533
27	W	6533
0	R	6533
39	J	6534
19	J	6534
13	J	6534
11	J	6534
10	J	6534
8	J	6534
7	J	6534
11	R	6534
11	W	6534
10	R	6534
10	W	6534
8	R	6534
8	W	6534
7	R	6534
7	W	6534
39	R	6534
39	W	6534
13	R	6534
13	W	6534
19	R	6534
19	W	6534
30	J	6535
21	J	6535
12	J	6535
9	J	6535
9	R	6535
9	W	6535
21	R	6535
21	W	6535
12	R	6535
12	W	6535
30	R	6535
30	W	6535
0	R	6535
56	J	6541
55	J	6541
54	J	6541
53	J	6541
52	J	6541
56	R	6541
56	W	6541
55	R	6541
55	W	6541
54	R	6541
54	W	6541
53	R	6541
53	W	6541
52	R	6541
52	W	6541
0	R	6541
51	J	6542
50	J	6542
50	R	6542
50	W	6542
51	R	6542
51	W	6542
0	R	6542
49	J	6629
49	R	6629
49	W	6629
0	R	6629
48	J	6630
47	J	6630
46	J	6630
45	J	6630
44	J	6630
43	J	6630
42	J	6630
48	R	6630
48	W	6630
47	R	6630
47	W	6630
46	R	6630
46	W	6630
45	R	6630
45	W	6630
44	R	6630
44	W	6630
43	R	6630
43	W	6630
42	R	6630
42	W	6630
41	J	6631
40	J	6631
38	J	6631
37	J	6631
36	J	6631
41	R	6631
41	W	6631
40	R	6631
40	W	6631
38	R	6631
38	W	6631
37	R	6631
37	W	6631
36	R	6631
36	W	6631
0	R	6631
35	J	6632
34	J	6632
33	J	6632
32	J	6632
31	J	6632
29	J	6632
28	J	6632
34	R	6632
34	W	6632
33	R	6632
33	W	6632
32	R	6632
32	W	6632
31	R	6632
31	W	6632
29	R	6632
29	W	6632
28	R	6632
28	W	6632
35	R	6632
35	W	6632
26	J	6633
25	J	6633
24	J	6633
23	J	6633
22	J	6633
20	J	6633
26	R	6633
26	W	6633
25	R	6633
25	W	6633
24	R	6633
24	W	6633
23	R	6633
23	W	6633
22	R	6633
22	W	6633
20	R	6633
20	W	6633
0	R	6633
27	J	6634
18	J	6634
17	J	6634
16	J	6634
15	J	6634
14	J	6634
18	R	6634
18	W	6634
17	R	6634
17	W	6634
16	R	6634
16	W	6634
15	R	6634
15	W	6634
14	R	6634
14	W	6634
27	R	6634
27	W	6634
0	R	6634
39	J	6635
19	J	6635
13	J	6635
11	J	6635
10	J	6635
8	J	6635
7	J	6635
11	R	6635
11	W	6635
10	R	6635
10	W	6635
8	R	6635
8	W	6635
7	R	6635
7	W	6635
39	R	6635
39	W	6635
13	R	6635
13	W	6635
19	R	6635
19	W	6635
30	J	6636
21	J	6636
12	J	6636
9	J	6636
9	R	6636
9	W	6636
21	R	6636
21	W	6636
12	R	6636
12	W	6636
30	R	6636
30	W	6636
0	R	6636
56	J	6642
55	J	6642
54	J	6642
53	J	6642
52	J	6642
56	R	6642
56	W	6642
55	R	6642
55	W	6642
54	R	6642
54	W	6642
53	R	6642
53	W	6642
52	R	6642
52	W	6642
0	R	6642
51	J	6643
50	J	6643
50	R	6643
50	W	6643
51	R	6643
51	W	6643
0	R	6643
49	J	6730
49	R	6730
49	W	6730
0	R	6730
48	J	6731
47	J	6731
46	J	6731
45	J	6731
44	J	6731
43	J	6731
42	J	6731
48	R	6731
48	W	6731
47	R	6731
47	W	6731
46	R	6731
46	W	6731
45	R	6731
45	W	6731
44	R	6731
44	W	6731
43	R	6731
43	W	6731
42	R	6731
42	W	6731
41	J	6732
40	J	6732
38	J	6732
37	J	6732
36	J	6732
41	R	6732
41	W	6732
40	R	6732
40	W	6732
38	R	6732
38	W	6732
37	R	6732
37	W	6732
36	R	6732
36	W	6732
0	R	6732
35	J	6733
34	J	6733
33	J	6733
32	J	6733
31	J	6733
29	J	6733
28	J	6733
34	R	6733
34	W	6733
33	R	6733
33	W	6733
32	R	6733
32	W	6733
31	R	6733
31	W	6733
29	R	6733
29	W	6733
28	R	6733
28	W	6733
35	R	6733
35	W	6733
26	J	6734
25	J	6734
24	J	6734
23	J	6734
22	J	6734
20	J	6734
26	R	6734
26	W	6734
25	R	6734
25	W	6734
24	R	6734
24	W	6734
23	R	6734
23	W	6734
22	R	6734
22	W	6734
20	R	6734
20	W	6735
27	J	6735
18	J	6735
17	J	6735
16	J	6735
15	J	6735
14	J	6735
18	R	6735
18	W	6735
17	R	6735
17	W	6735
16	R	6735
16	W	6735
15	R	6735
15	W	6735
14	R	6735
14	W	6735
27	R	6735
27	W	6735
0	R	6735
39	J	6736
19	J	6736
13	J	6736
11	J	6736
10	J	6736
8	J	6736
7	J	6736
11	R	6736
11	W	6736
10	R	6736
10	W	6736
8	R	6736
8	W	6736
7	R	6736
7	W	6736
39	R	6736
39	W	6736
13	R	6736
13	W	6736
19	R	6736
19	W	6736
30	J	6737
21	J	6737
12	J	6737
9	J	6737
9	R	6737
9	W	6737
21	R	6737
21	W	6737
12	R	6737
12	W	6737
30	R	6737
30	W	6737
0	R	6737
56	J	6743
55	J	6743
54	J	6743
53	J	6743
52	J	6743
56	R	6743
56	W	6743
55	R	6743
55	W	6743
54	R	6743
54	W	6743
53	R	6743
53	W	6743
52	R	6743
52	W	6743
0	R	6743
51	J	6744
50	J	6744
50	R	6744
50	W	6744
51	R	6744
51	W	6744
0	R	6744
49	J	6831
49	R	6831
49	W	6831
0	R	6831
48	J	6832
47	J	6832
46	J	6832
45	J	6832
44	J	6832
43	J	6832
42	J	6832
48	R	6832
48	W	6832
47	R	6832
47	W	6832
46	R	6832
46	W	6832
45	R	6832
45	W	6832
44	R	6832
44	W	6832
43	R	6832
43	W	6832
42	R	6832
42	W	6832
41	J	6833
40	J	6833
38	J	6833
37	J	6833
36	J	6833
41	R	6833
41	W	6833
40	R	6833
40	W	6833
38	R	6833
38	W	6833
37	R	6833
37	W	6833
36	R	6833
36	W	6833
0	R	6833
35	J	6834
34	J	6834
33	J	6834
32	J	6834
31	J	6834
29	J	6834
28	J	6834
34	R	6834
34	W	6834
33	R	6834
33	W	6834
32	R	6834
32	W	6834
31	R	6834
31	W	6834
29	R	6834
29	W	6834
28	R	6834
28	W	6834
35	R	6834
35	W	6834
26	J	6835
25	J	6835
24	J	6835
23	J	6835
22	J	6835
26	R	6835
26	W	6835
25	R	6835
25	W	6835
24	R	6835
24	W	6835
23	R	6835
23	W	6835
22	R	6835
22	W	6835
0	R	6835
27	J	6836
20	J	6836
18	J	6836
17	J	6836
16	J	6836
15	J	6836
14	J	6836
18	R	6836
18	W	6836
17	R	6836
17	W	6836
16	R	6836
16	W	6836
15	R	6836
15	W	6836
14	R	6836
14	W	6836
20	R	6836
20	W	6836
27	R	6836
27	W	6836
39	J	6837
19	J	6837
13	J	6837
11	J	6837
10	J	6837
8	J	6837
7	J	6837
11	R	6837
11	W	6837
10	R	6837
10	W	6837
8	R	6837
8	W	6837
7	R	6837
7	W	6837
39	R	6837
39	W	6837
13	R	6837
13	W	6837
19	R	6837
19	W	6837
30	J	6838
21	J	6838
12	J	6838
9	J	6838
9	R	6838
9	W	6838
21	R	6838
21	W	6838
12	R	6838
12	W	6838
30	R	6838
30	W	6838
0	R	6838
56	J	6844
55	J	6844
54	J	6844
53	J	6844
52	J	6844
56	R	6844
56	W	6844
55	R	6844
55	W	6844
54	R	6844
54	W	6844
53	R	6844
53	W	6844
52	R	6844
52	W	6844
0	R	6844
51	J	6845
50	J	6845
50	R	6845
50	W	6845
51	R	6845
51	W	6845
0	R	6845
49	J	6932
49	R	6932
49	W	6932
0	R	6932
48	J	6933
47	J	6933
46	J	6933
45	J	6933
44	J	6933
43	J	6933
42	J	6933
48	R	6933
48	W	6933
47	R	6933
47	W	6933
46	R	6933
46	W	6933
45	R	6933
45	W	6933
44	R	6933
44	W	6933
43	R	6933
43	W	6933
42	R	6933
42	W	6933
41	J	6934
40	J	6934
38	J	6934
37	J	6934
36	J	6934
41	R	6934
41	W	6934
40	R	6934
40	W	6934
38	R	6934
38	W	6934
37	R	6934
37	W	6934
36	R	6934
36	W	6934
0	R	6934
35	J	6935
34	J	6935
33	J	6935
32	J	6935
31	J	6935
29	J	6935
28	J	6935
34	R	6935
34	W	6935
33	R	6935
33	W	6935
32	R	6935
32	W	6935
31	R	6935
31	W	6935
29	R	6935
29	W	6935
28	R	6935
28	W	6935
35	R	6935
35	W	6935
26	J	6936
25	J	6936
24	J	6936
23	J	6936
22	J	6936
26	R	6936
26	W	6936
25	R	6936
25	W	6936
24	R	6936
24	W	6936
23	R	6936
23	W	6936
22	R	6936
22	W	6936
0	R	6936
27	J	6937
20	J	6937
18	J	6937
17	J	6937
16	J	6937
15	J	6937
14	J	6937
18	R	6937
18	W	6937
17	R	6937
17	W	6937
16	R	6937
16	W	6937
15	R	6937
15	W	6937
14	R	6937
14	W	6937
20	R	6937
20	W	6937
27	R	6937
27	W	6937
39	J	6938
19	J	6938
13	J	6938
11	J	6938
10	J	6938
8	J	6938
7	J	6938
11	R	6938
11	W	6938
10	R	6938
10	W	6938
8	R	6938
8	W	6938
7	R	6938
7	W	6938
39	R	6938
39	W	6938
13	R	6938
13	W	6938
19	R	6938
19	W	6938
30	J	6939
21	J	6939
12	J	6939
9	J	6939
9	R	6939
9	W	6939
21	R	6939
21	W	6939
12	R	6939
12	W	6939
30	R	6939
30	W	6939
0	R	6939
56	J	6945
55	J	6945
54	J	6945
53	J	6945
52	J	6945
56	R	6945
56	W	6945
55	R	6945
55	W	6945
54	R	6945
54	W	6945
53	R	6945
53	W	6945
52	R	6945
52	W	6945
0	R	6945
51	J	6946
50	J	6946
50	R	6946
50	W	6946
51	R	6946
51	W	6946
0	R	6946
49	J	7033
49	R	7033
49	W	7033
0	R	7033
48	J	7034
47	J	7034
46	J	7034
45	J	7034
44	J	7034
43	J	7034
42	J	7034
48	R	7034
48	W	7034
47	R	7034
47	W	7034
46	R	7034
46	W	7034
45	R	7034
45	W	7034
44	R	7034
44	W	7034
43	R	7034
43	W	7034
42	R	7034
42	W	7035
41	J	7035
40	J	7035
38	J	7035
37	J	7035
36	J	7035
41	R	7035
41	W	7035
40	R	7035
40	W	7035
38	R	7035
38	W	7035
37	R	7035
37	W	7035
36	R	7035
36	W	7035
0	R	7035
32	J	7036
31	J	7036
29	J	7036
28	J	7036
32	R	7036
32	W	7036
35	J	7036
34	J	7036
33	J	7036
34	R	7036
34	W	7036
33	R	7036
33	W	7036
31	R	7036
31	W	7036
29	R	7036
29	W	7036
28	R	7036
28	W	7036
35	R	7036
35	W	7036
26	J	7037
25	J	7037
24	J	7037
23	J	7037
22	J	7037
26	R	7037
26	W	7037
25	R	7037
25	W	7037
24	R	7037
24	W	7037
23	R	7037
23	W	7037
22	R	7037
22	W	7037
0	R	7037
27	J	7038
20	J	7038
18	J	7038
17	J	7038
16	J	7038
15	J	7038
14	J	7038
18	R	7038
18	W	7038
17	R	7038
17	W	7038
16	R	7038
16	W	7038
15	R	7038
15	W	7038
14	R	7038
14	W	7038
20	R	7038
20	W	7038
27	R	7038
27	W	7038
39	J	7039
19	J	7039
13	J	7039
11	J	7039
10	J	7039
8	J	7039
7	J	7039
11	R	7039
11	W	7039
10	R	7039
10	W	7039
8	R	7039
8	W	7039
7	R	7039
7	W	7039
39	R	7039
39	W	7039
13	R	7039
13	W	7039
19	R	7039
19	W	7039
30	J	7040
21	J	7040
12	J	7040
9	J	7040
9	R	7040
9	W	7040
21	R	7040
21	W	7040
12	R	7040
12	W	7040
30	R	7040
30	W	7040
0	R	7040
56	J	7046
55	J	7046
54	J	7046
53	J	7046
52	J	7046
56	R	7046
56	W	7046
55	R	7046
55	W	7046
54	R	7046
54	W	7046
53	R	7046
53	W	7046
52	R	7046
52	W	7046
0	R	7046
51	J	7047
50	J	7047
50	R	7047
50	W	7047
51	R	7047
51	W	7047
0	R	7047
49	J	7134
49	R	7134
49	W	7134
0	R	7134
48	J	7135
47	J	7135
46	J	7135
45	J	7135
44	J	7135
43	J	7135
48	R	7135
48	W	7135
47	R	7135
47	W	7135
46	R	7135
46	W	7135
45	R	7135
45	W	7135
44	R	7135
44	W	7135
43	R	7135
43	W	7135
0	R	7135
42	J	7136
41	J	7136
40	J	7136
38	J	7136
37	J	7136
36	J	7136
41	R	7136
41	W	7136
40	R	7136
40	W	7136
38	R	7136
38	W	7136
37	R	7136
37	W	7136
36	R	7136
36	W	7136
42	R	7136
42	W	7136
0	R	7136
35	J	7137
34	J	7137
33	J	7137
32	J	7137
31	J	7137
29	J	7137
28	J	7137
34	R	7137
34	W	7137
33	R	7137
33	W	7137
32	R	7137
32	W	7137
31	R	7137
31	W	7137
29	R	7137
29	W	7137
28	R	7137
28	W	7137
35	R	7137
35	W	7137
26	J	7138
25	J	7138
24	J	7138
23	J	7138
22	J	7138
26	R	7138
26	W	7138
25	R	7138
25	W	7138
24	R	7138
24	W	7138
23	R	7138
23	W	7138
22	R	7138
22	W	7138
0	R	7138
27	J	7139
20	J	7139
18	J	7139
17	J	7139
16	J	7139
15	J	7139
14	J	7139
18	R	7139
18	W	7139
17	R	7139
17	W	7139
16	R	7139
16	W	7139
15	R	7139
15	W	7139
14	R	7139
14	W	7139
20	R	7139
20	W	7139
27	R	7139
27	W	7139
39	J	7140
19	J	7140
13	J	7140
11	J	7140
10	J	7140
8	J	7140
7	J	7140
11	R	7140
11	W	7140
10	R	7140
10	W	7140
8	R	7140
8	W	7140
7	R	7140
7	W	7140
39	R	7140
39	W	7140
13	R	7140
13	W	7140
19	R	7140
19	W	7140
30	J	7141
21	J	7141
12	J	7141
9	J	7141
9	R	7141
9	W	7141
21	R	7141
21	W	7141
12	R	7141
12	W	7141
30	R	7141
30	W	7141
0	R	7141
56	J	7147
55	J	7147
54	J	7147
53	J	7147
52	J	7147
56	R	7147
56	W	7147
55	R	7147
55	W	7147
54	R	7147
54	W	7147
53	R	7147
53	W	7147
52	R	7147
52	W	7147
0	R	7147
51	J	7148
50	J	7148
50	R	7148
50	W	7148
51	R	7148
51	W	7148
0	R	7148
49	J	7235
49	R	7235
49	W	7235
0	R	7235
48	J	7236
47	J	7236
46	J	7236
45	J	7236
44	J	7236
43	J	7236
48	R	7236
48	W	7236
47	R	7236
47	W	7236
46	R	7236
46	W	7236
45	R	7236
45	W	7236
44	R	7236
44	W	7236
43	R	7236
43	W	7236
42	J	7237
41	J	7237
40	J	7237
38	J	7237
37	J	7237
36	J	7237
41	R	7237
41	W	7237
40	R	7237
40	W	7237
38	R	7237
38	W	7237
37	R	7237
37	W	7237
36	R	7237
36	W	7237
42	R	7237
42	W	7237
0	R	7237
35	J	7238
34	J	7238
33	J	7238
32	J	7238
31	J	7238
29	J	7238
28	J	7238
34	R	7238
34	W	7238
33	R	7238
33	W	7238
32	R	7238
32	W	7238
31	R	7238
31	W	7238
29	R	7238
29	W	7238
28	R	7238
28	W	7238
35	R	7238
35	W	7238
26	J	7239
25	J	7239
24	J	7239
23	J	7239
22	J	7239
26	R	7239
26	W	7239
25	R	7239
25	W	7239
24	R	7239
24	W	7239
23	R	7239
23	W	7239
22	R	7239
22	W	7239
0	R	7239
27	J	7240
20	J	7240
18	J	7240
17	J	7240
16	J	7240
15	J	7240
14	J	7240
18	R	7240
18	W	7240
17	R	7240
17	W	7240
16	R	7240
16	W	7240
15	R	7240
15	W	7240
14	R	7240
14	W	7240
20	R	7240
20	W	7240
27	R	7240
27	W	7240
39	J	7241
19	J	7241
13	J	7241
11	J	7241
10	J	7241
8	J	7241
7	J	7241
11	R	7241
11	W	7241
10	R	7241
10	W	7241
8	R	7241
8	W	7241
7	R	7241
7	W	7241
39	R	7241
39	W	7241
13	R	7241
13	W	7241
19	R	7241
19	W	7241
30	J	7242
21	J	7242
12	J	7242
9	J	7242
9	R	7242
9	W	7242
21	R	7242
21	W	7242
12	R	7242
12	W	7242
30	R	7242
30	W	7242
0	R	7242
56	J	7248
55	J	7248
54	J	7248
53	J	7248
52	J	7248
56	R	7248
56	W	7248
55	R	7248
55	W	7248
54	R	7248
54	W	7248
53	R	7248
53	W	7248
52	R	7248
52	W	7248
0	R	7248
51	J	7249
50	J	7249
50	R	7249
50	W	7249
51	R	7249
51	W	7249
0	R	7249
49	J	7336
49	R	7336
49	W	7336
0	R	7336
48	J	7337
47	J	7337
46	J	7337
45	J	7337
44	J	7337
43	J	7337
48	R	7337
48	W	7337
47	R	7337
47	W	7337
46	R	7337
46	W	7337
45	R	7337
45	W	7337
44	R	7337
44	W	7337
43	R	7337
43	W	7337
0	R	7337
42	J	7338
41	J	7338
40	J	7338
38	J	7338
37	J	7338
36	J	7338
41	R	7338
41	W	7338
40	R	7338
40	W	7338
38	R	7338
38	W	7338
37	R	7338
37	W	7338
36	R	7338
36	W	7338
42	R	7338
42	W	7338
0	R	7338
35	J	7339
34	J	7339
33	J	7339
32	J	7339
31	J	7339
29	J	7339
28	J	7339
34	R	7339
34	W	7339
33	R	7339
33	W	7339
32	R	7339
32	W	7339
31	R	7339
31	W	7339
29	R	7339
29	W	7339
28	R	7339
28	W	7339
35	R	7339
35	W	7339
26	J	7340
25	J	7340
24	J	7340
23	J	7340
22	J	7340
26	R	7340
26	W	7340
25	R	7340
25	W	7340
24	R	7340
24	W	7340
23	R	7340
23	W	7340
22	R	7340
22	W	7340
0	R	7340
27	J	7341
20	J	7341
18	J	7341
17	J	7341
16	J	7341
15	J	7341
14	J	7341
18	R	7341
18	W	7341
17	R	7341
17	W	7341
16	R	7341
16	W	7341
15	R	7341
15	W	7341
14	R	7341
14	W	7341
20	R	7341
20	W	7341
27	R	7341
27	W	7341
39	J	7342
19	J	7342
13	J	7342
11	J	7342
10	J	7342
8	J	7342
7	J	7342
11	R	7342
11	W	7342
10	R	7342
10	W	7342
8	R	7342
8	W	7342
7	R	7342
7	W	7342
39	R	7342
39	W	7342
13	R	7342
13	W	7342
19	R	7342
19	W	7342
30	J	7343
21	J	7343
12	J	7343
9	J	7343
9	R	7343
9	W	7343
21	R	7343
21	W	7343
12	R	7343
12	W	7343
30	R	7343
30	W	7343
0	R	7343
56	J	7349
55	J	7349
54	J	7349
53	J	7349
52	J	7349
56	R	7349
56	W	7349
55	R	7349
55	W	7349
54	R	7349
54	W	7349
53	R	7349
53	W	7349
52	R	7349
52	W	7349
0	R	7349
51	J	7350
50	J	7350
50	R	7350
50	W	7350
51	R	7350
51	W	7350
0	R	7350
49	J	7437
49	R	7437
49	W	7437
0	R	7437
48	J	7438
47	J	7438
46	J	7438
45	J	7438
44	J	7438
43	J	7438
48	R	7438
48	W	7438
47	R	7438
47	W	7438
46	R	7438
46	W	7438
45	R	7438
45	W	7438
44	R	7438
44	W	7438
43	R	7438
43	W	7438
42	J	7439
41	J	7439
40	J	7439
38	J	7439
37	J	7439
36	J	7439
41	R	7439
41	W	7439
40	R	7439
40	W	7439
38	R	7439
38	W	7439
37	R	7439
37	W	7439
36	R	7439
36	W	7439
42	R	7439
42	W	7439
0	R	7439
35	J	7440
34	J	7440
33	J	7440
32	J	7440
31	J	7440
29	J	7440
28	J	7440
34	R	7440
34	W	7440
33	R	7440
33	W	7440
32	R	7440
32	W	7440
31	R	7440
31	W	7440
29	R	7440
29	W	7440
28	R	7440
28	W	7440
35	R	7440
35	W	7440
26	J	7441
25	J	7441
24	J	7441
23	J	7441
22	J	7441
26	R	7441
26	W	7441
25	R	7441
25	W	7441
24	R	7441
24	W	7441
23	R	7441
23	W	7441
22	R	7441
22	W	7441
0	R	7441
27	J	7442
20	J	7442
18	J	7442
17	J	7442
16	J	7442
15	J	7442
14	J	7442
18	R	7442
18	W	7442
17	R	7442
17	W	7442
16	R	7442
16	W	7442
15	R	7442
15	W	7442
14	R	7442
14	W	7442
20	R	7442
20	W	7442
27	R	7442
27	W	7442
39	J	7443
19	J	7443
13	J	7443
11	J	7443
10	J	7443
8	J	7443
7	J	7443
11	R	7443
11	W	7443
10	R	7443
10	W	7443
8	R	7443
8	W	7443
7	R	7443
7	W	7443
39	R	7443
39	W	7443
13	R	7443
13	W	7443
19	R	7443
19	W	7443
30	J	7444
21	J	7444
12	J	7444
9	J	7444
9	R	7444
9	W	7444
21	R	7444
21	W	7444
12	R	7444
12	W	7444
30	R	7444
30	W	7444
0	R	7444
56	J	7450
55	J	7450
54	J	7450
53	J	7450
52	J	7450
56	R	7450
56	W	7450
55	R	7450
55	W	7450
54	R	7450
54	W	7450
53	R	7450
53	W	7450
52	R	7450
52	W	7450
0	R	7450
51	J	7451
50	J	7451
50	R	7451
50	W	7451
51	R	7451
51	W	7451
0	R	7451
49	J	7538
49	R	7538
49	W	7538
0	R	7538
44	J	7539
43	J	7539
44	R	7539
44	W	7539
48	J	7539
47	J	7539
46	J	7539
45	J	7539
48	R	7539
48	W	7539
47	R	7539
47	W	7539
46	R	7539
46	W	7539
45	R	7539
45	W	7539
43	R	7539
43	W	7539
0	R	7539
42	J	7540
41	J	7540
40	J	7540
38	J	7540
37	J	7540
36	J	7540
41	R	7540
41	W	7540
40	R	7540
40	W	7540
38	R	7540
38	W	7540
37	R	7540
37	W	7540
36	R	7540
36	W	7540
42	R	7540
42	W	7540
0	R	7540
35	J	7541
34	J	7541
33	J	7541
32	J	7541
31	J	7541
29	J	7541
28	J	7541
34	R	7541
34	W	7541
33	R	7541
33	W	7541
32	R	7541
32	W	7541
31	R	7541
31	W	7541
29	R	7541
29	W	7541
28	R	7541
28	W	7541
35	R	7541
35	W	7541
26	J	7542
25	J	7542
24	J	7542
23	J	7542
22	J	7542
26	R	7542
26	W	7542
25	R	7542
25	W	7542
24	R	7542
24	W	7542
23	R	7542
23	W	7542
22	R	7542
22	W	7542
0	R	7542
17	J	7543
16	J	7543
15	J	7543
14	J	7543
17	R	7543
17	W	7543
27	J	7543
20	J	7543
18	J	7543
18	R	7543
18	W	7543
16	R	7543
16	W	7543
15	R	7543
15	W	7543
14	R	7543
14	W	7543
20	R	7543
20	W	7543
27	R	7543
27	W	7543
19	J	7544
13	J	7544
11	J	7544
10	J	7544
8	J	7544
7	J	7544
11	R	7544
11	W	7544
39	J	7544
10	R	7544
10	W	7544
8	R	7544
8	W	7544
7	R	7544
7	W	7544
39	R	7544
39	W	7544
13	R	7544
13	W	7544
19	R	7544
19	W	7544
30	J	7545
21	J	7545
12	J	7545
9	J	7545
9	R	7545
9	W	7545
21	R	7545
21	W	7545
12	R	7545
12	W	7545
30	R	7545
30	W	7545
0	R	7545
56	J	7551
55	J	7551
54	J	7551
53	J	7551
52	J	7551
56	R	7551
56	W	7551
55	R	7551
55	W	7551
54	R	7551
54	W	7551
53	R	7551
53	W	7551
52	R	7551
52	W	7551
0	R	7551
51	J	7552
50	J	7552
50	R	7552
50	W	7552
51	R	7552
51	W	7552
0	R	7552
49	J	7639
49	R	7639
49	W	7639
0	R	7639
48	J	7640
47	J	7640
46	J	7640
45	J	7640
44	J	7640
43	J	7640
48	R	7640
48	W	7640
47	R	7640
47	W	7640
46	R	7640
46	W	7640
45	R	7640
45	W	7640
44	R	7640
44	W	7640
43	R	7640
43	W	7641
42	J	7641
41	J	7641
40	J	7641
38	J	7641
37	J	7641
36	J	7641
41	R	7641
41	W	7641
40	R	7641
40	W	7641
38	R	7641
38	W	7641
37	R	7641
37	W	7641
36	R	7641
36	W	7641
42	R	7641
42	W	7641
0	R	7641
35	J	7642
34	J	7642
33	J	7642
32	J	7642
31	J	7642
29	J	7642
28	J	7642
34	R	7642
34	W	7642
33	R	7642
33	W	7642
32	R	7642
32	W	7642
31	R	7642
31	W	7642
29	R	7642
29	W	7642
28	R	7642
28	W	7642
35	R	7642
35	W	7642
26	J	7643
25	J	7643
24	J	7643
23	J	7643
22	J	7643
26	R	7643
26	W	7643
25	R	7643
25	W	7643
24	R	7643
24	W	7643
23	R	7643
23	W	7643
22	R	7643
22	W	7643
0	R	7643
20	J	7644
18	J	7644
17	J	7644
16	J	7644
15	J	7644
14	J	7644
18	R	7644
18	W	7644
27	J	7644
17	R	7644
17	W	7644
16	R	7644
16	W	7644
15	R	7644
15	W	7644
14	R	7644
14	W	7644
20	R	7644
20	W	7644
27	R	7644
27	W	7644
39	J	7645
19	J	7645
13	J	7645
11	J	7645
10	J	7645
8	J	7645
7	J	7645
11	R	7645
11	W	7645
10	R	7645
10	W	7645
8	R	7645
8	W	7645
7	R	7645
7	W	7645
39	R	7645
39	W	7645
13	R	7645
13	W	7645
19	R	7645
19	W	7646
30	J	7646
21	J	7646
12	J	7646
9	J	7646
9	R	7646
9	W	7646
21	R	7646
21	W	7646
12	R	7646
12	W	7646
30	R	7646
30	W	7646
0	R	7646
56	J	7652
55	J	7652
54	J	7652
53	J	7652
52	J	7652
56	R	7652
56	W	7652
55	R	7652
55	W	7652
54	R	7652
54	W	7652
53	R	7652
53	W	7652
52	R	7652
52	W	7652
0	R	7652
51	J	7653
50	J	7653
50	R	7653
50	W	7653
51	R	7653
51	W	7653
0	R	7653
49	J	7740
49	R	7740
49	W	7740
0	R	7740
44	J	7741
44	R	7741
44	W	7741
48	J	7741
47	J	7741
46	J	7741
45	J	7741
48	R	7741
48	W	7741
47	R	7741
47	W	7741
46	R	7741
46	W	7741
45	R	7741
45	W	7741
0	R	7741
43	J	7742
42	J	7742
41	J	7742
40	J	7742
38	J	7742
37	J	7742
36	J	7742
41	R	7742
41	W	7742
40	R	7742
40	W	7742
38	R	7742
38	W	7742
37	R	7742
37	W	7742
36	R	7742
36	W	7742
43	R	7742
43	W	7742
42	R	7742
42	W	7742
35	J	7743
34	J	7743
33	J	7743
32	J	7743
31	J	7743
29	J	7743
28	J	7743
34	R	7743
34	W	7743
33	R	7743
33	W	7743
32	R	7743
32	W	7743
31	R	7743
31	W	7743
29	R	7743
29	W	7743
28	R	7743
28	W	7743
35	R	7743
35	W	7743
26	J	7744
25	J	7744
24	J	7744
23	J	7744
22	J	7744
26	R	7744
26	W	7744
25	R	7744
25	W	7744
24	R	7744
24	W	7744
23	R	7744
23	W	7744
22	R	7744
22	W	7744
0	R	7744
27	J	7745
20	J	7745
18	J	7745
17	J	7745
16	J	7745
15	J	7745
14	J	7745
18	R	7745
18	W	7745
17	R	7745
17	W	7745
16	R	7745
16	W	7745
15	R	7745
15	W	7745
14	R	7745
14	W	7745
20	R	7745
20	W	7745
27	R	7745
27	W	7745
39	J	7746
13	J	7746
11	J	7746
10	J	7746
8	J	7746
7	J	7746
11	R	7746
11	W	7746
10	R	7746
10	W	7746
8	R	7746
8	W	7746
7	R	7746
7	W	7746
39	R	7746
39	W	7746
13	R	7746
13	W	7746
0	R	7746
30	J	7747
21	J	7747
19	J	7747
12	J	7747
9	J	7747
9	R	7747
9	W	7747
21	R	7747
21	W	7747
12	R	7747
12	W	7747
30	R	7747
30	W	7747
19	R	7747
19	W	7747
0	R	7747
56	J	7753
55	J	7753
54	J	7753
53	J	7753
52	J	7753
56	R	7753
56	W	7753
55	R	7753
55	W	7753
54	R	7753
54	W	7753
53	R	7753
53	W	7753
52	R	7753
52	W	7753
0	R	7753
51	J	7754
50	J	7754
50	R	7754
50	W	7754
51	R	7754
51	W	7754
0	R	7754
49	J	7841
49	R	7841
49	E	7841
6	J	7841
6	R	7841
6	E	7842
48	J	7842
47	J	7842
46	J	7842
45	J	7842
44	J	7842
4	J	7842
48	R	7842
48	E	7842
1	J	7842
1	R	7843
43	J	7843
42	J	7843
41	J	7843
40	J	7843
38	J	7843
37	J	7843
36	J	7843
1	W	7843
47	R	7843
47	E	7843
1	J	7843
1	R	7843
1	W	7844
35	J	7844
34	J	7844
33	J	7844
32	J	7844
31	J	7844
29	J	7844
28	J	7844
46	R	7844
46	E	7844
1	J	7844
1	R	7844
1	W	7844
26	J	7845
25	J	7845
24	J	7845
23	J	7845
22	J	7845
45	R	7845
45	E	7845
1	J	7845
1	R	7845
1	W	7845
44	R	7845
44	E	7846
27	J	7846
20	J	7846
18	J	7846
17	J	7846
16	J	7846
15	J	7846
14	J	7846
1	J	7846
1	R	7846
1	W	7846
41	R	7846
41	E	7847
39	J	7847
13	J	7847
11	J	7847
10	J	7847
8	J	7847
7	J	7847
1	J	7847
1	R	7847
1	W	7847
40	R	7847
40	E	7848
30	J	7848
21	J	7848
19	J	7848
12	J	7848
9	J	7848
1	J	7848
1	R	7848
1	W	7848
38	R	7848
38	E	7848
1	J	7849
1	R	7849
1	W	7849
37	R	7849
37	E	7849
1	J	7849
1	R	7849
1	W	7849
36	R	7849
36	E	7850
1	J	7850
1	R	7850
1	W	7850
34	R	7850
34	E	7851
1	J	7851
1	R	7851
1	W	7851
33	R	7851
33	E	7851
1	J	7851
1	R	7851
1	W	7851
32	R	7852
32	E	7852
1	J	7852
1	R	7852
1	W	7852
31	R	7852
31	E	7853
1	J	7853
1	R	7853
1	W	7853
29	R	7853
29	E	7854
56	J	7854
55	J	7854
54	J	7854
53	J	7854
52	J	7854
1	J	7854
1	R	7854
1	W	7854
28	R	7854
28	E	7854
1	J	7854
1	R	7854
51	J	7855
50	J	7855
1	W	7855
26	R	7855
26	E	7855
1	J	7855
1	R	7855
1	W	7855
25	R	7855
25	E	7856
1	J	7856
1	R	7856
1	W	7856
24	R	7856
24	E	7856
1	J	7857
1	R	7857
1	W	7857
23	R	7857
23	E	7857
1	J	7857
1	R	7857
1	W	7857
22	R	7857
22	E	7858
1	J	7858
1	R	7858
1	W	7858
18	R	7858
18	E	7859
1	J	7859
1	R	7859
1	W	7859
17	R	7859
17	E	7859
1	J	7859
1	R	7859
1	W	7859
16	R	7859
16	E	7860
1	J	7860
1	R	7860
1	W	7860
15	R	7860
15	E	7861
1	J	7861
1	R	7861
1	W	7861
11	R	7861
11	E	7861
1	J	7861
1	R	7861
1	W	7861
10	R	7861
10	E	7862
1	J	7862
1	R	7862
1	W	7862
8	R	7862
8	E	7863
1	J	7863
1	R	7863
1	W	7863
7	R	7863
7	E	7863
1	J	7863
1	R	7863
1	W	7863
39	R	7863
39	E	7864
1	J	7864
1	R	7864
1	W	7864
14	R	7864
14	E	7865
1	J	7865
1	R	7865
1	W	7865
9	R	7865
9	E	7865
1	J	7865
1	R	7865
1	W	7865
21	R	7865
21	E	7866
1	J	7866
1	R	7866
1	W	7866
13	R	7866
13	E	7867
1	J	7867
1	R	7867
1	W	7867
12	R	7867
12	E	7867
1	J	7867
1	R	7867
1	W	7868
20	R	7868
20	E	7868
1	J	7868
1	R	7868
1	W	7868
43	R	7868
43	E	7869
1	J	7869
1	R	7869
1	W	7869
30	R	7869
30	E	7869
1	J	7869
1	R	7869
1	W	7869
4	R	7870
57	N	7870
57	J	7870
4	W	7871
42	R	7871
42	E	7871
1	J	7871
1	R	7871
1	W	7871
56	R	7871
56	E	7872
1	J	7872
1	R	7872
1	W	7872
55	R	7872
55	E	7873
1	J	7873
1	R	7873
1	W	7873
54	R	7873
54	E	7873
1	J	7873
1	R	7873
1	W	7873
53	R	7873
53	E	7874
1	J	7874
1	R	7874
1	W	7874
50	R	7874
50	E	7874
1	J	7875
1	R	7875
1	W	7875
57	R	7875
4	J	7877
57	E	7877
4	R	7877
4	W	7878
52	R	7878
52	E	7878
1	J	7878
1	R	7878
1	W	7878
51	R	7879
51	E	7879
1	J	7879
1	R	7879
1	W	7879
19	R	7879
19	E	7880
1	J	7880
1	R	7880
1	W	7880
27	R	7880
27	E	7880
1	J	7880
1	R	7880
1	W	7880
35	R	7880
35	E	7881
1	J	7881
1	R	7881
1	W	7881
0	R	7881
4	J	14198
4	R	14199
4	W	14199
0	R	14199
4	J	14354
4	R	14354
4	W	14354
0	R	14354
4	J	14471
4	R	14471
4	W	14471
0	R	14471
4	J	14532
4	R	14532
4	W	14532
0	R	14532
4	J	14741
4	R	14741
4	W	14741
0	R	14741
4	J	14969
4	R	14969
4	W	14970
0	R	14970
4	J	14992
4	R	14992
4	W	14992
0	R	14992
4	J	15198
4	R	15198
4	W	15198
0	R	15198
4	J	15333
4	R	15333
58	N	15335
58	J	15335
4	W	15336
58	R	15336
