1	N	48
1	J	48
0	J	48
1	R	48
2	N	49
2	J	49
1	W	49
2	R	49
3	N	64
3	J	64
2	E	68
1	J	68
1	R	68
4	N	69
4	J	69
1	W	69
3	R	69
3	W	75
4	R	75
5	N	107
5	J	107
4	W	107
5	R	107
4	J	109
5	E	110
4	R	110
4	W	115
0	R	115
4	J	2158
4	R	2158
4	W	2158
0	R	2159
4	J	2352
4	R	2352
4	W	2352
0	R	2352
4	J	2504
4	R	2504
4	W	2504
0	R	2504
4	J	2715
4	R	2715
4	W	2715
0	R	2715
4	J	2920
4	R	2920
4	W	2921
0	R	2921
4	J	3064
4	R	3064
4	W	3064
0	R	3064
3	J	3074
3	R	3074
3	W	3074
0	R	3074
4	J	3526
4	R	3526
4	W	3527
0	R	3527
4	J	3653
4	R	3653
4	W	3653
0	R	3653
4	J	4334
4	R	4334
4	W	4334
0	R	4334
4	J	4449
4	R	4449
4	W	4449
0	R	4449
4	J	4560
4	R	4560
4	W	4560
0	R	4560
4	J	4628
4	R	4628
4	W	4628
0	R	4628
4	J	4754
4	R	4754
4	W	4759
0	R	4760
4	J	5141
4	R	5141
4	W	5141
0	R	5141
4	J	5598
4	R	5598
6	N	5599
6	J	5599
4	W	5599
6	R	5600
7	N	5601
7	J	5602
8	N	5602
8	J	5602
9	N	5602
9	J	5603
10	N	5603
10	J	5604
11	N	5604
11	J	5604
12	N	5604
12	J	5605
13	N	5605
13	J	5606
14	N	5606
14	J	5606
15	N	5606
15	J	5607
6	J	5607
15	R	5607
15	W	5607
14	R	5607
14	W	5607
13	R	5607
13	W	5608
12	R	5608
12	W	5608
11	R	5608
11	W	5608
10	R	5608
10	W	5608
9	R	5608
9	W	5608
8	R	5608
8	W	5608
7	R	5608
7	W	5608
6	R	5608
16	N	5608
16	J	5609
17	N	5609
17	J	5609
18	N	5610
18	J	5610
19	N	5610
19	J	5611
20	N	5611
20	J	5611
21	N	5612
21	J	5612
22	N	5612
22	J	5613
23	N	5613
23	J	5613
24	N	5614
24	J	5614
25	N	5614
25	J	5615
6	J	5615
25	R	5615
25	W	5615
24	R	5615
24	W	5615
23	R	5615
23	W	5615
22	R	5615
22	W	5615
21	R	5615
21	W	5615
20	R	5615
20	W	5615
19	R	5616
19	W	5616
18	R	5616
18	W	5616
17	R	5616
17	W	5616
16	R	5616
16	W	5616
6	R	5616
26	N	5616
26	J	5617
27	N	5617
27	J	5617
28	N	5617
28	J	5618
29	N	5618
29	J	5619
30	N	5619
30	J	5619
31	N	5619
31	J	5620
32	N	5620
32	J	5621
33	N	5621
33	J	5621
34	N	5621
34	J	5622
35	N	5622
35	J	5623
6	J	5623
35	R	5623
35	W	5623
34	R	5623
34	W	5623
33	R	5623
33	W	5623
32	R	5623
32	W	5623
31	R	5623
31	W	5623
30	R	5623
30	W	5623
29	R	5623
29	W	5623
28	R	5623
28	W	5623
27	R	5624
27	W	5624
26	R	5624
26	W	5624
6	R	5624
36	N	5624
36	J	5624
37	N	5625
37	J	5625
38	N	5625
38	J	5626
39	N	5626
39	J	5627
40	N	5627
40	J	5627
41	N	5627
41	J	5628
42	N	5628
42	J	5629
43	N	5629
43	J	5629
44	N	5629
44	J	5630
45	N	5630
45	J	5631
6	J	5631
45	R	5631
45	W	5631
44	R	5631
44	W	5631
43	R	5631
43	W	5631
42	R	5631
42	W	5631
41	R	5631
41	W	5631
40	R	5631
40	W	5631
39	R	5631
39	W	5631
38	R	5631
38	W	5632
37	R	5632
37	W	5632
36	R	5632
36	W	5632
6	R	5632
46	N	5632
46	J	5632
47	N	5633
47	J	5633
48	N	5633
48	J	5634
49	N	5634
49	J	5634
50	N	5635
50	J	5635
51	N	5635
51	J	5636
52	N	5636
52	J	5637
53	N	5637
53	J	5637
54	N	5637
54	J	5638
55	N	5638
55	J	5639
6	J	5639
55	R	5639
55	W	5639
54	R	5639
54	W	5639
53	R	5639
53	W	5639
52	R	5639
52	W	5639
51	R	5639
51	W	5639
50	R	5639
50	W	5639
49	R	5639
49	W	5639
48	R	5639
48	W	5640
47	R	5640
47	W	5640
46	R	5640
46	W	5640
6	R	5640
56	N	5640
56	J	5640
6	W	5644
56	R	5644
56	W	5644
0	R	5644
15	J	5708
14	J	5708
15	R	5708
15	W	5708
14	R	5708
14	W	5708
0	R	5708
13	J	5709
12	J	5709
11	J	5709
10	J	5709
9	J	5709
8	J	5709
7	J	5709
13	R	5709
13	W	5709
12	R	5709
12	W	5709
11	R	5709
11	W	5709
10	R	5709
10	W	5709
9	R	5709
9	W	5709
8	R	5709
8	W	5709
7	R	5709
7	W	5710
0	R	5710
25	J	5716
24	J	5716
23	J	5716
22	J	5716
21	J	5716
20	J	5716
25	R	5716
25	W	5716
24	R	5716
24	W	5716
23	R	5716
23	W	5716
22	R	5716
22	W	5716
21	R	5716
21	W	5716
20	R	5716
20	W	5716
0	R	5716
19	J	5717
18	J	5717
17	J	5717
16	J	5717
19	R	5717
19	W	5717
18	R	5717
18	W	5717
17	R	5717
17	W	5717
16	R	5717
16	W	5717
0	R	5717
35	J	5724
34	J	5724
33	J	5724
32	J	5724
31	J	5724
30	J	5724
29	J	5724
28	J	5724
35	R	5724
35	W	5724
34	R	5724
34	W	5724
33	R	5724
33	W	5724
32	R	5724
32	W	5724
31	R	5724
31	W	5724
30	R	5724
30	W	5724
29	R	5724
29	W	5724
28	R	5724
28	W	5725
27	J	5725
26	J	5725
27	R	5725
27	W	5725
26	R	5725
26	W	5725
0	R	5725
45	J	5732
44	J	5732
43	J	5732
42	J	5732
41	J	5732
40	J	5732
39	J	5732
45	R	5732
45	W	5732
44	R	5732
44	W	5732
43	R	5732
43	W	5732
42	R	5732
42	W	5732
41	R	5732
41	W	5732
40	R	5732
40	W	5732
39	R	5732
39	W	5732
0	R	5732
38	J	5733
37	J	5733
36	J	5733
38	R	5733
38	W	5733
37	R	5733
37	W	5733
36	R	5733
36	W	5733
0	R	5733
55	J	5740
54	J	5740
53	J	5740
52	J	5740
51	J	5740
50	J	5740
49	J	5740
55	R	5740
55	W	5740
54	R	5740
54	W	5740
53	R	5740
53	W	5740
52	R	5740
52	W	5740
51	R	5740
51	W	5740
50	R	5740
50	W	5740
49	R	5740
49	W	5740
0	R	5740
48	J	5741
47	J	5741
46	J	5741
48	R	5741
48	W	5741
47	R	5741
47	W	5741
46	R	5741
46	W	5741
0	R	5741
56	J	5745
56	R	5745
56	W	5745
0	R	5745
15	J	5809
14	J	5809
15	R	5809
15	W	5809
14	R	5809
14	W	5809
0	R	5809
13	J	5810
12	J	5810
11	J	5810
10	J	5810
9	J	5810
8	J	5810
13	R	5810
13	W	5810
12	R	5810
12	W	5810
11	R	5810
11	W	5810
10	R	5810
10	W	5810
9	R	5810
9	W	5810
8	R	5810
8	W	5810
0	R	5810
7	J	5811
7	R	5811
7	W	5811
0	R	5811
25	J	5817
24	J	5817
23	J	5817
22	J	5817
21	J	5817
20	J	5817
25	R	5817
25	W	5817
24	R	5817
24	W	5817
23	R	5817
23	W	5817
22	R	5817
22	W	5817
21	R	5817
21	W	5817
20	R	5817
20	W	5817
0	R	5817
19	J	5818
18	J	5818
17	J	5818
16	J	5818
19	R	5818
19	W	5818
18	R	5818
18	W	5818
17	R	5818
17	W	5818
16	R	5818
16	W	5818
0	R	5818
35	J	5825
34	J	5825
33	J	5825
32	J	5825
31	J	5825
30	J	5825
29	J	5825
35	R	5825
35	W	5825
34	R	5825
34	W	5825
33	R	5825
33	W	5825
32	R	5825
32	W	5825
31	R	5825
31	W	5825
30	R	5825
30	W	5825
29	R	5825
29	W	5826
28	J	5826
27	J	5826
26	J	5826
28	R	5826
28	W	5826
27	R	5826
27	W	5826
26	R	5826
26	W	5826
0	R	5826
45	J	5833
44	J	5833
43	J	5833
42	J	5833
41	J	5833
40	J	5833
39	J	5833
45	R	5833
45	W	5833
44	R	5833
44	W	5833
43	R	5833
43	W	5833
42	R	5833
42	W	5833
41	R	5833
41	W	5833
40	R	5833
40	W	5833
39	R	5833
39	W	5833
0	R	5833
38	J	5834
37	J	5834
36	J	5834
38	R	5834
38	W	5834
37	R	5834
37	W	5834
36	R	5834
36	W	5834
0	R	5834
55	J	5841
54	J	5841
53	J	5841
52	J	5841
51	J	5841
50	J	5841
49	J	5841
55	R	5841
55	W	5841
54	R	5841
54	W	5841
53	R	5841
53	W	5841
52	R	5841
52	W	5841
51	R	5841
51	W	5841
50	R	5841
50	W	5841
49	R	5841
49	W	5841
0	R	5841
48	J	5842
47	J	5842
46	J	5842
48	R	5842
48	W	5842
47	R	5842
47	W	5842
46	R	5842
46	W	5842
0	R	5842
56	J	5846
56	R	5846
56	W	5846
0	R	5846
15	J	5910
14	J	5910
15	R	5910
15	W	5910
14	R	5910
14	W	5910
0	R	5910
13	J	5911
12	J	5911
11	J	5911
10	J	5911
9	J	5911
8	J	5911
13	R	5911
13	W	5911
12	R	5911
12	W	5911
11	R	5911
11	W	5911
10	R	5911
10	W	5911
9	R	5911
9	W	5911
8	R	5911
8	W	5911
0	R	5911
7	J	5912
7	R	5912
7	W	5912
0	R	5912
25	J	5918
24	J	5918
23	J	5918
22	J	5918
21	J	5918
20	J	5918
25	R	5918
25	W	5918
24	R	5918
24	W	5918
23	R	5918
23	W	5918
22	R	5918
22	W	5918
21	R	5918
21	W	5918
20	R	5918
20	W	5918
0	R	5918
19	J	5919
18	J	5919
17	J	5919
16	J	5919
19	R	5919
19	W	5919
18	R	5919
18	W	5919
17	R	5919
17	W	5919
16	R	5919
16	W	5919
0	R	5919
35	J	5926
34	J	5926
33	J	5926
32	J	5926
31	J	5926
30	J	5926
35	R	5926
35	W	5926
34	R	5926
34	W	5926
33	R	5926
33	W	5926
32	R	5926
32	W	5926
31	R	5926
31	W	5926
30	R	5926
30	W	5926
0	R	5926
29	J	5927
28	J	5927
27	J	5927
26	J	5927
28	R	5927
28	W	5927
27	R	5927
27	W	5927
26	R	5927
26	W	5927
29	R	5927
29	W	5927
0	R	5927
45	J	5934
44	J	5934
43	J	5934
42	J	5934
41	J	5934
40	J	5934
39	J	5934
45	R	5934
45	W	5934
44	R	5934
44	W	5934
43	R	5934
43	W	5934
42	R	5934
42	W	5934
41	R	5934
41	W	5934
40	R	5934
40	W	5935
38	J	5935
37	J	5935
36	J	5935
38	R	5935
38	W	5935
37	R	5935
37	W	5935
36	R	5935
36	W	5935
39	R	5935
39	W	5935
0	R	5935
55	J	5942
54	J	5942
53	J	5942
52	J	5942
51	J	5942
50	J	5942
49	J	5942
55	R	5942
55	W	5942
54	R	5942
54	W	5942
53	R	5942
53	W	5942
52	R	5942
52	W	5942
51	R	5942
51	W	5942
50	R	5942
50	W	5942
49	R	5942
49	W	5942
48	J	5943
47	J	5943
46	J	5943
48	R	5943
48	W	5943
47	R	5943
47	W	5943
46	R	5943
46	W	5943
0	R	5943
56	J	5947
56	R	5947
56	W	5947
0	R	5947
15	J	6011
14	J	6011
15	R	6011
15	W	6011
14	R	6011
14	W	6011
0	R	6011
8	J	6012
8	R	6012
8	W	6012
13	J	6012
12	J	6012
11	J	6012
10	J	6012
9	J	6012
13	R	6012
13	W	6012
12	R	6012
12	W	6012
11	R	6012
11	W	6012
10	R	6012
10	W	6012
9	R	6012
9	W	6012
0	R	6012
7	J	6013
7	R	6013
7	W	6013
0	R	6013
25	J	6019
24	J	6019
23	J	6019
22	J	6019
21	J	6019
20	J	6019
25	R	6019
25	W	6019
24	R	6019
24	W	6019
23	R	6019
23	W	6019
22	R	6019
22	W	6019
21	R	6019
21	W	6019
20	R	6019
20	W	6019
0	R	6019
19	J	6020
18	J	6020
17	J	6020
16	J	6020
19	R	6020
19	W	6020
18	R	6020
18	W	6020
17	R	6020
17	W	6020
16	R	6020
16	W	6020
0	R	6020
35	J	6027
34	J	6027
33	J	6027
32	J	6027
31	J	6027
30	J	6027
35	R	6027
35	W	6027
34	R	6027
34	W	6027
33	R	6027
33	W	6027
32	R	6027
32	W	6027
31	R	6027
31	W	6027
30	R	6027
30	W	6027
0	R	6027
29	J	6028
28	J	6028
27	J	6028
26	J	6028
28	R	6028
28	W	6028
27	R	6028
27	W	6028
26	R	6028
26	W	6028
29	R	6028
29	W	6028
0	R	6028
45	J	6035
44	J	6035
43	J	6035
42	J	6035
41	J	6035
45	R	6035
45	W	6035
44	R	6035
44	W	6035
43	R	6035
43	W	6035
42	R	6035
42	W	6035
41	R	6035
41	W	6035
0	R	6035
40	J	6036
39	J	6036
38	J	6036
37	J	6036
36	J	6036
40	R	6036
40	W	6036
38	R	6036
38	W	6036
37	R	6036
37	W	6036
36	R	6036
36	W	6036
39	R	6036
39	W	6036
0	R	6036
55	J	6043
54	J	6043
53	J	6043
52	J	6043
51	J	6043
50	J	6043
49	J	6043
55	R	6043
55	W	6043
54	R	6043
54	W	6043
53	R	6043
53	W	6043
52	R	6043
52	W	6043
51	R	6043
51	W	6043
50	R	6043
50	W	6043
49	R	6043
49	W	6043
48	J	6044
47	J	6044
46	J	6044
48	R	6044
48	W	6044
47	R	6044
47	W	6044
46	R	6044
46	W	6044
0	R	6044
56	J	6048
56	R	6048
56	W	6048
0	R	6048
15	J	6112
14	J	6112
15	R	6112
15	W	6112
14	R	6112
14	W	6112
0	R	6112
13	J	6113
12	J	6113
11	J	6113
10	J	6113
9	J	6113
8	J	6113
13	R	6113
13	W	6113
12	R	6113
12	W	6113
11	R	6113
11	W	6113
10	R	6113
10	W	6113
9	R	6113
9	W	6113
8	R	6113
8	W	6113
0	R	6113
7	J	6114
7	R	6114
7	W	6114
0	R	6114
25	J	6120
24	J	6120
23	J	6120
22	J	6120
21	J	6120
20	J	6120
25	R	6120
25	W	6120
24	R	6120
24	W	6120
23	R	6120
23	W	6120
22	R	6120
22	W	6120
21	R	6120
21	W	6120
20	R	6120
20	W	6120
0	R	6120
19	J	6121
18	J	6121
17	J	6121
16	J	6121
19	R	6121
19	W	6121
18	R	6121
18	W	6121
17	R	6121
17	W	6121
16	R	6121
16	W	6121
0	R	6121
35	J	6128
34	J	6128
33	J	6128
32	J	6128
31	J	6128
30	J	6128
35	R	6128
35	W	6128
34	R	6128
34	W	6128
33	R	6128
33	W	6128
32	R	6128
32	W	6128
31	R	6128
31	W	6128
30	R	6128
30	W	6128
0	R	6128
29	J	6129
28	J	6129
27	J	6129
26	J	6129
28	R	6129
28	W	6129
27	R	6129
27	W	6129
26	R	6129
26	W	6129
29	R	6129
29	W	6129
0	R	6129
45	J	6136
44	J	6136
43	J	6136
42	J	6136
41	J	6136
45	R	6136
45	W	6136
44	R	6136
44	W	6136
43	R	6136
43	W	6136
42	R	6136
42	W	6136
41	R	6136
41	W	6136
0	R	6136
40	J	6137
39	J	6137
38	J	6137
37	J	6137
36	J	6137
40	R	6137
40	W	6137
38	R	6137
38	W	6137
37	R	6137
37	W	6137
36	R	6137
36	W	6137
39	R	6137
39	W	6137
0	R	6137
55	J	6144
54	J	6144
53	J	6144
52	J	6144
51	J	6144
50	J	6144
49	J	6144
55	R	6144
55	W	6144
54	R	6144
54	W	6144
53	R	6144
53	W	6144
52	R	6144
52	W	6144
51	R	6144
51	W	6144
50	R	6144
50	W	6144
49	R	6144
49	W	6144
48	J	6145
47	J	6145
46	J	6145
48	R	6145
48	W	6145
47	R	6145
47	W	6145
46	R	6145
46	W	6145
0	R	6145
56	J	6149
56	R	6149
56	W	6149
0	R	6149
15	J	6213
14	J	6213
15	R	6213
15	W	6213
14	R	6213
14	W	6213
0	R	6213
13	J	6214
12	J	6214
11	J	6214
10	J	6214
9	J	6214
8	J	6214
13	R	6214
13	W	6214
12	R	6214
12	W	6214
11	R	6214
11	W	6214
10	R	6214
10	W	6214
9	R	6214
9	W	6214
8	R	6214
8	W	6214
0	R	6214
7	J	6215
7	R	6215
7	W	6215
0	R	6215
25	J	6221
24	J	6221
23	J	6221
22	J	6221
21	J	6221
20	J	6221
25	R	6221
25	W	6221
24	R	6221
24	W	6221
23	R	6221
23	W	6221
22	R	6221
22	W	6221
21	R	6221
21	W	6221
20	R	6221
20	W	6221
19	J	6222
18	J	6222
17	J	6222
16	J	6222
19	R	6222
19	W	6222
18	R	6222
18	W	6222
17	R	6222
17	W	6222
16	R	6222
16	W	6222
0	R	6222
35	J	6229
34	J	6229
33	J	6229
32	J	6229
31	J	6229
30	J	6229
35	R	6229
35	W	6229
34	R	6229
34	W	6229
33	R	6229
33	W	6229
32	R	6229
32	W	6229
31	R	6229
31	W	6229
30	R	6229
30	W	6229
0	R	6229
29	J	6230
28	J	6230
27	J	6230
26	J	6230
28	R	6230
28	W	6230
27	R	6230
27	W	6230
26	R	6230
26	W	6230
29	R	6230
29	W	6230
0	R	6230
45	J	6237
44	J	6237
43	J	6237
42	J	6237
41	J	6237
45	R	6237
45	W	6237
44	R	6237
44	W	6237
43	R	6237
43	W	6237
42	R	6237
42	W	6237
41	R	6237
41	W	6237
0	R	6237
40	J	6238
39	J	6238
38	J	6238
37	J	6238
36	J	6238
40	R	6238
40	W	6238
38	R	6238
38	W	6238
37	R	6238
37	W	6238
36	R	6238
36	W	6238
39	R	6238
39	W	6238
0	R	6238
55	J	6245
54	J	6245
53	J	6245
52	J	6245
51	J	6245
50	J	6245
49	J	6245
55	R	6245
55	W	6245
54	R	6245
54	W	6245
53	R	6245
53	W	6245
52	R	6245
52	W	6245
51	R	6245
51	W	6245
50	R	6245
50	W	6245
49	R	6245
49	W	6245
48	J	6246
47	J	6246
46	J	6246
48	R	6246
48	W	6246
47	R	6246
47	W	6246
46	R	6246
46	W	6246
0	R	6246
56	J	6250
56	R	6250
56	W	6250
0	R	6250
15	J	6314
14	J	6314
15	R	6314
15	W	6314
14	R	6314
14	W	6314
0	R	6314
13	J	6315
12	J	6315
11	J	6315
10	J	6315
9	J	6315
8	J	6315
13	R	6315
13	W	6315
12	R	6315
12	W	6315
11	R	6315
11	W	6315
10	R	6315
10	W	6315
9	R	6315
9	W	6315
8	R	6315
8	W	6315
0	R	6315
7	J	6316
7	R	6316
7	W	6316
0	R	6316
25	J	6322
24	J	6322
23	J	6322
22	J	6322
21	J	6322
20	J	6322
25	R	6322
25	W	6322
24	R	6322
24	W	6322
23	R	6322
23	W	6322
22	R	6322
22	W	6322
21	R	6322
21	W	6322
20	R	6322
20	W	6322
0	R	6322
19	J	6323
18	J	6323
17	J	6323
16	J	6323
19	R	6323
19	W	6323
18	R	6323
18	W	6323
17	R	6323
17	W	6323
16	R	6323
16	W	6323
0	R	6323
35	J	6330
34	J	6330
33	J	6330
32	J	6330
31	J	6330
30	J	6330
35	R	6330
35	W	6330
34	R	6330
34	W	6330
33	R	6330
33	W	6330
32	R	6330
32	W	6330
31	R	6330
31	W	6330
30	R	6330
30	W	6330
0	R	6330
29	J	6331
28	J	6331
27	J	6331
26	J	6331
28	R	6331
28	W	6331
27	R	6331
27	W	6331
26	R	6331
26	W	6331
29	R	6331
29	W	6331
0	R	6331
45	J	6338
44	J	6338
43	J	6338
42	J	6338
41	J	6338
45	R	6338
45	W	6338
44	R	6338
44	W	6338
43	R	6338
43	W	6338
42	R	6338
42	W	6338
41	R	6338
41	W	6338
0	R	6338
38	J	6339
37	J	6339
36	J	6339
38	R	6339
38	W	6339
40	J	6339
39	J	6339
40	R	6339
40	W	6339
37	R	6339
37	W	6339
36	R	6339
36	W	6339
39	R	6339
39	W	6339
0	R	6339
55	J	6346
54	J	6346
53	J	6346
52	J	6346
51	J	6346
50	J	6346
49	J	6346
55	R	6346
55	W	6346
54	R	6346
54	W	6346
53	R	6346
53	W	6346
52	R	6346
52	W	6346
51	R	6346
51	W	6346
50	R	6346
50	W	6346
49	R	6346
49	W	6347
48	J	6347
47	J	6347
46	J	6347
48	R	6347
48	W	6347
47	R	6347
47	W	6347
46	R	6347
46	W	6347
0	R	6347
56	J	6351
56	R	6351
56	W	6351
0	R	6351
15	J	6415
14	J	6415
15	R	6415
15	W	6415
14	R	6415
14	W	6415
0	R	6415
13	J	6416
12	J	6416
11	J	6416
10	J	6416
9	J	6416
8	J	6416
13	R	6416
13	W	6416
12	R	6416
12	W	6416
11	R	6416
11	W	6416
10	R	6416
10	W	6416
9	R	6416
9	W	6416
8	R	6416
8	W	6416
0	R	6416
7	J	6417
7	R	6417
7	W	6417
0	R	6417
25	J	6423
24	J	6423
23	J	6423
22	J	6423
21	J	6423
20	J	6423
25	R	6423
25	W	6423
24	R	6423
24	W	6423
23	R	6423
23	W	6423
22	R	6423
22	W	6423
21	R	6423
21	W	6423
20	R	6423
20	W	6423
19	J	6424
18	J	6424
17	J	6424
16	J	6424
19	R	6424
19	W	6424
18	R	6424
18	W	6424
17	R	6424
17	W	6424
16	R	6424
16	W	6424
0	R	6424
35	J	6431
34	J	6431
33	J	6431
32	J	6431
31	J	6431
30	J	6431
35	R	6431
35	W	6431
34	R	6431
34	W	6431
33	R	6431
33	W	6431
32	R	6431
32	W	6431
31	R	6431
31	W	6431
30	R	6431
30	W	6431
0	R	6431
29	J	6432
28	J	6432
27	J	6432
26	J	6432
28	R	6432
28	W	6432
27	R	6432
27	W	6432
26	R	6432
26	W	6432
29	R	6432
29	W	6432
0	R	6432
45	J	6439
44	J	6439
43	J	6439
42	J	6439
41	J	6439
45	R	6439
45	W	6439
44	R	6439
44	W	6439
43	R	6439
43	W	6439
42	R	6439
42	W	6439
41	R	6439
41	W	6439
0	R	6439
40	J	6440
39	J	6440
38	J	6440
37	J	6440
36	J	6440
40	R	6440
40	W	6440
38	R	6440
38	W	6440
37	R	6440
37	W	6440
36	R	6440
36	W	6440
39	R	6440
39	W	6440
0	R	6440
55	J	6447
54	J	6447
53	J	6447
52	J	6447
51	J	6447
50	J	6447
55	R	6447
55	W	6447
54	R	6447
54	W	6447
53	R	6447
53	W	6447
52	R	6447
52	W	6447
51	R	6447
51	W	6447
50	R	6447
50	W	6448
49	J	6448
48	J	6448
47	J	6448
46	J	6448
48	R	6448
48	W	6448
47	R	6448
47	W	6448
46	R	6448
46	W	6448
49	R	6448
49	W	6448
0	R	6448
56	J	6452
56	R	6452
56	W	6452
0	R	6452
15	J	6516
14	J	6516
15	R	6516
15	W	6516
14	R	6516
14	W	6516
0	R	6516
13	J	6517
12	J	6517
11	J	6517
10	J	6517
9	J	6517
8	J	6517
13	R	6517
13	W	6517
12	R	6517
12	W	6517
11	R	6517
11	W	6517
10	R	6517
10	W	6517
9	R	6517
9	W	6517
8	R	6517
8	W	6517
0	R	6517
7	J	6518
7	R	6518
7	W	6518
0	R	6518
25	J	6524
24	J	6524
23	J	6524
22	J	6524
21	J	6524
20	J	6524
25	R	6524
25	W	6524
24	R	6524
24	W	6524
23	R	6524
23	W	6524
22	R	6524
22	W	6524
21	R	6524
21	W	6524
20	R	6524
20	W	6524
0	R	6524
19	J	6525
18	J	6525
17	J	6525
16	J	6525
19	R	6525
19	W	6525
18	R	6525
18	W	6525
17	R	6525
17	W	6525
16	R	6525
16	W	6525
0	R	6525
35	J	6532
34	J	6532
33	J	6532
32	J	6532
31	J	6532
30	J	6532
35	R	6532
35	W	6532
34	R	6532
34	W	6532
33	R	6532
33	W	6532
32	R	6532
32	W	6532
31	R	6532
31	W	6532
30	R	6532
30	W	6532
0	R	6532
29	J	6533
28	J	6533
27	J	6533
26	J	6533
28	R	6533
28	W	6533
27	R	6533
27	W	6533
26	R	6533
26	W	6533
29	R	6533
29	W	6533
0	R	6533
45	J	6540
44	J	6540
43	J	6540
42	J	6540
41	J	6540
45	R	6540
45	W	6540
44	R	6540
44	W	6540
43	R	6540
43	W	6540
42	R	6540
42	W	6540
41	R	6540
41	W	6540
0	R	6540
40	J	6541
39	J	6541
38	J	6541
37	J	6541
36	J	6541
40	R	6541
40	W	6541
38	R	6541
38	W	6541
37	R	6541
37	W	6541
36	R	6541
36	W	6541
39	R	6541
39	W	6541
0	R	6541
55	J	6548
54	J	6548
53	J	6548
52	J	6548
51	J	6548
55	R	6548
55	W	6548
54	R	6548
54	W	6548
53	R	6548
53	W	6548
52	R	6548
52	W	6548
51	R	6548
51	W	6548
0	R	6548
50	J	6549
49	J	6549
48	J	6549
47	J	6549
46	J	6549
48	R	6549
48	W	6549
47	R	6549
47	W	6549
46	R	6549
46	W	6549
50	R	6549
50	W	6549
49	R	6549
49	W	6549
0	R	6549
56	J	6553
56	R	6553
56	W	6553
0	R	6553
15	J	6617
14	J	6617
15	R	6617
15	W	6617
14	R	6617
14	W	6617
0	R	6617
12	J	6618
11	J	6618
10	J	6618
9	J	6618
8	J	6618
12	R	6618
12	W	6618
13	J	6618
13	R	6618
13	W	6618
11	R	6618
11	W	6618
10	R	6618
10	W	6618
9	R	6618
9	W	6618
8	R	6618
8	W	6618
7	J	6619
7	R	6619
7	W	6619
0	R	6619
25	J	6625
24	J	6625
23	J	6625
22	J	6625
21	J	6625
20	J	6625
25	R	6625
25	W	6625
24	R	6625
24	W	6625
23	R	6625
23	W	6625
22	R	6625
22	W	6625
21	R	6625
21	W	6625
20	R	6625
20	W	6625
0	R	6625
19	J	6626
18	J	6626
17	J	6626
16	J	6626
19	R	6626
19	W	6626
18	R	6626
18	W	6626
17	R	6626
17	W	6626
16	R	6626
16	W	6626
0	R	6626
35	J	6633
34	J	6633
33	J	6633
32	J	6633
31	J	6633
30	J	6633
35	R	6633
35	W	6633
34	R	6633
34	W	6633
33	R	6633
33	W	6633
32	R	6633
32	W	6633
31	R	6633
31	W	6633
30	R	6633
30	W	6633
0	R	6633
29	J	6634
28	J	6634
27	J	6634
26	J	6634
28	R	6634
28	W	6634
27	R	6634
27	W	6634
26	R	6634
26	W	6634
29	R	6634
29	W	6634
0	R	6634
45	J	6641
44	J	6641
43	J	6641
42	J	6641
41	J	6641
45	R	6641
45	W	6641
44	R	6641
44	W	6641
43	R	6641
43	W	6641
42	R	6641
42	W	6641
41	R	6641
41	W	6641
0	R	6641
40	J	6642
39	J	6642
38	J	6642
37	J	6642
36	J	6642
40	R	6642
40	W	6642
38	R	6642
38	W	6642
37	R	6642
37	W	6642
36	R	6642
36	W	6642
39	R	6642
39	W	6642
0	R	6642
55	J	6649
54	J	6649
53	J	6649
52	J	6649
51	J	6649
55	R	6649
55	W	6649
54	R	6649
54	W	6649
53	R	6649
53	W	6649
52	R	6649
52	W	6649
51	R	6649
51	W	6649
0	R	6649
50	J	6650
49	J	6650
48	J	6650
47	J	6650
46	J	6650
48	R	6650
48	W	6650
47	R	6650
47	W	6650
46	R	6650
46	W	6650
50	R	6650
50	W	6650
49	R	6650
49	W	6650
0	R	6650
56	J	6654
56	R	6654
56	W	6654
0	R	6654
15	J	6718
14	J	6718
15	R	6718
15	W	6718
14	R	6718
14	W	6718
0	R	6718
13	J	6719
12	J	6719
11	J	6719
10	J	6719
9	J	6719
8	J	6719
13	R	6719
13	W	6719
12	R	6719
12	W	6719
11	R	6719
11	W	6719
10	R	6719
10	W	6719
9	R	6719
9	W	6719
8	R	6719
8	W	6719
0	R	6719
7	J	6720
7	R	6720
7	W	6720
0	R	6720
25	J	6726
24	J	6726
23	J	6726
22	J	6726
21	J	6726
20	J	6726
25	R	6726
25	W	6726
24	R	6726
24	W	6726
23	R	6726
23	W	6726
22	R	6726
22	W	6726
21	R	6726
21	W	6726
20	R	6726
20	W	6726
0	R	6726
19	J	6727
18	J	6727
17	J	6727
16	J	6727
19	R	6727
19	W	6727
18	R	6727
18	W	6727
17	R	6727
17	W	6727
16	R	6727
16	W	6727
0	R	6727
35	J	6734
34	J	6734
33	J	6734
32	J	6734
31	J	6734
30	J	6734
35	R	6734
35	W	6734
34	R	6734
34	W	6734
33	R	6734
33	W	6734
32	R	6734
32	W	6734
31	R	6734
31	W	6734
30	R	6734
30	W	6734
29	J	6735
28	J	6735
27	J	6735
26	J	6735
28	R	6735
28	W	6735
27	R	6735
27	W	6735
26	R	6735
26	W	6735
29	R	6735
29	W	6735
0	R	6735
45	J	6742
44	J	6742
43	J	6742
42	J	6742
41	J	6742
45	R	6742
45	W	6742
44	R	6742
44	W	6742
43	R	6742
43	W	6742
42	R	6742
42	W	6742
41	R	6742
41	W	6742
0	R	6742
40	J	6743
39	J	6743
38	J	6743
37	J	6743
36	J	6743
40	R	6743
40	W	6743
38	R	6743
38	W	6743
37	R	6743
37	W	6743
36	R	6743
36	W	6743
39	R	6743
39	W	6743
0	R	6743
55	J	6750
54	J	6750
53	J	6750
52	J	6750
51	J	6750
55	R	6750
55	W	6750
54	R	6750
54	W	6750
53	R	6750
53	W	6750
52	R	6750
52	W	6750
51	R	6750
51	W	6750
0	R	6750
48	J	6751
47	J	6751
46	J	6751
48	R	6751
48	W	6751
50	J	6751
49	J	6751
47	R	6751
47	W	6751
46	R	6751
46	W	6751
50	R	6751
50	W	6751
49	R	6751
49	W	6751
0	R	6751
56	J	6755
56	R	6755
56	W	6755
0	R	6755
15	J	6819
14	J	6819
15	R	6819
15	W	6819
14	R	6819
14	W	6819
0	R	6819
13	J	6820
12	J	6820
11	J	6820
10	J	6820
9	J	6820
8	J	6820
13	R	6820
13	W	6820
12	R	6820
12	W	6820
11	R	6820
11	W	6820
10	R	6820
10	W	6820
9	R	6820
9	W	6820
8	R	6820
8	W	6820
7	J	6821
7	R	6821
7	W	6821
0	R	6821
25	J	6827
24	J	6827
23	J	6827
22	J	6827
21	J	6827
20	J	6827
25	R	6827
25	W	6827
24	R	6827
24	W	6827
23	R	6827
23	W	6827
22	R	6827
22	W	6827
21	R	6827
21	W	6827
20	R	6827
20	W	6827
0	R	6827
19	J	6828
18	J	6828
17	J	6828
16	J	6828
19	R	6828
19	W	6828
18	R	6828
18	W	6828
17	R	6828
17	W	6828
16	R	6828
16	W	6828
0	R	6828
35	J	6835
34	J	6835
33	J	6835
32	J	6835
31	J	6835
30	J	6835
35	R	6835
35	W	6835
34	R	6835
34	W	6835
33	R	6835
33	W	6835
32	R	6835
32	W	6835
31	R	6835
31	W	6835
30	R	6835
30	W	6835
0	R	6835
29	J	6836
28	J	6836
27	J	6836
26	J	6836
28	R	6836
28	W	6836
27	R	6836
27	W	6836
26	R	6836
26	W	6836
29	R	6836
29	W	6836
0	R	6836
45	J	6843
44	J	6843
43	J	6843
42	J	6843
41	J	6843
45	R	6843
45	W	6843
44	R	6843
44	W	6843
43	R	6843
43	W	6843
42	R	6843
42	W	6843
41	R	6843
41	W	6843
0	R	6843
40	J	6844
39	J	6844
38	J	6844
37	J	6844
36	J	6844
40	R	6844
40	W	6844
38	R	6844
38	W	6844
37	R	6844
37	W	6844
36	R	6844
36	W	6844
39	R	6844
39	W	6844
0	R	6844
55	J	6851
54	J	6851
53	J	6851
52	J	6851
51	J	6851
55	R	6851
55	W	6851
54	R	6851
54	W	6851
53	R	6851
53	W	6851
52	R	6851
52	W	6851
51	R	6851
51	W	6851
0	R	6851
50	J	6852
49	J	6852
48	J	6852
47	J	6852
46	J	6852
48	R	6852
48	W	6852
47	R	6852
47	W	6852
46	R	6852
46	W	6852
50	R	6852
50	W	6852
49	R	6852
49	W	6852
0	R	6852
56	J	6856
56	R	6856
56	W	6856
0	R	6856
15	J	6920
14	J	6920
15	R	6920
15	W	6920
14	R	6920
14	W	6920
0	R	6920
13	J	6921
12	J	6921
11	J	6921
10	J	6921
9	J	6921
8	J	6921
13	R	6921
13	W	6921
12	R	6921
12	W	6921
11	R	6921
11	W	6921
10	R	6921
10	W	6921
9	R	6921
9	W	6921
8	R	6921
8	W	6921
0	R	6921
7	J	6922
7	R	6922
7	W	6922
0	R	6922
25	J	6928
24	J	6928
23	J	6928
22	J	6928
21	J	6928
20	J	6928
25	R	6928
25	W	6928
24	R	6928
24	W	6928
23	R	6928
23	W	6928
22	R	6928
22	W	6928
21	R	6928
21	W	6928
20	R	6928
20	W	6928
0	R	6928
19	J	6929
18	J	6929
17	J	6929
16	J	6929
19	R	6929
19	W	6929
18	R	6929
18	W	6929
17	R	6929
17	W	6929
16	R	6929
16	W	6929
0	R	6929
35	J	6936
34	J	6936
33	J	6936
32	J	6936
31	J	6936
30	J	6936
35	R	6936
35	W	6936
34	R	6936
34	W	6936
33	R	6936
33	W	6936
32	R	6936
32	W	6936
31	R	6936
31	W	6936
30	R	6936
30	W	6936
0	R	6936
29	J	6937
28	J	6937
27	J	6937
26	J	6937
28	R	6937
28	W	6937
27	R	6937
27	W	6937
26	R	6937
26	W	6937
29	R	6937
29	W	6937
0	R	6937
45	J	6944
44	J	6944
43	J	6944
42	J	6944
41	J	6944
45	R	6944
45	W	6944
44	R	6944
44	W	6944
43	R	6944
43	W	6944
42	R	6944
42	W	6944
41	R	6944
41	W	6944
0	R	6944
40	J	6945
39	J	6945
38	J	6945
37	J	6945
36	J	6945
40	R	6945
40	W	6945
38	R	6945
38	W	6945
37	R	6945
37	W	6945
36	R	6945
36	W	6945
39	R	6945
39	W	6945
0	R	6945
55	J	6952
54	J	6952
53	J	6952
52	J	6952
51	J	6952
55	R	6952
55	W	6952
54	R	6952
54	W	6952
53	R	6952
53	W	6952
52	R	6952
52	W	6952
51	R	6952
51	W	6952
0	R	6952
50	J	6953
49	J	6953
48	J	6953
47	J	6953
46	J	6953
48	R	6953
48	W	6953
47	R	6953
47	W	6953
46	R	6953
46	W	6953
50	R	6953
50	W	6953
49	R	6953
49	W	6953
0	R	6953
56	J	6957
56	R	6957
56	W	6957
0	R	6957
15	J	7021
14	J	7021
15	R	7021
15	W	7021
14	R	7021
14	W	7021
0	R	7021
13	J	7022
12	J	7022
11	J	7022
10	J	7022
9	J	7022
8	J	7022
13	R	7022
13	W	7022
12	R	7022
12	W	7022
11	R	7022
11	W	7022
10	R	7022
10	W	7022
9	R	7022
9	W	7022
8	R	7022
8	W	7022
0	R	7022
7	J	7023
7	R	7023
7	W	7023
0	R	7023
25	J	7029
24	J	7029
23	J	7029
22	J	7029
21	J	7029
20	J	7029
25	R	7029
25	W	7029
24	R	7029
24	W	7029
23	R	7029
23	W	7029
22	R	7029
22	W	7029
21	R	7029
21	W	7029
20	R	7029
20	W	7029
0	R	7029
19	J	7030
18	J	7030
17	J	7030
16	J	7030
19	R	7030
19	W	7030
18	R	7030
18	W	7030
17	R	7030
17	W	7030
16	R	7030
16	W	7030
0	R	7030
35	J	7037
34	J	7037
33	J	7037
32	J	7037
31	J	7037
30	J	7037
35	R	7037
35	W	7037
34	R	7037
34	W	7037
33	R	7037
33	W	7037
32	R	7037
32	W	7037
31	R	7037
31	W	7037
30	R	7037
30	W	7037
0	R	7037
29	J	7038
28	J	7038
27	J	7038
26	J	7038
28	R	7038
28	W	7038
27	R	7038
27	W	7038
26	R	7038
26	W	7038
29	R	7038
29	W	7038
0	R	7038
45	J	7045
44	J	7045
43	J	7045
42	J	7045
41	J	7045
45	R	7045
45	W	7045
44	R	7045
44	W	7045
43	R	7045
43	W	7045
42	R	7045
42	W	7045
41	R	7045
41	W	7045
0	R	7045
40	J	7046
39	J	7046
38	J	7046
37	J	7046
36	J	7046
40	R	7046
40	W	7046
38	R	7046
38	W	7046
37	R	7046
37	W	7046
36	R	7046
36	W	7046
39	R	7046
39	W	7046
0	R	7046
55	J	7053
54	J	7053
53	J	7053
52	J	7053
51	J	7053
55	R	7053
55	W	7053
54	R	7053
54	W	7053
53	R	7053
53	W	7053
52	R	7053
52	W	7053
51	R	7053
51	W	7053
0	R	7053
50	J	7054
49	J	7054
48	J	7054
47	J	7054
46	J	7054
48	R	7054
48	W	7054
47	R	7054
47	W	7054
46	R	7054
46	W	7054
50	R	7054
50	W	7054
49	R	7054
49	W	7054
0	R	7054
56	J	7058
56	R	7058
56	W	7058
0	R	7058
15	J	7122
14	J	7122
15	R	7122
15	W	7122
14	R	7122
14	W	7122
0	R	7122
10	J	7123
9	J	7123
8	J	7123
10	R	7123
10	W	7123
13	J	7123
12	J	7123
11	J	7123
13	R	7123
13	W	7123
12	R	7123
12	W	7123
11	R	7123
11	W	7123
9	R	7123
9	W	7123
8	R	7123
8	W	7123
0	R	7123
7	J	7124
7	R	7124
7	W	7124
0	R	7124
25	J	7130
24	J	7130
23	J	7130
22	J	7130
21	J	7130
20	J	7130
25	R	7130
25	W	7130
24	R	7130
24	W	7130
23	R	7130
23	W	7130
22	R	7130
22	W	7130
21	R	7130
21	W	7130
20	R	7130
20	W	7130
19	J	7131
18	J	7131
17	J	7131
16	J	7131
19	R	7131
19	W	7131
18	R	7131
18	W	7131
17	R	7131
17	W	7131
16	R	7131
16	W	7131
0	R	7131
35	J	7138
34	J	7138
33	J	7138
32	J	7138
31	J	7138
30	J	7138
35	R	7138
35	W	7138
34	R	7138
34	W	7138
33	R	7138
33	W	7138
32	R	7138
32	W	7138
31	R	7138
31	W	7138
30	R	7138
30	W	7138
0	R	7138
29	J	7139
28	J	7139
27	J	7139
26	J	7139
28	R	7139
28	W	7139
27	R	7139
27	W	7139
26	R	7139
26	W	7139
29	R	7139
29	W	7139
0	R	7139
45	J	7146
44	J	7146
43	J	7146
42	J	7146
41	J	7146
45	R	7146
45	W	7146
44	R	7146
44	W	7146
43	R	7146
43	W	7146
42	R	7146
42	W	7146
41	R	7146
41	W	7146
0	R	7146
40	J	7147
39	J	7147
38	J	7147
37	J	7147
36	J	7147
40	R	7147
40	W	7147
38	R	7147
38	W	7147
37	R	7147
37	W	7147
36	R	7147
36	W	7147
39	R	7147
39	W	7147
0	R	7147
55	J	7154
54	J	7154
53	J	7154
52	J	7154
51	J	7154
55	R	7154
55	W	7154
54	R	7154
54	W	7154
53	R	7154
53	W	7154
52	R	7154
52	W	7154
51	R	7154
51	W	7154
0	R	7154
50	J	7155
49	J	7155
48	J	7155
47	J	7155
46	J	7155
48	R	7155
48	W	7155
47	R	7155
47	W	7155
46	R	7155
46	W	7155
50	R	7155
50	W	7155
49	R	7155
49	W	7155
0	R	7155
56	J	7159
56	R	7159
56	W	7159
0	R	7159
15	J	7223
14	J	7223
15	R	7223
15	W	7223
14	R	7223
14	W	7223
0	R	7223
13	J	7224
12	J	7224
11	J	7224
10	J	7224
9	J	7224
8	J	7224
13	R	7224
13	W	7224
12	R	7224
12	W	7224
11	R	7224
11	W	7224
10	R	7224
10	W	7224
9	R	7224
9	W	7224
8	R	7224
8	W	7224
0	R	7224
7	J	7225
7	R	7225
7	W	7225
0	R	7225
25	J	7231
24	J	7231
23	J	7231
22	J	7231
21	J	7231
20	J	7231
25	R	7231
25	W	7231
24	R	7231
24	W	7231
23	R	7231
23	W	7231
22	R	7231
22	W	7231
21	R	7231
21	W	7231
20	R	7231
20	W	7231
0	R	7231
19	J	7232
18	J	7232
17	J	7232
16	J	7232
19	R	7232
19	W	7232
18	R	7232
18	W	7232
17	R	7232
17	W	7232
16	R	7232
16	W	7232
0	R	7232
35	J	7239
34	J	7239
33	J	7239
32	J	7239
31	J	7239
30	J	7239
35	R	7239
35	W	7239
34	R	7239
34	W	7239
33	R	7239
33	W	7239
32	R	7239
32	W	7239
31	R	7239
31	W	7239
30	R	7239
30	W	7239
0	R	7239
29	J	7240
28	J	7240
27	J	7240
26	J	7240
28	R	7240
28	W	7240
27	R	7240
27	W	7240
26	R	7240
26	W	7240
29	R	7240
29	W	7240
0	R	7240
45	J	7247
44	J	7247
43	J	7247
42	J	7247
41	J	7247
45	R	7247
45	W	7247
44	R	7247
44	W	7247
43	R	7247
43	W	7247
42	R	7247
42	W	7247
41	R	7247
41	W	7247
0	R	7247
40	J	7248
39	J	7248
38	J	7248
37	J	7248
36	J	7248
40	R	7248
40	W	7248
38	R	7248
38	W	7248
37	R	7248
37	W	7248
36	R	7248
36	W	7248
39	R	7248
39	W	7248
0	R	7248
55	J	7255
54	J	7255
53	J	7255
52	J	7255
51	J	7255
55	R	7255
55	W	7255
54	R	7255
54	W	7255
53	R	7255
53	W	7255
52	R	7255
52	W	7255
51	R	7255
51	W	7255
0	R	7255
50	J	7256
49	J	7256
48	J	7256
47	J	7256
46	J	7256
48	R	7256
48	W	7256
47	R	7256
47	W	7256
46	R	7256
46	W	7256
50	R	7256
50	W	7256
49	R	7256
49	W	7256
0	R	7256
56	J	7260
56	R	7260
56	W	7260
0	R	7260
15	J	7324
14	J	7324
15	R	7324
15	W	7324
14	R	7324
14	W	7324
0	R	7324
13	J	7325
12	J	7325
11	J	7325
10	J	7325
9	J	7325
8	J	7325
13	R	7325
13	W	7325
12	R	7325
12	W	7325
11	R	7325
11	W	7325
10	R	7325
10	W	7325
9	R	7325
9	W	7325
8	R	7325
8	W	7325
0	R	7325
7	J	7326
7	R	7326
7	W	7326
0	R	7326
25	J	7332
24	J	7332
23	J	7332
22	J	7332
21	J	7332
20	J	7332
25	R	7332
25	W	7332
24	R	7332
24	W	7332
23	R	7332
23	W	7332
22	R	7332
22	W	7332
21	R	7332
21	W	7332
20	R	7332
20	W	7332
19	J	7333
18	J	7333
17	J	7333
16	J	7333
19	R	7333
19	W	7333
18	R	7333
18	W	7333
17	R	7333
17	W	7333
16	R	7333
16	W	7333
0	R	7333
35	J	7340
34	J	7340
33	J	7340
32	J	7340
31	J	7340
30	J	7340
35	R	7340
35	W	7340
34	R	7340
34	W	7340
33	R	7340
33	W	7340
32	R	7340
32	W	7340
31	R	7340
31	W	7340
30	R	7340
30	W	7340
0	R	7340
29	J	7341
28	J	7341
27	J	7341
26	J	7341
28	R	7341
28	W	7341
27	R	7341
27	W	7341
26	R	7341
26	W	7341
29	R	7341
29	W	7341
0	R	7341
45	J	7348
44	J	7348
43	J	7348
42	J	7348
41	J	7348
45	R	7348
45	W	7348
44	R	7348
44	W	7348
43	R	7348
43	W	7348
42	R	7348
42	W	7348
41	R	7348
41	W	7348
0	R	7348
40	J	7349
39	J	7349
38	J	7349
37	J	7349
36	J	7349
40	R	7349
40	W	7349
38	R	7349
38	W	7349
37	R	7349
37	W	7349
36	R	7349
36	W	7349
39	R	7349
39	W	7349
0	R	7349
55	J	7356
54	J	7356
53	J	7356
52	J	7356
51	J	7356
55	R	7356
55	W	7356
54	R	7356
54	W	7356
53	R	7356
53	W	7356
52	R	7356
52	W	7356
51	R	7356
51	W	7356
0	R	7356
50	J	7357
49	J	7357
48	J	7357
47	J	7357
46	J	7357
48	R	7357
48	W	7357
47	R	7357
47	W	7357
46	R	7357
46	W	7357
50	R	7357
50	W	7357
49	R	7357
49	W	7357
0	R	7357
56	J	7361
56	R	7361
56	W	7361
0	R	7361
15	J	7425
14	J	7425
15	R	7425
15	W	7425
14	R	7425
14	W	7425
0	R	7425
13	J	7426
12	J	7426
11	J	7426
10	J	7426
9	J	7426
8	J	7426
13	R	7426
13	W	7426
12	R	7426
12	W	7426
11	R	7426
11	W	7426
10	R	7426
10	W	7426
9	R	7426
9	W	7426
8	R	7426
8	W	7426
0	R	7426
7	J	7427
7	R	7427
7	W	7427
0	R	7427
25	J	7433
24	J	7433
23	J	7433
22	J	7433
21	J	7433
20	J	7433
25	R	7433
25	W	7433
24	R	7433
24	W	7433
23	R	7433
23	W	7433
22	R	7433
22	W	7433
21	R	7433
21	W	7433
20	R	7433
20	W	7433
0	R	7433
19	J	7434
18	J	7434
17	J	7434
16	J	7434
19	R	7434
19	W	7434
18	R	7434
18	W	7434
17	R	7434
17	W	7434
16	R	7434
16	W	7434
0	R	7434
35	J	7441
34	J	7441
33	J	7441
32	J	7441
31	J	7441
30	J	7441
35	R	7441
35	W	7441
34	R	7441
34	W	7441
33	R	7441
33	W	7441
32	R	7441
32	W	7441
31	R	7441
31	W	7441
30	R	7441
30	W	7441
0	R	7441
29	J	7442
28	J	7442
27	J	7442
26	J	7442
28	R	7442
28	W	7442
27	R	7442
27	W	7442
26	R	7442
26	W	7442
29	R	7442
29	W	7442
0	R	7442
45	J	7449
44	J	7449
43	J	7449
42	J	7449
41	J	7449
45	R	7449
45	W	7449
44	R	7449
44	W	7449
43	R	7449
43	W	7449
42	R	7449
42	W	7449
41	R	7449
41	W	7449
0	R	7449
40	J	7450
39	J	7450
38	J	7450
37	J	7450
36	J	7450
40	R	7450
40	W	7450
38	R	7450
38	W	7450
37	R	7450
37	W	7450
36	R	7450
36	W	7450
39	R	7450
39	W	7450
0	R	7450
55	J	7457
54	J	7457
53	J	7457
52	J	7457
51	J	7457
55	R	7457
55	W	7457
54	R	7457
54	W	7457
53	R	7457
53	W	7457
52	R	7457
52	W	7457
51	R	7457
51	W	7457
0	R	7457
50	J	7458
49	J	7458
48	J	7458
47	J	7458
46	J	7458
48	R	7458
48	W	7458
47	R	7458
47	W	7458
46	R	7458
46	W	7458
50	R	7458
50	W	7458
49	R	7458
49	W	7458
0	R	7458
56	J	7462
56	R	7462
56	W	7462
0	R	7462
15	J	7526
14	J	7526
15	R	7526
15	W	7526
14	R	7526
14	W	7526
0	R	7526
13	J	7527
12	J	7527
11	J	7527
10	J	7527
9	J	7527
8	J	7527
13	R	7527
13	W	7527
12	R	7527
12	W	7527
11	R	7527
11	W	7527
10	R	7527
10	W	7527
9	R	7527
9	W	7527
8	R	7527
8	W	7527
7	J	7528
7	R	7528
7	W	7528
0	R	7528
23	J	7534
22	J	7534
21	J	7534
20	J	7534
23	R	7534
23	W	7534
25	J	7534
24	J	7534
25	R	7534
25	W	7534
24	R	7534
24	W	7534
22	R	7534
22	W	7534
21	R	7534
21	W	7534
20	R	7534
20	W	7534
0	R	7534
19	J	7535
18	J	7535
17	J	7535
16	J	7535
19	R	7535
19	W	7535
18	R	7535
18	W	7535
17	R	7535
17	W	7535
16	R	7535
16	W	7535
0	R	7535
35	J	7542
34	J	7542
33	J	7542
32	J	7542
31	J	7542
30	J	7542
35	R	7542
35	W	7542
34	R	7542
34	W	7542
33	R	7542
33	W	7542
32	R	7542
32	W	7542
31	R	7542
31	W	7542
30	R	7542
30	W	7542
0	R	7542
29	J	7543
28	J	7543
27	J	7543
26	J	7543
28	R	7543
28	W	7543
27	R	7543
27	W	7543
26	R	7543
26	W	7543
29	R	7543
29	W	7543
0	R	7543
45	J	7550
44	J	7550
43	J	7550
42	J	7550
41	J	7550
45	R	7550
45	W	7550
44	R	7550
44	W	7550
43	R	7550
43	W	7550
42	R	7550
42	W	7550
41	R	7550
41	W	7550
0	R	7550
40	J	7551
39	J	7551
38	J	7551
37	J	7551
36	J	7551
40	R	7551
40	W	7551
38	R	7551
38	W	7551
37	R	7551
37	W	7551
36	R	7551
36	W	7551
39	R	7551
39	W	7551
0	R	7551
55	J	7558
54	J	7558
53	J	7558
52	J	7558
51	J	7558
55	R	7558
55	W	7558
54	R	7558
54	W	7558
53	R	7558
53	W	7558
52	R	7558
52	W	7558
51	R	7558
51	W	7558
0	R	7558
50	J	7559
49	J	7559
48	J	7559
47	J	7559
46	J	7559
48	R	7559
48	W	7559
47	R	7559
47	W	7559
46	R	7559
46	W	7559
50	R	7559
50	W	7559
49	R	7559
49	W	7559
0	R	7559
56	J	7563
56	R	7563
56	W	7563
0	R	7563
15	J	7627
14	J	7627
15	R	7627
15	W	7627
14	R	7627
14	W	7627
0	R	7627
13	J	7628
12	J	7628
11	J	7628
10	J	7628
9	J	7628
8	J	7628
13	R	7628
13	W	7628
12	R	7628
12	W	7628
11	R	7628
11	W	7628
10	R	7628
10	W	7628
9	R	7628
9	W	7628
8	R	7628
8	W	7628
0	R	7628
7	J	7629
7	R	7629
7	W	7629
0	R	7629
25	J	7635
24	J	7635
23	J	7635
22	J	7635
21	J	7635
20	J	7635
25	R	7635
25	W	7635
24	R	7635
24	W	7635
23	R	7635
23	W	7635
22	R	7635
22	W	7635
21	R	7635
21	W	7635
20	R	7635
20	W	7635
0	R	7635
16	J	7636
16	R	7636
16	W	7636
19	J	7636
18	J	7636
17	J	7636
19	R	7636
19	W	7636
18	R	7636
18	W	7636
17	R	7636
17	W	7636
0	R	7636
35	J	7643
34	J	7643
33	J	7643
32	J	7643
31	J	7643
30	J	7643
35	R	7643
35	W	7643
34	R	7643
34	W	7643
33	R	7643
33	W	7643
32	R	7643
32	W	7643
31	R	7643
31	W	7643
30	R	7643
30	W	7644
29	J	7644
28	J	7644
27	J	7644
26	J	7644
28	R	7644
28	W	7644
27	R	7644
27	W	7644
26	R	7644
26	W	7644
29	R	7644
29	W	7644
0	R	7644
45	J	7651
44	J	7651
43	J	7651
42	J	7651
41	J	7651
45	R	7651
45	W	7651
44	R	7651
44	W	7651
43	R	7651
43	W	7651
42	R	7651
42	W	7651
41	R	7651
41	W	7651
0	R	7651
40	J	7652
39	J	7652
38	J	7652
37	J	7652
36	J	7652
40	R	7652
40	W	7652
38	R	7652
38	W	7652
37	R	7652
37	W	7652
36	R	7652
36	W	7652
39	R	7652
39	W	7652
0	R	7652
55	J	7659
54	J	7659
53	J	7659
52	J	7659
51	J	7659
55	R	7659
55	W	7659
54	R	7659
54	W	7659
53	R	7659
53	W	7659
52	R	7659
52	W	7659
51	R	7659
51	W	7659
0	R	7659
50	J	7660
49	J	7660
48	J	7660
47	J	7660
46	J	7660
48	R	7660
48	W	7660
47	R	7660
47	W	7660
46	R	7660
46	W	7660
50	R	7660
50	W	7660
49	R	7660
49	W	7660
0	R	7660
56	J	7664
56	R	7664
56	W	7664
0	R	7664
15	J	7728
14	J	7728
15	R	7728
15	W	7728
14	R	7728
14	W	7728
0	R	7728
13	J	7729
12	J	7729
11	J	7729
10	J	7729
9	J	7729
8	J	7729
13	R	7729
13	W	7729
12	R	7729
12	W	7729
11	R	7729
11	W	7729
10	R	7729
10	W	7729
9	R	7729
9	W	7729
8	R	7729
8	W	7729
7	J	7730
7	R	7730
7	W	7730
0	R	7730
25	J	7736
24	J	7736
23	J	7736
22	J	7736
21	J	7736
20	J	7736
25	R	7736
25	W	7736
24	R	7736
24	W	7736
23	R	7736
23	W	7736
22	R	7736
22	W	7736
21	R	7736
21	W	7736
20	R	7736
20	W	7736
0	R	7736
19	J	7737
18	J	7737
17	J	7737
16	J	7737
19	R	7737
19	W	7737
18	R	7737
18	W	7737
17	R	7737
17	W	7737
16	R	7737
16	W	7737
0	R	7737
35	J	7744
34	J	7744
33	J	7744
32	J	7744
31	J	7744
35	R	7744
35	W	7744
34	R	7744
34	W	7744
33	R	7744
33	W	7744
32	R	7744
32	W	7744
31	R	7744
31	W	7744
0	R	7744
30	J	7745
29	J	7745
28	J	7745
27	J	7745
26	J	7745
28	R	7745
28	W	7745
27	R	7745
27	W	7745
26	R	7745
26	W	7745
29	R	7745
29	W	7745
30	R	7745
30	W	7745
0	R	7745
45	J	7752
44	J	7752
43	J	7752
42	J	7752
41	J	7752
45	R	7752
45	W	7752
44	R	7752
44	W	7752
43	R	7752
43	W	7752
42	R	7752
42	W	7752
41	R	7752
41	W	7752
0	R	7752
40	J	7753
39	J	7753
38	J	7753
37	J	7753
36	J	7753
40	R	7753
40	W	7753
38	R	7753
38	W	7753
37	R	7753
37	W	7753
36	R	7753
36	W	7753
39	R	7753
39	W	7753
0	R	7753
55	J	7760
54	J	7760
53	J	7760
52	J	7760
51	J	7760
55	R	7760
55	W	7760
54	R	7760
54	W	7760
53	R	7760
53	W	7760
52	R	7760
52	W	7760
51	R	7760
51	W	7760
0	R	7760
50	J	7761
49	J	7761
48	J	7761
47	J	7761
46	J	7761
48	R	7761
48	W	7761
47	R	7761
47	W	7761
46	R	7761
46	W	7761
50	R	7761
50	W	7761
49	R	7761
49	W	7761
0	R	7761
56	J	7765
56	R	7765
56	W	7765
0	R	7765
15	J	7829
14	J	7829
15	R	7829
15	W	7829
14	R	7829
14	W	7829
0	R	7829
13	J	7830
12	J	7830
11	J	7830
10	J	7830
9	J	7830
8	J	7830
13	R	7830
13	W	7830
12	R	7830
12	W	7830
11	R	7830
11	W	7830
10	R	7830
10	W	7830
9	R	7830
9	W	7830
8	R	7830
8	W	7830
0	R	7830
7	J	7831
7	R	7831
7	W	7831
0	R	7831
25	J	7837
24	J	7837
23	J	7837
22	J	7837
21	J	7837
20	J	7837
25	R	7837
25	W	7837
24	R	7837
24	W	7837
23	R	7837
23	W	7837
22	R	7837
22	W	7837
21	R	7837
21	W	7837
20	R	7837
20	W	7837
0	R	7837
19	J	7838
18	J	7838
17	J	7838
16	J	7838
19	R	7838
19	W	7838
18	R	7838
18	W	7838
17	R	7838
17	W	7838
16	R	7838
16	W	7838
0	R	7838
35	J	7845
34	J	7845
33	J	7845
32	J	7845
31	J	7845
35	R	7845
35	W	7845
34	R	7845
34	W	7845
33	R	7845
33	W	7845
32	R	7845
32	W	7845
31	R	7845
31	W	7845
0	R	7845
30	J	7846
29	J	7846
28	J	7846
27	J	7846
26	J	7846
28	R	7846
28	W	7846
27	R	7846
27	W	7846
26	R	7846
26	W	7846
29	R	7846
29	W	7846
30	R	7846
30	W	7846
0	R	7846
45	J	7853
44	J	7853
43	J	7853
42	J	7853
41	J	7853
45	R	7853
45	W	7853
44	R	7853
44	W	7853
43	R	7853
43	W	7853
42	R	7853
42	W	7853
41	R	7853
41	W	7853
0	R	7853
40	J	7854
39	J	7854
38	J	7854
37	J	7854
36	J	7854
40	R	7854
40	W	7854
38	R	7854
38	W	7854
37	R	7854
37	W	7854
36	R	7854
36	W	7854
39	R	7854
39	W	7854
0	R	7854
55	J	7861
54	J	7861
53	J	7861
52	J	7861
51	J	7861
55	R	7861
55	W	7861
54	R	7861
54	W	7861
53	R	7861
53	W	7861
52	R	7861
52	W	7861
51	R	7861
51	W	7861
0	R	7861
50	J	7862
49	J	7862
48	J	7862
47	J	7862
46	J	7862
48	R	7862
48	W	7862
47	R	7862
47	W	7862
46	R	7862
46	W	7862
50	R	7862
50	W	7862
49	R	7862
49	W	7862
0	R	7862
56	J	7866
56	R	7866
56	W	7866
0	R	7866
15	J	7930
14	J	7930
15	R	7930
15	W	7930
14	R	7930
14	W	7930
0	R	7930
13	J	7931
12	J	7931
11	J	7931
10	J	7931
9	J	7931
8	J	7931
13	R	7931
13	W	7931
12	R	7931
12	W	7931
11	R	7931
11	W	7931
10	R	7931
10	W	7931
9	R	7931
9	W	7931
8	R	7931
8	W	7931
0	R	7931
7	J	7932
7	R	7932
7	W	7932
0	R	7932
25	J	7938
24	J	7938
23	J	7938
22	J	7938
21	J	7938
20	J	7938
25	R	7938
25	W	7938
24	R	7938
24	W	7938
23	R	7938
23	W	7938
22	R	7938
22	W	7938
21	R	7938
21	W	7938
20	R	7938
20	W	7938
0	R	7938
16	J	7939
16	R	7939
16	W	7939
19	J	7939
18	J	7939
17	J	7939
19	R	7939
19	W	7939
18	R	7939
18	W	7939
17	R	7939
17	W	7939
0	R	7939
35	J	7946
34	J	7946
33	J	7946
32	J	7946
31	J	7946
35	R	7946
35	W	7946
34	R	7946
34	W	7946
33	R	7946
33	W	7946
32	R	7946
32	W	7946
31	R	7946
31	W	7946
0	R	7946
30	J	7947
29	J	7947
28	J	7947
27	J	7947
26	J	7947
28	R	7947
28	W	7947
27	R	7947
27	W	7947
26	R	7947
26	W	7947
29	R	7947
29	W	7947
30	R	7947
30	W	7947
0	R	7947
45	J	7954
44	J	7954
43	J	7954
42	J	7954
41	J	7954
45	R	7954
45	W	7954
44	R	7954
44	W	7954
43	R	7954
43	W	7954
42	R	7954
42	W	7954
41	R	7954
41	W	7954
0	R	7954
40	J	7955
39	J	7955
38	J	7955
37	J	7955
36	J	7955
40	R	7955
40	W	7955
38	R	7955
38	W	7955
37	R	7955
37	W	7955
36	R	7955
36	W	7955
39	R	7955
39	W	7955
0	R	7955
55	J	7962
54	J	7962
53	J	7962
52	J	7962
51	J	7962
55	R	7962
55	W	7962
54	R	7962
54	W	7962
53	R	7962
53	W	7962
52	R	7962
52	W	7962
51	R	7962
51	W	7962
0	R	7962
50	J	7963
49	J	7963
48	J	7963
47	J	7963
46	J	7963
48	R	7963
48	W	7963
47	R	7963
47	W	7963
46	R	7963
46	W	7963
50	R	7963
50	W	7963
49	R	7963
49	W	7963
0	R	7963
56	J	7967
56	R	7967
56	W	7967
0	R	7967
15	J	8031
14	J	8031
15	R	8031
15	W	8031
14	R	8031
14	W	8031
0	R	8031
13	J	8032
12	J	8032
11	J	8032
10	J	8032
9	J	8032
8	J	8032
13	R	8032
13	W	8032
12	R	8032
12	W	8032
11	R	8032
11	W	8032
10	R	8032
10	W	8032
9	R	8032
9	W	8032
8	R	8032
8	W	8032
0	R	8032
7	J	8033
7	R	8033
7	W	8033
0	R	8033
25	J	8039
24	J	8039
23	J	8039
22	J	8039
21	J	8039
20	J	8039
25	R	8039
25	W	8039
24	R	8039
24	W	8039
23	R	8039
23	W	8039
22	R	8039
22	W	8039
21	R	8039
21	W	8039
20	R	8039
20	W	8039
19	J	8040
18	J	8040
17	J	8040
16	J	8040
19	R	8040
19	W	8040
18	R	8040
18	W	8040
17	R	8040
17	W	8040
16	R	8040
16	W	8040
0	R	8040
32	J	8047
31	J	8047
32	R	8047
32	W	8047
35	J	8047
34	J	8047
33	J	8047
35	R	8047
35	W	8047
34	R	8047
34	W	8047
33	R	8047
33	W	8047
31	R	8047
31	W	8047
0	R	8047
30	J	8048
29	J	8048
28	J	8048
27	J	8048
26	J	8048
28	R	8048
28	W	8048
27	R	8048
27	W	8048
26	R	8048
26	W	8048
29	R	8048
29	W	8048
30	R	8048
30	W	8048
0	R	8048
45	J	8055
44	J	8055
43	J	8055
42	J	8055
41	J	8055
45	R	8055
45	W	8055
44	R	8055
44	W	8055
43	R	8055
43	W	8055
42	R	8055
42	W	8055
41	R	8055
41	W	8055
0	R	8055
40	J	8056
39	J	8056
38	J	8056
37	J	8056
36	J	8056
40	R	8056
40	W	8056
38	R	8056
38	W	8056
37	R	8056
37	W	8056
36	R	8056
36	W	8056
39	R	8056
39	W	8056
0	R	8056
55	J	8063
54	J	8063
53	J	8063
52	J	8063
51	J	8063
55	R	8063
55	W	8063
54	R	8063
54	W	8063
53	R	8063
53	W	8063
52	R	8063
52	W	8063
51	R	8063
51	W	8063
0	R	8063
50	J	8064
49	J	8064
48	J	8064
47	J	8064
46	J	8064
48	R	8064
48	W	8064
47	R	8064
47	W	8064
46	R	8064
46	W	8064
50	R	8064
50	W	8064
49	R	8064
49	W	8064
0	R	8064
56	J	8068
56	R	8068
56	W	8068
0	R	8068
15	J	8132
14	J	8132
15	R	8132
15	E	8132
6	J	8132
14	R	8132
14	E	8133
13	J	8133
12	J	8133
11	J	8133
10	J	8133
9	J	8133
8	J	8133
13	R	8133
13	E	8133
12	R	8133
12	E	8134
7	J	8134
11	R	8134
11	E	8134
10	R	8134
10	E	8135
9	R	8135
9	E	8135
7	R	8135
7	E	8136
8	R	8136
8	E	8136
6	R	8136
6	E	8137
4	J	8137
1	J	8137
4	R	8137
57	N	8137
57	J	8138
4	W	8138
1	R	8138
1	W	8139
57	R	8139
4	J	8141
57	E	8142
25	J	8142
24	J	8142
23	J	8142
22	J	8142
21	J	8142
20	J	8142
19	J	8142
18	J	8142
17	J	8142
16	J	8142
25	R	8142
25	E	8142
1	J	8142
24	R	8142
24	E	8143
23	R	8143
23	E	8143
22	R	8143
22	E	8144
21	R	8144
21	E	8144
19	R	8144
19	E	8145
18	R	8145
18	E	8145
17	R	8145
17	E	8146
16	R	8146
16	E	8146
4	R	8146
4	J	8147
1	R	8147
1	W	8147
4	R	8147
4	W	8148
35	J	8148
34	J	8148
33	J	8148
32	J	8148
31	J	8148
35	R	8148
35	E	8148
1	J	8148
34	R	8148
34	E	8149
30	J	8149
29	J	8149
28	J	8149
27	J	8149
26	J	8149
33	R	8149
33	E	8149
32	R	8150
32	E	8150
31	R	8150
31	E	8151
28	R	8151
28	E	8151
27	R	8151
27	E	8152
26	R	8152
26	E	8152
29	R	8152
29	E	8153
1	R	8153
1	W	8153
30	R	8153
30	E	8154
1	J	8154
1	R	8154
1	W	8154
20	R	8154
20	E	8154
1	J	8154
1	R	8154
1	W	8154
0	R	8155
45	J	8156
44	J	8156
43	J	8156
42	J	8156
41	J	8156
45	R	8156
45	E	8156
1	J	8156
44	R	8156
44	E	8157
40	J	8157
39	J	8157
38	J	8157
37	J	8157
36	J	8157
43	R	8157
43	E	8157
42	R	8157
42	E	8158
40	R	8158
40	E	8158
38	R	8158
38	E	8159
37	R	8159
37	E	8159
36	R	8159
36	E	8160
41	R	8160
41	E	8160
39	R	8160
39	E	8161
1	R	8161
1	W	8161
0	R	8161
55	J	8164
54	J	8164
53	J	8164
52	J	8164
51	J	8164
55	R	8164
55	E	8164
1	J	8164
1	R	8164
1	W	8164
54	R	8164
54	E	8165
50	J	8165
49	J	8165
48	J	8165
47	J	8165
46	J	8165
1	J	8165
1	R	8165
1	W	8165
53	R	8165
53	E	8166
1	J	8166
1	R	8166
1	W	8166
52	R	8166
52	E	8166
1	J	8166
1	R	8166
1	W	8166
51	R	8166
51	E	8167
1	J	8167
1	R	8167
1	W	8167
48	R	8167
48	E	8167
1	J	8167
1	R	8168
1	W	8168
47	R	8168
47	E	8168
1	J	8168
1	R	8168
1	W	8168
46	R	8168
46	E	8169
56	J	8169
1	J	8169
1	R	8169
1	W	8169
50	R	8169
50	E	8170
1	J	8170
1	R	8170
1	W	8170
56	R	8170
56	E	8170
1	J	8170
1	R	8170
1	W	8170
49	R	8170
49	E	8171
1	J	8171
1	R	8171
1	W	8171
0	R	8171
4	J	9851
4	R	9851
4	W	9851
0	R	9851
4	J	10005
4	R	10005
4	W	10005
0	R	10005
4	J	10134
4	R	10134
4	W	10134
0	R	10134
4	J	10223
4	R	10223
4	W	10223
0	R	10223
4	J	10515
4	R	10515
4	W	10515
0	R	10515
4	J	10742
4	R	10742
4	W	10743
0	R	10743
4	J	10780
4	R	10780
4	W	10780
0	R	10780
4	J	11019
4	R	11019
4	W	11019
0	R	11019
4	J	11701
4	R	11701
58	N	11703
58	J	11703
4	W	11704
58	R	11704
