1	N	48
1	J	48
0	J	48
1	R	48
2	N	49
2	J	49
1	W	49
2	R	49
3	N	64
3	J	64
2	E	68
1	J	68
1	R	68
4	N	68
4	J	69
1	W	69
3	R	69
3	W	75
4	R	75
5	N	106
5	J	107
4	W	107
5	R	107
4	J	109
5	E	110
4	R	110
4	W	115
0	R	115
4	J	2275
4	R	2275
4	W	2276
0	R	2276
4	J	2435
4	R	2435
4	W	2435
0	R	2435
4	J	2603
4	R	2603
4	W	2603
0	R	2603
4	J	2792
4	R	2792
4	W	2793
0	R	2793
3	J	3074
3	R	3074
3	W	3074
0	R	3074
4	J	3748
4	R	3748
4	W	3748
0	R	3748
4	J	3923
4	R	3923
4	W	3923
0	R	3923
4	J	3934
4	R	3934
4	W	3934
0	R	3934
4	J	4084
4	R	4084
4	W	4084
0	R	4084
4	J	4242
4	R	4242
4	W	4248
0	R	4248
4	J	4555
4	R	4555
4	W	4555
0	R	4555
4	J	4874
4	R	4874
6	N	4874
6	J	4875
4	J	4875
6	R	4875
7	N	4877
7	J	4877
8	N	4877
8	J	4878
9	N	4878
9	J	4879
10	N	4879
10	J	4879
11	N	4879
11	J	4880
12	N	4880
12	J	4881
13	N	4881
13	J	4881
14	N	4881
14	J	4882
15	N	4882
15	J	4883
16	N	4883
16	J	4883
17	N	4883
17	J	4884
18	N	4884
18	J	4885
19	N	4885
19	J	4885
20	N	4885
20	J	4886
21	N	4886
21	J	4887
22	N	4887
22	J	4887
23	N	4887
23	J	4888
24	N	4888
24	J	4889
25	N	4889
25	J	4889
26	N	4889
26	J	4890
6	J	4890
26	R	4890
26	W	4890
25	R	4890
25	W	4891
24	R	4891
24	W	4891
23	R	4891
23	W	4891
22	R	4891
22	W	4891
21	R	4891
21	W	4891
20	R	4891
20	W	4891
19	R	4891
19	W	4891
18	R	4891
18	W	4891
17	R	4891
17	W	4891
16	R	4891
16	W	4891
15	R	4891
15	W	4891
14	R	4892
14	W	4892
13	R	4892
13	W	4892
12	R	4892
12	W	4892
11	R	4892
11	W	4892
10	R	4892
10	W	4892
9	R	4892
9	W	4892
8	R	4892
8	W	4892
7	R	4892
7	W	4892
6	R	4892
27	N	4892
27	J	4893
28	N	4893
28	J	4894
29	N	4894
29	J	4894
30	N	4894
30	J	4895
31	N	4895
31	J	4896
32	N	4896
32	J	4896
33	N	4896
33	J	4897
34	N	4897
34	J	4898
35	N	4898
35	J	4898
36	N	4898
36	J	4899
37	N	4899
37	J	4900
38	N	4900
38	J	4900
39	N	4900
39	J	4901
40	N	4901
40	J	4902
41	N	4902
41	J	4902
42	N	4903
42	J	4903
43	N	4903
43	J	4904
44	N	4904
44	J	4904
45	N	4905
45	J	4905
46	N	4905
46	J	4906
47	N	4906
47	J	4906
48	N	4907
48	J	4907
6	J	4907
48	R	4907
48	W	4907
47	R	4907
47	W	4907
46	R	4907
46	W	4908
45	R	4908
45	W	4908
44	R	4908
44	W	4908
43	R	4908
43	W	4908
42	R	4908
42	W	4908
41	R	4908
41	W	4908
40	R	4908
40	W	4908
39	R	4908
39	W	4908
38	R	4908
38	W	4909
37	R	4909
37	W	4909
36	R	4909
36	W	4909
35	R	4909
35	W	4909
34	R	4909
34	W	4909
33	R	4909
33	W	4909
32	R	4909
32	W	4909
31	R	4909
31	W	4909
30	R	4909
30	W	4909
29	R	4909
29	W	4909
28	R	4910
28	W	4910
27	R	4910
27	W	4910
4	R	4910
4	W	4910
6	R	4910
49	N	4910
49	J	4911
50	N	4911
50	J	4911
51	N	4911
51	J	4912
52	N	4912
52	J	4913
53	N	4913
53	J	4913
54	N	4913
54	J	4914
55	N	4914
55	J	4915
56	N	4915
56	J	4915
6	W	4918
56	R	4918
56	W	4918
55	R	4919
55	W	4919
54	R	4919
54	W	4919
53	R	4919
53	W	4919
52	R	4919
52	W	4919
51	R	4919
51	W	4919
50	R	4919
50	W	4919
49	R	4919
49	W	4919
0	R	4919
26	J	4991
26	R	4991
26	W	4991
0	R	4991
23	J	4992
22	J	4992
21	J	4992
20	J	4992
19	J	4992
18	J	4992
17	J	4992
16	J	4992
15	J	4992
23	R	4992
23	W	4992
25	J	4992
24	J	4992
25	R	4992
25	W	4992
24	R	4992
24	W	4992
22	R	4992
22	W	4992
21	R	4992
21	W	4992
20	R	4992
20	W	4992
19	R	4992
19	W	4992
14	J	4993
13	J	4993
12	J	4993
11	J	4993
10	J	4993
9	J	4993
8	J	4993
7	J	4993
18	R	4993
18	W	4993
17	R	4993
17	W	4993
16	R	4993
16	W	4993
15	R	4993
15	W	4993
14	R	4993
14	W	4993
13	R	4993
13	W	4993
12	R	4994
12	W	4994
11	R	4994
11	W	4994
10	R	4994
10	W	4994
9	R	4994
9	W	4994
8	R	4994
8	W	4994
7	R	4994
7	W	4994
0	R	4994
48	J	5008
47	J	5008
48	R	5008
48	W	5008
47	R	5008
47	W	5008
0	R	5008
46	J	5009
45	J	5009
44	J	5009
43	J	5009
42	J	5009
41	J	5009
40	J	5009
39	J	5009
46	R	5009
46	W	5009
45	R	5009
45	W	5009
44	R	5009
44	W	5009
43	R	5009
43	W	5009
42	R	5009
42	W	5009
41	R	5009
41	W	5009
40	R	5009
40	W	5009
39	R	5009
39	W	5010
38	J	5010
37	J	5010
36	J	5010
35	J	5010
34	J	5010
33	J	5010
32	J	5010
31	J	5010
30	J	5010
29	J	5010
38	R	5010
38	W	5010
37	R	5010
37	W	5010
36	R	5010
36	W	5010
35	R	5010
35	W	5010
34	R	5010
34	W	5010
33	R	5010
33	W	5010
32	R	5010
32	W	5011
28	J	5011
27	J	5011
31	R	5011
31	W	5011
30	R	5011
30	W	5011
29	R	5011
29	W	5011
28	R	5011
28	W	5011
27	R	5011
27	W	5011
0	R	5011
56	J	5019
56	R	5019
56	W	5019
0	R	5019
55	J	5020
54	J	5020
53	J	5020
52	J	5020
51	J	5020
50	J	5020
49	J	5020
55	R	5020
55	W	5020
54	R	5020
54	W	5020
53	R	5020
53	W	5020
52	R	5020
52	W	5020
51	R	5020
51	W	5020
50	R	5020
50	W	5020
49	R	5021
49	W	5021
0	R	5021
26	J	5092
26	R	5092
26	W	5092
0	R	5092
25	J	5093
24	J	5093
23	J	5093
22	J	5093
21	J	5093
20	J	5093
19	J	5093
25	R	5093
25	W	5093
24	R	5093
24	W	5093
23	R	5093
23	W	5093
22	R	5093
22	W	5093
21	R	5093
21	W	5093
20	R	5093
20	W	5093
19	R	5093
19	W	5093
0	R	5093
18	J	5094
17	J	5094
16	J	5094
15	J	5094
14	J	5094
13	J	5094
18	R	5094
18	W	5094
17	R	5094
17	W	5094
16	R	5094
16	W	5094
15	R	5094
15	W	5094
14	R	5094
14	W	5094
13	R	5094
13	W	5094
0	R	5094
12	J	5095
11	J	5095
10	J	5095
9	J	5095
8	J	5095
7	J	5095
12	R	5095
12	W	5095
11	R	5095
11	W	5095
10	R	5095
10	W	5095
9	R	5095
9	W	5095
8	R	5095
8	W	5095
7	R	5095
7	W	5095
0	R	5095
48	J	5109
47	J	5109
48	R	5109
48	W	5109
47	R	5109
47	W	5109
0	R	5109
46	J	5110
45	J	5110
44	J	5110
43	J	5110
42	J	5110
41	J	5110
40	J	5110
46	R	5110
46	W	5110
45	R	5110
45	W	5110
44	R	5110
44	W	5110
43	R	5110
43	W	5110
42	R	5110
42	W	5110
41	R	5110
41	W	5110
40	R	5110
40	W	5111
39	J	5111
38	J	5111
37	J	5111
36	J	5111
35	J	5111
34	J	5111
33	J	5111
39	R	5111
39	W	5111
38	R	5111
38	W	5111
37	R	5111
37	W	5111
36	R	5111
36	W	5111
35	R	5111
35	W	5111
34	R	5111
34	W	5111
33	R	5111
33	W	5111
0	R	5112
32	J	5112
31	J	5112
30	J	5112
29	J	5112
28	J	5112
27	J	5112
32	R	5112
32	W	5112
31	R	5112
31	W	5112
30	R	5112
30	W	5112
29	R	5112
29	W	5112
28	R	5112
28	W	5112
27	R	5112
27	W	5112
0	R	5112
56	J	5120
56	R	5120
56	W	5120
0	R	5120
51	J	5121
50	J	5121
51	R	5121
51	W	5121
55	J	5121
54	J	5121
53	J	5121
52	J	5121
55	R	5121
55	W	5121
54	R	5121
54	W	5121
53	R	5121
53	W	5121
52	R	5121
52	W	5121
50	R	5121
50	W	5121
0	R	5121
49	J	5122
49	R	5122
49	W	5122
0	R	5122
26	J	5193
26	R	5193
26	W	5193
0	R	5193
25	J	5194
24	J	5194
23	J	5194
22	J	5194
21	J	5194
20	J	5194
19	J	5194
25	R	5194
25	W	5194
24	R	5194
24	W	5194
23	R	5194
23	W	5194
22	R	5194
22	W	5194
21	R	5194
21	W	5194
20	R	5194
20	W	5194
19	R	5194
19	W	5194
0	R	5194
18	J	5195
17	J	5195
16	J	5195
15	J	5195
14	J	5195
13	J	5195
18	R	5195
18	W	5195
17	R	5195
17	W	5195
16	R	5195
16	W	5195
15	R	5195
15	W	5195
14	R	5195
14	W	5195
13	R	5195
13	W	5195
0	R	5195
12	J	5196
11	J	5196
10	J	5196
9	J	5196
8	J	5196
7	J	5196
12	R	5196
12	W	5196
11	R	5196
11	W	5196
10	R	5196
10	W	5196
9	R	5196
9	W	5196
8	R	5196
8	W	5196
7	R	5196
7	W	5196
0	R	5196
48	J	5210
47	J	5210
48	R	5210
48	W	5210
47	R	5210
47	W	5210
0	R	5210
46	J	5211
45	J	5211
44	J	5211
43	J	5211
42	J	5211
41	J	5211
46	R	5211
46	W	5211
45	R	5211
45	W	5211
44	R	5211
44	W	5211
43	R	5211
43	W	5211
42	R	5211
42	W	5211
41	R	5211
41	W	5211
0	R	5211
40	J	5212
39	J	5212
38	J	5212
37	J	5212
36	J	5212
35	J	5212
34	J	5212
33	J	5212
39	R	5212
39	W	5212
38	R	5212
38	W	5212
37	R	5212
37	W	5212
36	R	5212
36	W	5212
35	R	5212
35	W	5212
34	R	5212
34	W	5212
40	R	5212
40	W	5212
33	R	5212
33	W	5213
32	J	5213
31	J	5213
30	J	5213
29	J	5213
28	J	5213
27	J	5213
32	R	5213
32	W	5213
31	R	5213
31	W	5213
30	R	5213
30	W	5213
29	R	5213
29	W	5213
28	R	5213
28	W	5213
27	R	5213
27	W	5213
0	R	5213
56	J	5221
56	R	5221
56	W	5221
0	R	5221
55	J	5222
54	J	5222
53	J	5222
52	J	5222
51	J	5222
50	J	5222
55	R	5222
55	W	5222
54	R	5222
54	W	5222
53	R	5222
53	W	5222
52	R	5222
52	W	5222
51	R	5222
51	W	5222
50	R	5222
50	W	5222
0	R	5222
49	J	5223
49	R	5223
49	W	5223
0	R	5223
26	J	5294
26	R	5294
26	W	5294
0	R	5294
25	J	5295
24	J	5295
23	J	5295
22	J	5295
21	J	5295
20	J	5295
19	J	5295
25	R	5295
25	W	5295
24	R	5295
24	W	5295
23	R	5295
23	W	5295
22	R	5295
22	W	5295
21	R	5295
21	W	5295
20	R	5295
20	W	5295
19	R	5295
19	W	5295
18	J	5296
17	J	5296
16	J	5296
15	J	5296
14	J	5296
13	J	5296
18	R	5296
18	W	5296
17	R	5296
17	W	5296
16	R	5296
16	W	5296
15	R	5296
15	W	5296
14	R	5296
14	W	5296
13	R	5296
13	W	5296
0	R	5296
12	J	5297
11	J	5297
10	J	5297
9	J	5297
8	J	5297
7	J	5297
12	R	5297
12	W	5297
11	R	5297
11	W	5297
10	R	5297
10	W	5297
9	R	5297
9	W	5297
8	R	5297
8	W	5297
7	R	5297
7	W	5297
0	R	5297
48	J	5311
47	J	5311
48	R	5311
48	W	5311
47	R	5311
47	W	5311
0	R	5311
46	J	5312
45	J	5312
44	J	5312
43	J	5312
42	J	5312
41	J	5312
46	R	5312
46	W	5312
45	R	5312
45	W	5312
44	R	5312
44	W	5312
43	R	5312
43	W	5312
42	R	5312
42	W	5312
41	R	5312
41	W	5312
40	J	5313
39	J	5313
38	J	5313
37	J	5313
36	J	5313
35	J	5313
34	J	5313
39	R	5313
39	W	5313
38	R	5313
38	W	5313
37	R	5313
37	W	5313
36	R	5313
36	W	5313
35	R	5313
35	W	5313
34	R	5313
34	W	5313
40	R	5313
40	W	5313
33	J	5314
32	J	5314
31	J	5314
30	J	5314
29	J	5314
28	J	5314
27	J	5314
32	R	5314
32	W	5314
31	R	5314
31	W	5314
30	R	5314
30	W	5314
29	R	5314
29	W	5314
28	R	5314
28	W	5314
27	R	5314
27	W	5314
33	R	5314
33	W	5314
0	R	5315
56	J	5322
56	R	5322
56	W	5322
0	R	5322
55	J	5323
54	J	5323
53	J	5323
52	J	5323
51	J	5323
50	J	5323
55	R	5323
55	W	5323
54	R	5323
54	W	5323
53	R	5323
53	W	5323
52	R	5323
52	W	5323
51	R	5323
51	W	5323
50	R	5323
50	W	5323
0	R	5323
49	J	5324
49	R	5324
49	W	5324
0	R	5324
26	J	5395
26	R	5395
26	W	5395
0	R	5395
25	J	5396
24	J	5396
23	J	5396
22	J	5396
21	J	5396
20	J	5396
19	J	5396
25	R	5396
25	W	5396
24	R	5396
24	W	5396
23	R	5396
23	W	5396
22	R	5396
22	W	5396
21	R	5396
21	W	5396
20	R	5396
20	W	5396
19	R	5396
19	W	5397
18	J	5397
17	J	5397
16	J	5397
15	J	5397
14	J	5397
13	J	5397
18	R	5397
18	W	5397
17	R	5397
17	W	5397
16	R	5397
16	W	5397
15	R	5397
15	W	5397
14	R	5397
14	W	5397
13	R	5397
13	W	5398
12	J	5398
11	J	5398
10	J	5398
9	J	5398
8	J	5398
7	J	5398
12	R	5398
12	W	5398
11	R	5398
11	W	5398
10	R	5398
10	W	5398
9	R	5398
9	W	5398
8	R	5398
8	W	5398
7	R	5398
7	W	5398
0	R	5398
48	J	5412
47	J	5412
48	R	5412
48	W	5412
47	R	5412
47	W	5412
0	R	5412
46	J	5413
45	J	5413
44	J	5413
43	J	5413
42	J	5413
41	J	5413
46	R	5413
46	W	5413
45	R	5413
45	W	5413
44	R	5413
44	W	5413
43	R	5413
43	W	5413
42	R	5413
42	W	5413
41	R	5413
41	W	5413
0	R	5413
40	J	5414
39	J	5414
38	J	5414
37	J	5414
36	J	5414
35	J	5414
34	J	5414
39	R	5414
39	W	5414
38	R	5414
38	W	5414
37	R	5414
37	W	5414
36	R	5414
36	W	5414
35	R	5414
35	W	5414
34	R	5414
34	W	5414
40	R	5414
40	W	5414
33	J	5415
32	J	5415
31	J	5415
30	J	5415
29	J	5415
28	J	5415
27	J	5415
32	R	5415
32	W	5415
31	R	5415
31	W	5415
30	R	5415
30	W	5415
29	R	5415
29	W	5415
28	R	5415
28	W	5415
27	R	5415
27	W	5416
33	R	5416
33	W	5416
0	R	5416
56	J	5423
56	R	5423
56	W	5423
0	R	5423
55	J	5424
54	J	5424
53	J	5424
52	J	5424
51	J	5424
50	J	5424
55	R	5424
55	W	5424
54	R	5424
54	W	5424
53	R	5424
53	W	5424
52	R	5424
52	W	5424
51	R	5424
51	W	5424
50	R	5424
50	W	5424
0	R	5424
49	J	5425
49	R	5425
49	W	5425
0	R	5425
26	J	5496
26	R	5496
26	W	5496
0	R	5496
25	J	5497
24	J	5497
23	J	5497
22	J	5497
21	J	5497
20	J	5497
25	R	5497
25	W	5497
24	R	5497
24	W	5497
23	R	5497
23	W	5497
22	R	5497
22	W	5497
21	R	5497
21	W	5497
20	R	5497
20	W	5497
0	R	5497
19	J	5498
18	J	5498
17	J	5498
16	J	5498
15	J	5498
14	J	5498
18	R	5498
18	W	5498
17	R	5498
17	W	5498
16	R	5498
16	W	5498
15	R	5498
15	W	5498
14	R	5498
14	W	5498
19	R	5498
19	W	5498
0	R	5498
13	J	5499
12	J	5499
11	J	5499
10	J	5499
9	J	5499
8	J	5499
7	J	5499
12	R	5499
12	W	5499
11	R	5499
11	W	5499
10	R	5499
10	W	5499
9	R	5499
9	W	5499
8	R	5499
8	W	5499
7	R	5499
7	W	5499
13	R	5499
13	W	5499
0	R	5500
48	J	5513
47	J	5513
48	R	5513
48	W	5513
47	R	5513
47	W	5513
0	R	5513
46	J	5514
45	J	5514
44	J	5514
43	J	5514
42	J	5514
41	J	5514
46	R	5514
46	W	5514
45	R	5514
45	W	5514
44	R	5514
44	W	5514
43	R	5514
43	W	5514
42	R	5514
42	W	5514
41	R	5514
41	W	5514
40	J	5515
39	J	5515
38	J	5515
37	J	5515
36	J	5515
35	J	5515
34	J	5515
39	R	5515
39	W	5515
38	R	5515
38	W	5515
37	R	5515
37	W	5515
36	R	5515
36	W	5515
35	R	5515
35	W	5515
34	R	5515
34	W	5515
40	R	5515
40	W	5515
32	J	5516
31	J	5516
30	J	5516
29	J	5516
28	J	5516
32	R	5516
32	W	5516
31	R	5516
31	W	5516
30	R	5516
30	W	5516
29	R	5516
29	W	5516
28	R	5516
28	W	5516
0	R	5516
33	J	5517
27	J	5517
27	R	5517
27	W	5517
33	R	5517
33	W	5517
0	R	5517
56	J	5524
56	R	5524
56	W	5524
0	R	5524
55	J	5525
54	J	5525
53	J	5525
52	J	5525
51	J	5525
50	J	5525
55	R	5525
55	W	5525
54	R	5525
54	W	5525
53	R	5525
53	W	5525
52	R	5525
52	W	5525
51	R	5525
51	W	5525
50	R	5525
50	W	5525
0	R	5525
49	J	5526
49	R	5526
49	W	5526
0	R	5526
26	J	5597
26	R	5597
26	W	5597
0	R	5597
25	J	5598
24	J	5598
23	J	5598
22	J	5598
21	J	5598
20	J	5598
25	R	5598
25	W	5598
24	R	5598
24	W	5598
23	R	5598
23	W	5598
22	R	5598
22	W	5598
21	R	5598
21	W	5598
20	R	5598
20	W	5598
19	J	5599
18	J	5599
17	J	5599
16	J	5599
15	J	5599
14	J	5599
18	R	5599
18	W	5599
17	R	5599
17	W	5599
16	R	5599
16	W	5599
15	R	5599
15	W	5599
14	R	5599
14	W	5599
19	R	5599
19	W	5599
0	R	5599
13	J	5600
12	J	5600
11	J	5600
10	J	5600
9	J	5600
8	J	5600
7	J	5600
12	R	5600
12	W	5600
11	R	5600
11	W	5600
10	R	5600
10	W	5600
9	R	5600
9	W	5600
8	R	5600
8	W	5600
7	R	5600
7	W	5600
13	R	5600
13	W	5600
0	R	5601
48	J	5614
47	J	5614
48	R	5614
48	W	5614
47	R	5614
47	W	5614
0	R	5614
46	J	5615
45	J	5615
44	J	5615
43	J	5615
42	J	5615
41	J	5615
46	R	5615
46	W	5615
45	R	5615
45	W	5615
44	R	5615
44	W	5615
43	R	5615
43	W	5615
42	R	5615
42	W	5615
41	R	5615
41	W	5615
0	R	5615
40	J	5616
39	J	5616
38	J	5616
37	J	5616
36	J	5616
35	J	5616
34	J	5616
39	R	5616
39	W	5616
38	R	5616
38	W	5616
37	R	5616
37	W	5616
36	R	5616
36	W	5616
35	R	5616
35	W	5616
34	R	5616
34	W	5616
40	R	5616
40	W	5616
32	J	5617
31	J	5617
30	J	5617
29	J	5617
28	J	5617
32	R	5617
32	W	5617
31	R	5617
31	W	5617
30	R	5617
30	W	5617
29	R	5617
29	W	5617
28	R	5617
28	W	5617
0	R	5617
27	J	5618
27	R	5618
27	W	5618
33	J	5618
33	R	5618
33	W	5618
0	R	5618
56	J	5625
56	R	5625
56	W	5625
0	R	5625
55	J	5626
54	J	5626
53	J	5626
52	J	5626
51	J	5626
50	J	5626
55	R	5626
55	W	5626
54	R	5626
54	W	5626
53	R	5626
53	W	5626
52	R	5626
52	W	5626
51	R	5626
51	W	5626
50	R	5626
50	W	5626
0	R	5626
49	J	5627
49	R	5627
49	W	5627
0	R	5627
26	J	5698
26	R	5698
26	W	5698
0	R	5698
25	J	5699
24	J	5699
23	J	5699
22	J	5699
21	J	5699
20	J	5699
25	R	5699
25	W	5699
24	R	5699
24	W	5699
23	R	5699
23	W	5699
22	R	5699
22	W	5699
21	R	5699
21	W	5699
20	R	5699
20	W	5699
0	R	5699
19	J	5700
18	J	5700
17	J	5700
16	J	5700
15	J	5700
14	J	5700
18	R	5700
18	W	5700
17	R	5700
17	W	5700
16	R	5700
16	W	5700
15	R	5700
15	W	5700
14	R	5700
14	W	5700
19	R	5700
19	W	5700
0	R	5700
13	J	5701
12	J	5701
11	J	5701
10	J	5701
9	J	5701
8	J	5701
7	J	5701
12	R	5701
12	W	5701
11	R	5701
11	W	5701
10	R	5701
10	W	5701
9	R	5701
9	W	5701
8	R	5701
8	W	5701
7	R	5701
7	W	5701
13	R	5701
13	W	5701
0	R	5702
48	J	5715
47	J	5715
48	R	5715
48	W	5715
47	R	5715
47	W	5715
0	R	5715
46	J	5716
45	J	5716
44	J	5716
43	J	5716
42	J	5716
41	J	5716
46	R	5716
46	W	5716
45	R	5716
45	W	5716
44	R	5716
44	W	5716
43	R	5716
43	W	5716
42	R	5716
42	W	5716
41	R	5716
41	W	5716
0	R	5716
40	J	5717
39	J	5717
38	J	5717
37	J	5717
36	J	5717
35	J	5717
34	J	5717
39	R	5717
39	W	5717
38	R	5717
38	W	5717
37	R	5717
37	W	5717
36	R	5717
36	W	5717
35	R	5717
35	W	5717
34	R	5717
34	W	5717
40	R	5717
40	W	5717
32	J	5718
31	J	5718
30	J	5718
29	J	5718
28	J	5718
32	R	5718
32	W	5718
31	R	5718
31	W	5718
30	R	5718
30	W	5718
29	R	5718
29	W	5718
28	R	5718
28	W	5718
0	R	5718
33	J	5719
27	J	5719
27	R	5719
27	W	5719
33	R	5719
33	W	5719
0	R	5719
56	J	5726
56	R	5726
56	W	5726
0	R	5726
55	J	5727
54	J	5727
53	J	5727
52	J	5727
51	J	5727
50	J	5727
55	R	5727
55	W	5727
54	R	5727
54	W	5727
53	R	5727
53	W	5727
52	R	5727
52	W	5727
51	R	5727
51	W	5727
50	R	5727
50	W	5727
0	R	5727
49	J	5728
49	R	5728
49	W	5728
0	R	5728
26	J	5799
26	R	5799
26	W	5799
0	R	5799
25	J	5800
24	J	5800
23	J	5800
22	J	5800
21	J	5800
20	J	5800
25	R	5800
25	W	5800
24	R	5800
24	W	5800
23	R	5800
23	W	5800
22	R	5800
22	W	5800
21	R	5800
21	W	5800
20	R	5800
20	W	5800
19	J	5801
18	J	5801
17	J	5801
16	J	5801
15	J	5801
14	J	5801
18	R	5801
18	W	5801
17	R	5801
17	W	5801
16	R	5801
16	W	5801
15	R	5801
15	W	5801
14	R	5801
14	W	5801
19	R	5801
19	W	5801
0	R	5801
13	J	5802
12	J	5802
11	J	5802
10	J	5802
9	J	5802
8	J	5802
7	J	5802
12	R	5802
12	W	5802
11	R	5802
11	W	5802
10	R	5802
10	W	5802
9	R	5802
9	W	5802
8	R	5802
8	W	5802
7	R	5802
7	W	5802
13	R	5802
13	W	5802
0	R	5803
48	J	5816
47	J	5816
48	R	5816
48	W	5816
47	R	5816
47	W	5816
0	R	5816
46	J	5817
45	J	5817
44	J	5817
43	J	5817
42	J	5817
41	J	5817
46	R	5817
46	W	5817
45	R	5817
45	W	5817
44	R	5817
44	W	5817
43	R	5817
43	W	5817
42	R	5817
42	W	5817
41	R	5817
41	W	5817
0	R	5817
40	J	5818
39	J	5818
38	J	5818
37	J	5818
36	J	5818
35	J	5818
34	J	5818
39	R	5818
39	W	5818
38	R	5818
38	W	5818
37	R	5818
37	W	5818
36	R	5818
36	W	5818
35	R	5818
35	W	5818
34	R	5818
34	W	5818
40	R	5818
40	W	5818
32	J	5819
31	J	5819
30	J	5819
29	J	5819
28	J	5819
32	R	5819
32	W	5819
31	R	5819
31	W	5819
30	R	5819
30	W	5819
29	R	5819
29	W	5819
28	R	5819
28	W	5819
0	R	5819
33	J	5820
27	J	5820
27	R	5820
27	W	5820
33	R	5820
33	W	5820
0	R	5820
56	J	5827
56	R	5827
56	W	5827
0	R	5827
55	J	5828
54	J	5828
53	J	5828
52	J	5828
51	J	5828
50	J	5828
55	R	5828
55	W	5828
54	R	5828
54	W	5828
53	R	5828
53	W	5828
52	R	5828
52	W	5828
51	R	5828
51	W	5828
50	R	5828
50	W	5828
0	R	5828
49	J	5829
49	R	5829
49	W	5829
0	R	5829
26	J	5900
26	R	5900
26	W	5900
0	R	5900
20	J	5901
20	R	5901
20	W	5901
25	J	5901
24	J	5901
23	J	5901
22	J	5901
21	J	5901
25	R	5901
25	W	5901
24	R	5901
24	W	5901
23	R	5901
23	W	5901
22	R	5901
22	W	5901
21	R	5901
21	W	5901
0	R	5901
19	J	5902
18	J	5902
17	J	5902
16	J	5902
15	J	5902
14	J	5902
18	R	5902
18	W	5902
17	R	5902
17	W	5902
16	R	5902
16	W	5902
15	R	5902
15	W	5902
14	R	5902
14	W	5902
19	R	5902
19	W	5902
0	R	5902
13	J	5903
12	J	5903
11	J	5903
10	J	5903
9	J	5903
8	J	5903
7	J	5903
12	R	5903
12	W	5903
11	R	5903
11	W	5903
10	R	5903
10	W	5903
9	R	5903
9	W	5903
8	R	5903
8	W	5903
7	R	5903
7	W	5903
13	R	5904
13	W	5904
0	R	5904
48	J	5917
47	J	5917
48	R	5917
48	W	5917
47	R	5917
47	W	5917
0	R	5917
46	J	5918
45	J	5918
44	J	5918
43	J	5918
42	J	5918
41	J	5918
46	R	5918
46	W	5918
45	R	5918
45	W	5918
44	R	5918
44	W	5918
43	R	5918
43	W	5918
42	R	5918
42	W	5918
41	R	5918
41	W	5918
0	R	5918
40	J	5919
39	J	5919
38	J	5919
37	J	5919
36	J	5919
35	J	5919
34	J	5919
39	R	5919
39	W	5919
38	R	5919
38	W	5919
37	R	5919
37	W	5919
36	R	5919
36	W	5919
35	R	5919
35	W	5919
34	R	5919
34	W	5919
40	R	5919
40	W	5920
32	J	5920
31	J	5920
30	J	5920
29	J	5920
28	J	5920
32	R	5920
32	W	5920
31	R	5920
31	W	5920
30	R	5920
30	W	5920
29	R	5920
29	W	5920
28	R	5920
28	W	5920
0	R	5920
33	J	5921
27	J	5921
27	R	5921
27	W	5921
33	R	5921
33	W	5921
0	R	5921
56	J	5928
56	R	5928
56	W	5928
0	R	5928
55	J	5929
54	J	5929
53	J	5929
52	J	5929
51	J	5929
50	J	5929
55	R	5929
55	W	5929
54	R	5929
54	W	5929
53	R	5929
53	W	5929
52	R	5929
52	W	5929
51	R	5929
51	W	5929
50	R	5929
50	W	5929
0	R	5929
49	J	5930
49	R	5930
49	W	5930
0	R	5930
26	J	6001
26	R	6001
26	W	6001
0	R	6001
25	J	6002
24	J	6002
23	J	6002
22	J	6002
21	J	6002
20	J	6002
25	R	6002
25	W	6002
24	R	6002
24	W	6002
23	R	6002
23	W	6002
22	R	6002
22	W	6002
21	R	6002
21	W	6002
20	R	6002
20	W	6002
0	R	6002
15	J	6003
14	J	6003
15	R	6003
15	W	6003
19	J	6003
18	J	6003
17	J	6003
16	J	6003
18	R	6003
18	W	6003
17	R	6003
17	W	6003
16	R	6003
16	W	6003
14	R	6003
14	W	6003
19	R	6003
19	W	6003
0	R	6003
12	J	6004
11	J	6004
10	J	6004
9	J	6004
8	J	6004
7	J	6004
12	R	6004
12	W	6004
11	R	6004
11	W	6004
10	R	6004
10	W	6004
9	R	6004
9	W	6004
8	R	6004
8	W	6004
7	R	6004
7	W	6004
0	R	6004
13	J	6005
13	R	6005
13	W	6005
0	R	6005
48	J	6018
47	J	6018
48	R	6018
48	W	6018
47	R	6018
47	W	6018
0	R	6018
46	J	6019
45	J	6019
44	J	6019
43	J	6019
42	J	6019
41	J	6019
46	R	6019
46	W	6019
45	R	6019
45	W	6019
44	R	6019
44	W	6019
43	R	6019
43	W	6019
42	R	6019
42	W	6019
41	R	6019
41	W	6019
0	R	6019
39	J	6020
38	J	6020
37	J	6020
36	J	6020
35	J	6020
34	J	6020
39	R	6020
39	W	6020
38	R	6020
38	W	6020
37	R	6020
37	W	6020
36	R	6020
36	W	6020
35	R	6020
35	W	6020
34	R	6020
34	W	6020
40	J	6021
32	J	6021
31	J	6021
30	J	6021
29	J	6021
28	J	6021
32	R	6021
32	W	6021
31	R	6021
31	W	6021
30	R	6021
30	W	6021
29	R	6021
29	W	6021
28	R	6021
28	W	6021
40	R	6021
40	W	6021
0	R	6021
33	J	6022
27	J	6022
27	R	6022
27	W	6022
33	R	6022
33	W	6022
0	R	6022
56	J	6029
56	R	6029
56	W	6029
0	R	6029
55	J	6030
54	J	6030
53	J	6030
52	J	6030
51	J	6030
50	J	6030
55	R	6030
55	W	6030
54	R	6030
54	W	6030
53	R	6030
53	W	6030
52	R	6030
52	W	6030
51	R	6030
51	W	6030
50	R	6030
50	W	6030
0	R	6030
49	J	6031
49	R	6031
49	W	6031
0	R	6031
26	J	6102
26	R	6102
26	W	6102
0	R	6102
25	J	6103
24	J	6103
23	J	6103
22	J	6103
21	J	6103
20	J	6103
25	R	6103
25	W	6103
24	R	6103
24	W	6103
23	R	6103
23	W	6103
22	R	6103
22	W	6103
21	R	6103
21	W	6103
20	R	6103
20	W	6103
0	R	6103
19	J	6104
18	J	6104
17	J	6104
16	J	6104
15	J	6104
14	J	6104
18	R	6104
18	W	6104
17	R	6104
17	W	6104
16	R	6104
16	W	6104
15	R	6104
15	W	6104
14	R	6104
14	W	6104
19	R	6104
19	W	6104
0	R	6104
12	J	6105
11	J	6105
10	J	6105
9	J	6105
8	J	6105
7	J	6105
12	R	6105
12	W	6105
11	R	6105
11	W	6105
10	R	6105
10	W	6105
9	R	6105
9	W	6105
8	R	6105
8	W	6105
7	R	6105
7	W	6105
0	R	6105
13	J	6106
13	R	6106
13	W	6106
0	R	6106
48	J	6119
47	J	6119
48	R	6119
48	W	6119
47	R	6119
47	W	6119
0	R	6119
46	J	6120
45	J	6120
44	J	6120
43	J	6120
42	J	6120
41	J	6120
46	R	6120
46	W	6120
45	R	6120
45	W	6120
44	R	6120
44	W	6120
43	R	6120
43	W	6120
42	R	6120
42	W	6120
41	R	6120
41	W	6120
0	R	6120
39	J	6121
38	J	6121
37	J	6121
36	J	6121
35	J	6121
34	J	6121
39	R	6121
39	W	6121
38	R	6121
38	W	6121
37	R	6121
37	W	6121
36	R	6121
36	W	6121
35	R	6121
35	W	6121
34	R	6121
34	W	6121
0	R	6121
40	J	6122
32	J	6122
31	J	6122
30	J	6122
29	J	6122
28	J	6122
32	R	6122
32	W	6122
31	R	6122
31	W	6122
30	R	6122
30	W	6122
29	R	6122
29	W	6122
28	R	6122
28	W	6122
40	R	6122
40	W	6122
0	R	6122
33	J	6123
27	J	6123
27	R	6123
27	W	6123
33	R	6123
33	W	6123
0	R	6123
56	J	6130
56	R	6130
56	W	6130
0	R	6130
55	J	6131
54	J	6131
53	J	6131
52	J	6131
51	J	6131
50	J	6131
55	R	6131
55	W	6131
54	R	6131
54	W	6131
53	R	6131
53	W	6131
52	R	6131
52	W	6131
51	R	6131
51	W	6131
50	R	6131
50	W	6131
49	J	6132
49	R	6132
49	W	6132
0	R	6132
26	J	6203
26	R	6203
26	W	6203
0	R	6203
25	J	6204
24	J	6204
23	J	6204
22	J	6204
21	J	6204
20	J	6204
25	R	6204
25	W	6204
24	R	6204
24	W	6204
23	R	6204
23	W	6204
22	R	6204
22	W	6204
21	R	6204
21	W	6204
20	R	6204
20	W	6204
0	R	6204
19	J	6205
18	J	6205
17	J	6205
16	J	6205
15	J	6205
14	J	6205
18	R	6205
18	W	6205
17	R	6205
17	W	6205
16	R	6205
16	W	6205
15	R	6205
15	W	6205
14	R	6205
14	W	6205
19	R	6205
19	W	6205
0	R	6205
12	J	6206
11	J	6206
10	J	6206
9	J	6206
8	J	6206
7	J	6206
12	R	6206
12	W	6206
11	R	6206
11	W	6206
10	R	6206
10	W	6206
9	R	6206
9	W	6206
8	R	6206
8	W	6206
7	R	6206
7	W	6206
0	R	6206
13	J	6207
13	R	6207
13	W	6207
0	R	6207
48	J	6220
47	J	6220
48	R	6220
48	W	6220
47	R	6220
47	W	6220
0	R	6220
46	J	6221
45	J	6221
44	J	6221
43	J	6221
42	J	6221
41	J	6221
46	R	6221
46	W	6221
45	R	6221
45	W	6221
44	R	6221
44	W	6221
43	R	6221
43	W	6221
42	R	6221
42	W	6221
41	R	6221
41	W	6221
39	J	6222
38	J	6222
37	J	6222
36	J	6222
35	J	6222
34	J	6222
39	R	6222
39	W	6222
38	R	6222
38	W	6222
37	R	6222
37	W	6222
36	R	6222
36	W	6222
35	R	6222
35	W	6222
34	R	6222
34	W	6222
0	R	6222
40	J	6223
32	J	6223
31	J	6223
30	J	6223
29	J	6223
28	J	6223
32	R	6223
32	W	6223
31	R	6223
31	W	6223
30	R	6223
30	W	6223
29	R	6223
29	W	6223
28	R	6223
28	W	6223
40	R	6223
40	W	6223
0	R	6223
33	J	6224
27	J	6224
27	R	6224
27	W	6224
33	R	6224
33	W	6224
0	R	6224
56	J	6231
56	R	6231
56	W	6231
0	R	6231
55	J	6232
54	J	6232
53	J	6232
52	J	6232
51	J	6232
50	J	6232
55	R	6232
55	W	6232
54	R	6232
54	W	6232
53	R	6232
53	W	6232
52	R	6232
52	W	6232
51	R	6232
51	W	6232
50	R	6232
50	W	6232
0	R	6232
49	J	6233
49	R	6233
49	W	6233
0	R	6233
26	J	6304
26	R	6304
26	W	6304
0	R	6304
25	J	6305
24	J	6305
23	J	6305
22	J	6305
21	J	6305
20	J	6305
25	R	6305
25	W	6305
24	R	6305
24	W	6305
23	R	6305
23	W	6305
22	R	6305
22	W	6305
21	R	6305
21	W	6305
20	R	6305
20	W	6305
0	R	6305
19	J	6306
18	J	6306
17	J	6306
16	J	6306
15	J	6306
14	J	6306
18	R	6306
18	W	6306
17	R	6306
17	W	6306
16	R	6306
16	W	6306
15	R	6306
15	W	6306
14	R	6306
14	W	6306
19	R	6306
19	W	6306
12	J	6307
11	J	6307
10	J	6307
9	J	6307
8	J	6307
7	J	6307
12	R	6307
12	W	6307
11	R	6307
11	W	6307
10	R	6307
10	W	6307
9	R	6307
9	W	6307
8	R	6307
8	W	6307
7	R	6307
7	W	6307
0	R	6307
13	J	6308
13	R	6308
13	W	6308
0	R	6308
48	J	6321
47	J	6321
48	R	6321
48	W	6321
47	R	6321
47	W	6321
0	R	6321
46	J	6322
45	J	6322
44	J	6322
43	J	6322
42	J	6322
41	J	6322
46	R	6322
46	W	6322
45	R	6322
45	W	6322
44	R	6322
44	W	6322
43	R	6322
43	W	6322
42	R	6322
42	W	6322
41	R	6322
41	W	6322
0	R	6322
39	J	6323
38	J	6323
37	J	6323
36	J	6323
35	J	6323
34	J	6323
39	R	6323
39	W	6323
38	R	6323
38	W	6323
37	R	6323
37	W	6323
36	R	6323
36	W	6323
35	R	6323
35	W	6323
34	R	6323
34	W	6323
0	R	6323
40	J	6324
32	J	6324
31	J	6324
30	J	6324
29	J	6324
28	J	6324
32	R	6324
32	W	6324
31	R	6324
31	W	6324
30	R	6324
30	W	6324
29	R	6324
29	W	6324
28	R	6324
28	W	6324
40	R	6324
40	W	6324
0	R	6324
33	J	6325
27	J	6325
27	R	6325
27	W	6325
33	R	6325
33	W	6325
0	R	6325
56	J	6332
56	R	6332
56	W	6332
0	R	6332
55	J	6333
54	J	6333
53	J	6333
52	J	6333
51	J	6333
50	J	6333
55	R	6333
55	W	6333
54	R	6333
54	W	6333
53	R	6333
53	W	6333
52	R	6333
52	W	6333
51	R	6333
51	W	6333
50	R	6333
50	W	6333
0	R	6333
49	J	6334
49	R	6334
49	W	6334
0	R	6334
26	J	6405
26	R	6405
26	W	6405
0	R	6405
25	J	6406
24	J	6406
23	J	6406
22	J	6406
21	J	6406
20	J	6406
25	R	6406
25	W	6406
24	R	6406
24	W	6406
23	R	6406
23	W	6406
22	R	6406
22	W	6406
21	R	6406
21	W	6406
20	R	6406
20	W	6406
0	R	6406
19	J	6407
18	J	6407
17	J	6407
16	J	6407
15	J	6407
14	J	6407
18	R	6407
18	W	6407
17	R	6407
17	W	6407
16	R	6407
16	W	6407
15	R	6407
15	W	6407
14	R	6407
14	W	6407
19	R	6407
19	W	6407
0	R	6407
12	J	6408
11	J	6408
10	J	6408
9	J	6408
8	J	6408
7	J	6408
12	R	6408
12	W	6408
11	R	6408
11	W	6408
10	R	6408
10	W	6408
9	R	6408
9	W	6408
8	R	6408
8	W	6408
7	R	6408
7	W	6408
0	R	6408
13	J	6409
13	R	6409
13	W	6409
0	R	6409
48	J	6422
47	J	6422
48	R	6422
48	W	6422
47	R	6422
47	W	6422
0	R	6422
46	J	6423
45	J	6423
44	J	6423
43	J	6423
42	J	6423
41	J	6423
46	R	6423
46	W	6423
45	R	6423
45	W	6423
44	R	6423
44	W	6423
43	R	6423
43	W	6423
42	R	6423
42	W	6423
41	R	6423
41	W	6424
39	J	6424
38	J	6424
37	J	6424
36	J	6424
35	J	6424
34	J	6424
39	R	6424
39	W	6424
38	R	6424
38	W	6424
37	R	6424
37	W	6424
36	R	6424
36	W	6424
35	R	6424
35	W	6424
34	R	6424
34	W	6424
0	R	6424
40	J	6425
32	J	6425
31	J	6425
30	J	6425
29	J	6425
28	J	6425
32	R	6425
32	W	6425
31	R	6425
31	W	6425
30	R	6425
30	W	6425
29	R	6425
29	W	6425
28	R	6425
28	W	6425
40	R	6425
40	W	6425
0	R	6425
33	J	6426
27	J	6426
27	R	6426
27	W	6426
33	R	6426
33	W	6426
0	R	6426
56	J	6433
56	R	6433
56	W	6433
0	R	6433
55	J	6434
54	J	6434
53	J	6434
52	J	6434
51	J	6434
50	J	6434
55	R	6434
55	W	6434
54	R	6434
54	W	6434
53	R	6434
53	W	6434
52	R	6434
52	W	6434
51	R	6434
51	W	6434
50	R	6434
50	W	6434
0	R	6434
49	J	6435
49	R	6435
49	W	6435
0	R	6435
26	J	6506
26	R	6506
26	W	6506
0	R	6506
25	J	6507
24	J	6507
23	J	6507
22	J	6507
21	J	6507
20	J	6507
25	R	6507
25	W	6507
24	R	6507
24	W	6507
23	R	6507
23	W	6507
22	R	6507
22	W	6507
21	R	6507
21	W	6507
20	R	6507
20	W	6507
19	J	6508
18	J	6508
17	J	6508
16	J	6508
15	J	6508
14	J	6508
18	R	6508
18	W	6508
17	R	6508
17	W	6508
16	R	6508
16	W	6508
15	R	6508
15	W	6508
14	R	6508
14	W	6508
19	R	6508
19	W	6508
0	R	6508
12	J	6509
11	J	6509
10	J	6509
9	J	6509
8	J	6509
7	J	6509
12	R	6509
12	W	6509
11	R	6509
11	W	6509
10	R	6509
10	W	6509
9	R	6509
9	W	6509
8	R	6509
8	W	6509
7	R	6509
7	W	6509
0	R	6509
13	J	6510
13	R	6510
13	W	6510
0	R	6510
48	J	6523
47	J	6523
48	R	6523
48	W	6523
47	R	6523
47	W	6523
0	R	6523
46	J	6524
45	J	6524
44	J	6524
43	J	6524
42	J	6524
46	R	6524
46	W	6524
45	R	6524
45	W	6524
44	R	6524
44	W	6524
43	R	6524
43	W	6524
42	R	6524
42	W	6524
0	R	6524
41	J	6525
39	J	6525
38	J	6525
37	J	6525
36	J	6525
35	J	6525
34	J	6525
39	R	6525
39	W	6525
38	R	6525
38	W	6525
37	R	6525
37	W	6525
36	R	6525
36	W	6525
35	R	6525
35	W	6525
34	R	6525
34	W	6525
41	R	6525
41	W	6525
40	J	6526
32	J	6526
31	J	6526
30	J	6526
29	J	6526
28	J	6526
32	R	6526
32	W	6526
31	R	6526
31	W	6526
30	R	6526
30	W	6526
29	R	6526
29	W	6526
28	R	6526
28	W	6526
40	R	6526
40	W	6526
33	J	6527
27	J	6527
27	R	6527
27	W	6527
33	R	6527
33	W	6527
0	R	6527
56	J	6534
56	R	6534
56	W	6534
0	R	6534
55	J	6535
54	J	6535
53	J	6535
52	J	6535
51	J	6535
50	J	6535
55	R	6535
55	W	6535
54	R	6535
54	W	6535
53	R	6535
53	W	6535
52	R	6535
52	W	6535
51	R	6535
51	W	6535
50	R	6535
50	W	6535
0	R	6535
49	J	6536
49	R	6536
49	W	6536
0	R	6536
26	J	6607
26	R	6607
26	W	6607
0	R	6607
25	J	6608
24	J	6608
23	J	6608
22	J	6608
21	J	6608
20	J	6608
25	R	6608
25	W	6608
24	R	6608
24	W	6608
23	R	6608
23	W	6608
22	R	6608
22	W	6608
21	R	6608
21	W	6608
20	R	6608
20	W	6608
0	R	6608
19	J	6609
18	J	6609
17	J	6609
16	J	6609
15	J	6609
14	J	6609
18	R	6609
18	W	6609
17	R	6609
17	W	6609
16	R	6609
16	W	6609
15	R	6609
15	W	6609
14	R	6609
14	W	6609
19	R	6609
19	W	6609
0	R	6609
12	J	6610
11	J	6610
10	J	6610
9	J	6610
8	J	6610
7	J	6610
12	R	6610
12	W	6610
11	R	6610
11	W	6610
10	R	6610
10	W	6610
9	R	6610
9	W	6610
8	R	6610
8	W	6610
7	R	6610
7	W	6610
0	R	6610
13	J	6611
13	R	6611
13	W	6611
0	R	6611
48	J	6624
47	J	6624
48	R	6624
48	W	6624
47	R	6624
47	W	6624
0	R	6624
46	J	6625
45	J	6625
44	J	6625
43	J	6625
42	J	6625
46	R	6625
46	W	6625
45	R	6625
45	W	6625
44	R	6625
44	W	6625
43	R	6625
43	W	6625
42	R	6625
42	W	6625
0	R	6625
41	J	6626
39	J	6626
38	J	6626
37	J	6626
36	J	6626
35	J	6626
34	J	6626
39	R	6626
39	W	6626
38	R	6626
38	W	6626
37	R	6626
37	W	6626
36	R	6626
36	W	6626
35	R	6626
35	W	6626
34	R	6626
34	W	6626
41	R	6626
41	W	6626
40	J	6627
32	J	6627
31	J	6627
30	J	6627
29	J	6627
28	J	6627
32	R	6627
32	W	6627
31	R	6627
31	W	6627
30	R	6627
30	W	6627
29	R	6627
29	W	6627
28	R	6627
28	W	6627
40	R	6627
40	W	6627
0	R	6627
33	J	6628
27	J	6628
27	R	6628
27	W	6628
33	R	6628
33	W	6628
0	R	6628
56	J	6635
56	R	6635
56	W	6635
0	R	6635
55	J	6636
54	J	6636
53	J	6636
52	J	6636
51	J	6636
50	J	6636
55	R	6636
55	W	6636
54	R	6636
54	W	6636
53	R	6636
53	W	6636
52	R	6636
52	W	6636
51	R	6636
51	W	6636
50	R	6636
50	W	6636
0	R	6636
49	J	6637
49	R	6637
49	W	6637
0	R	6637
26	J	6708
26	R	6708
26	W	6708
0	R	6708
25	J	6709
24	J	6709
23	J	6709
22	J	6709
21	J	6709
20	J	6709
25	R	6709
25	W	6709
24	R	6709
24	W	6709
23	R	6709
23	W	6709
22	R	6709
22	W	6709
21	R	6709
21	W	6709
20	R	6709
20	W	6709
19	J	6710
18	J	6710
17	J	6710
16	J	6710
15	J	6710
14	J	6710
18	R	6710
18	W	6710
17	R	6710
17	W	6710
16	R	6710
16	W	6710
15	R	6710
15	W	6710
14	R	6710
14	W	6710
19	R	6710
19	W	6710
0	R	6710
10	J	6711
9	J	6711
8	J	6711
7	J	6711
10	R	6711
10	W	6711
12	J	6711
11	J	6711
12	R	6711
12	W	6711
11	R	6711
11	W	6711
9	R	6711
9	W	6711
8	R	6711
8	W	6711
7	R	6711
7	W	6711
0	R	6711
13	J	6712
13	R	6712
13	W	6712
0	R	6712
48	J	6725
47	J	6725
48	R	6725
48	W	6725
47	R	6725
47	W	6725
0	R	6725
46	J	6726
45	J	6726
44	J	6726
43	J	6726
42	J	6726
46	R	6726
46	W	6726
45	R	6726
45	W	6726
44	R	6726
44	W	6726
43	R	6726
43	W	6726
42	R	6726
42	W	6726
0	R	6726
41	J	6727
39	J	6727
38	J	6727
37	J	6727
36	J	6727
35	J	6727
34	J	6727
39	R	6727
39	W	6727
38	R	6727
38	W	6727
37	R	6727
37	W	6727
36	R	6727
36	W	6727
35	R	6727
35	W	6727
34	R	6727
34	W	6727
41	R	6727
41	W	6727
40	J	6728
32	J	6728
31	J	6728
30	J	6728
29	J	6728
28	J	6728
32	R	6728
32	W	6728
31	R	6728
31	W	6728
30	R	6728
30	W	6728
29	R	6728
29	W	6728
28	R	6728
28	W	6728
40	R	6728
40	W	6728
33	J	6729
27	J	6729
27	R	6729
27	W	6729
33	R	6729
33	W	6729
0	R	6729
56	J	6736
56	R	6736
56	W	6736
0	R	6736
55	J	6737
54	J	6737
53	J	6737
52	J	6737
51	J	6737
50	J	6737
55	R	6737
55	W	6737
54	R	6737
54	W	6737
53	R	6737
53	W	6737
52	R	6737
52	W	6737
51	R	6737
51	W	6737
50	R	6737
50	W	6737
0	R	6737
49	J	6738
49	R	6738
49	W	6738
0	R	6738
26	J	6809
26	R	6809
26	W	6809
0	R	6809
25	J	6810
24	J	6810
23	J	6810
22	J	6810
21	J	6810
20	J	6810
25	R	6810
25	W	6810
24	R	6810
24	W	6810
23	R	6810
23	W	6810
22	R	6810
22	W	6810
21	R	6810
21	W	6810
20	R	6810
20	W	6810
0	R	6810
19	J	6811
18	J	6811
17	J	6811
16	J	6811
15	J	6811
14	J	6811
18	R	6811
18	W	6811
17	R	6811
17	W	6811
16	R	6811
16	W	6811
15	R	6811
15	W	6811
14	R	6811
14	W	6811
19	R	6811
19	W	6811
0	R	6811
12	J	6812
11	J	6812
10	J	6812
9	J	6812
8	J	6812
7	J	6812
12	R	6812
12	W	6812
11	R	6812
11	W	6812
10	R	6812
10	W	6812
9	R	6812
9	W	6812
8	R	6812
8	W	6812
7	R	6812
7	W	6812
13	J	6813
13	R	6813
13	W	6813
0	R	6813
48	J	6826
47	J	6826
48	R	6826
48	W	6826
47	R	6826
47	W	6826
0	R	6826
46	J	6827
45	J	6827
44	J	6827
43	J	6827
42	J	6827
46	R	6827
46	W	6827
45	R	6827
45	W	6827
44	R	6827
44	W	6827
43	R	6827
43	W	6827
42	R	6827
42	W	6827
0	R	6827
41	J	6828
39	J	6828
38	J	6828
37	J	6828
36	J	6828
35	J	6828
34	J	6828
39	R	6828
39	W	6828
38	R	6828
38	W	6828
37	R	6828
37	W	6828
36	R	6828
36	W	6828
35	R	6828
35	W	6828
34	R	6828
34	W	6828
41	R	6828
41	W	6828
40	J	6829
32	J	6829
31	J	6829
30	J	6829
29	J	6829
28	J	6829
32	R	6829
32	W	6829
31	R	6829
31	W	6829
30	R	6829
30	W	6829
29	R	6829
29	W	6829
28	R	6829
28	W	6829
40	R	6829
40	W	6829
0	R	6829
33	J	6830
27	J	6830
27	R	6830
27	W	6830
33	R	6830
33	W	6830
0	R	6830
56	J	6837
56	R	6837
56	W	6837
0	R	6837
55	J	6838
54	J	6838
53	J	6838
52	J	6838
51	J	6838
50	J	6838
55	R	6838
55	W	6838
54	R	6838
54	W	6838
53	R	6838
53	W	6838
52	R	6838
52	W	6838
51	R	6838
51	W	6838
50	R	6838
50	W	6838
49	J	6839
49	R	6839
49	W	6839
0	R	6839
26	J	6910
26	R	6910
26	W	6910
0	R	6910
20	J	6911
20	R	6911
20	W	6911
25	J	6911
24	J	6911
23	J	6911
22	J	6911
21	J	6911
25	R	6911
25	W	6911
24	R	6911
24	W	6911
23	R	6911
23	W	6911
22	R	6911
22	W	6911
21	R	6911
21	W	6911
0	R	6911
19	J	6912
18	J	6912
17	J	6912
16	J	6912
15	J	6912
14	J	6912
18	R	6912
18	W	6912
17	R	6912
17	W	6912
16	R	6912
16	W	6912
15	R	6912
15	W	6912
14	R	6912
14	W	6912
19	R	6912
19	W	6912
0	R	6912
12	J	6913
11	J	6913
10	J	6913
9	J	6913
8	J	6913
7	J	6913
12	R	6913
12	W	6913
11	R	6913
11	W	6913
10	R	6913
10	W	6913
9	R	6913
9	W	6913
8	R	6913
8	W	6913
7	R	6913
7	W	6913
0	R	6913
13	J	6914
13	R	6914
13	W	6914
0	R	6914
48	J	6927
47	J	6927
48	R	6927
48	W	6927
47	R	6927
47	W	6927
0	R	6927
46	J	6928
45	J	6928
44	J	6928
43	J	6928
42	J	6928
46	R	6928
46	W	6928
45	R	6928
45	W	6928
44	R	6928
44	W	6928
43	R	6928
43	W	6928
42	R	6928
42	W	6928
0	R	6928
41	J	6929
39	J	6929
38	J	6929
37	J	6929
36	J	6929
35	J	6929
34	J	6929
39	R	6929
39	W	6929
38	R	6929
38	W	6929
37	R	6929
37	W	6929
36	R	6929
36	W	6929
35	R	6929
35	W	6929
34	R	6929
34	W	6930
40	J	6930
32	J	6930
31	J	6930
30	J	6930
29	J	6930
28	J	6930
32	R	6930
32	W	6930
31	R	6930
31	W	6930
30	R	6930
30	W	6930
29	R	6930
29	W	6930
28	R	6930
28	W	6930
41	R	6930
41	W	6930
40	R	6930
40	W	6930
33	J	6931
27	J	6931
27	R	6931
27	W	6931
33	R	6931
33	W	6931
0	R	6931
56	J	6938
56	R	6938
56	W	6938
0	R	6938
55	J	6939
54	J	6939
53	J	6939
52	J	6939
51	J	6939
50	J	6939
55	R	6939
55	W	6939
54	R	6939
54	W	6939
53	R	6939
53	W	6939
52	R	6939
52	W	6939
51	R	6939
51	W	6939
50	R	6939
50	W	6939
0	R	6939
49	J	6940
49	R	6940
49	W	6940
0	R	6940
26	J	7011
26	R	7011
26	W	7011
0	R	7011
25	J	7012
24	J	7012
23	J	7012
22	J	7012
21	J	7012
20	J	7012
25	R	7012
25	W	7012
24	R	7012
24	W	7012
23	R	7012
23	W	7012
22	R	7012
22	W	7012
21	R	7012
21	W	7012
20	R	7012
20	W	7012
0	R	7012
19	J	7013
18	J	7013
17	J	7013
16	J	7013
15	J	7013
14	J	7013
18	R	7013
18	W	7013
17	R	7013
17	W	7013
16	R	7013
16	W	7013
15	R	7013
15	W	7013
14	R	7013
14	W	7013
19	R	7013
19	W	7013
0	R	7013
12	J	7014
11	J	7014
10	J	7014
9	J	7014
8	J	7014
7	J	7014
12	R	7014
12	W	7014
11	R	7014
11	W	7014
10	R	7014
10	W	7014
9	R	7014
9	W	7014
8	R	7014
8	W	7014
7	R	7014
7	W	7014
13	J	7015
13	R	7015
13	W	7015
0	R	7015
48	J	7028
47	J	7028
48	R	7028
48	W	7028
47	R	7028
47	W	7028
0	R	7028
46	J	7029
45	J	7029
44	J	7029
43	J	7029
42	J	7029
46	R	7029
46	W	7029
45	R	7029
45	W	7029
44	R	7029
44	W	7029
43	R	7029
43	W	7029
42	R	7029
42	W	7029
0	R	7029
39	J	7030
38	J	7030
37	J	7030
36	J	7030
35	J	7030
39	R	7030
39	W	7030
38	R	7030
38	W	7030
37	R	7030
37	W	7030
36	R	7030
36	W	7030
35	R	7030
35	W	7030
0	R	7030
34	J	7031
32	J	7031
31	J	7031
30	J	7031
29	J	7031
28	J	7031
32	R	7031
32	W	7031
41	J	7031
40	J	7031
31	R	7031
31	W	7031
30	R	7031
30	W	7031
29	R	7031
29	W	7031
34	R	7031
34	W	7031
28	R	7031
28	W	7031
41	R	7031
41	W	7031
33	J	7032
27	J	7032
27	R	7032
27	W	7032
33	R	7032
33	W	7032
40	R	7032
40	W	7032
0	R	7032
56	J	7039
56	R	7039
56	W	7039
0	R	7039
55	J	7040
54	J	7040
53	J	7040
52	J	7040
51	J	7040
50	J	7040
55	R	7040
55	W	7040
54	R	7040
54	W	7040
53	R	7040
53	W	7040
52	R	7040
52	W	7040
51	R	7040
51	W	7040
50	R	7040
50	W	7041
49	J	7041
49	R	7041
49	W	7041
0	R	7041
26	J	7112
26	R	7112
26	W	7112
0	R	7112
25	J	7113
24	J	7113
23	J	7113
22	J	7113
21	J	7113
20	J	7113
25	R	7113
25	W	7113
24	R	7113
24	W	7113
23	R	7113
23	W	7113
22	R	7113
22	W	7113
21	R	7113
21	W	7113
20	R	7113
20	W	7113
0	R	7113
19	J	7114
18	J	7114
17	J	7114
16	J	7114
15	J	7114
14	J	7114
18	R	7114
18	W	7114
17	R	7114
17	W	7114
16	R	7114
16	W	7114
15	R	7114
15	W	7114
14	R	7114
14	W	7114
19	R	7114
19	W	7114
0	R	7114
12	J	7115
11	J	7115
10	J	7115
9	J	7115
8	J	7115
7	J	7115
12	R	7115
12	W	7115
11	R	7115
11	W	7115
10	R	7115
10	W	7115
9	R	7115
9	W	7115
8	R	7115
8	W	7115
7	R	7115
7	W	7115
0	R	7115
13	J	7116
13	R	7116
13	W	7116
0	R	7116
48	J	7129
47	J	7129
48	R	7129
48	W	7129
47	R	7129
47	W	7129
0	R	7129
46	J	7130
45	J	7130
44	J	7130
43	J	7130
42	J	7130
46	R	7130
46	W	7130
45	R	7130
45	W	7130
44	R	7130
44	W	7130
43	R	7130
43	W	7130
42	R	7130
42	W	7130
0	R	7130
39	J	7131
38	J	7131
37	J	7131
36	J	7131
35	J	7131
39	R	7131
39	W	7131
38	R	7131
38	W	7131
37	R	7131
37	W	7131
36	R	7131
36	W	7131
35	R	7131
35	W	7131
0	R	7131
41	J	7132
34	J	7132
32	J	7132
31	J	7132
30	J	7132
29	J	7132
28	J	7132
32	R	7132
32	W	7132
31	R	7132
31	W	7132
30	R	7132
30	W	7132
29	R	7132
29	W	7132
34	R	7132
34	W	7132
28	R	7132
28	W	7132
41	R	7132
41	W	7132
40	J	7133
33	J	7133
27	J	7133
27	R	7133
27	W	7133
33	R	7133
33	W	7133
40	R	7133
40	W	7133
0	R	7133
56	J	7140
56	R	7140
56	W	7140
0	R	7140
55	J	7141
54	J	7141
53	J	7141
52	J	7141
51	J	7141
50	J	7141
55	R	7141
55	W	7141
54	R	7141
54	W	7141
53	R	7141
53	W	7141
52	R	7141
52	W	7141
51	R	7141
51	W	7141
50	R	7141
50	W	7141
0	R	7141
49	J	7142
49	R	7142
49	W	7142
0	R	7142
26	J	7213
26	R	7213
26	W	7213
0	R	7213
25	J	7214
24	J	7214
23	J	7214
22	J	7214
21	J	7214
20	J	7214
25	R	7214
25	W	7214
24	R	7214
24	W	7214
23	R	7214
23	W	7214
22	R	7214
22	W	7214
21	R	7214
21	W	7214
20	R	7214
20	W	7214
0	R	7214
19	J	7215
18	J	7215
17	J	7215
16	J	7215
15	J	7215
14	J	7215
18	R	7215
18	W	7215
17	R	7215
17	W	7215
16	R	7215
16	W	7215
15	R	7215
15	W	7215
14	R	7215
14	W	7215
19	R	7215
19	W	7215
12	J	7216
11	J	7216
10	J	7216
9	J	7216
8	J	7216
7	J	7216
12	R	7216
12	W	7216
11	R	7216
11	W	7216
10	R	7216
10	W	7216
9	R	7216
9	W	7216
8	R	7216
8	W	7216
7	R	7216
7	W	7216
0	R	7216
13	J	7217
13	R	7217
13	W	7217
0	R	7217
48	J	7230
47	J	7230
48	R	7230
48	W	7230
47	R	7230
47	W	7230
0	R	7230
46	J	7231
45	J	7231
44	J	7231
43	J	7231
42	J	7231
46	R	7231
46	W	7231
45	R	7231
45	W	7231
44	R	7231
44	W	7231
43	R	7231
43	W	7231
42	R	7231
42	W	7231
0	R	7231
39	J	7232
38	J	7232
37	J	7232
36	J	7232
35	J	7232
39	R	7232
39	W	7232
38	R	7232
38	W	7232
37	R	7232
37	W	7232
36	R	7232
36	W	7232
35	R	7232
35	W	7232
0	R	7232
41	J	7233
34	J	7233
32	J	7233
31	J	7233
30	J	7233
29	J	7233
28	J	7233
32	R	7233
32	W	7233
31	R	7233
31	W	7233
30	R	7233
30	W	7233
29	R	7233
29	W	7233
34	R	7233
34	W	7233
28	R	7233
28	W	7233
41	R	7233
41	W	7233
40	J	7234
33	J	7234
27	J	7234
27	R	7234
27	W	7234
33	R	7234
33	W	7234
40	R	7234
40	W	7234
0	R	7234
56	J	7241
56	R	7241
56	W	7241
0	R	7241
55	J	7242
54	J	7242
53	J	7242
52	J	7242
51	J	7242
50	J	7242
55	R	7242
55	W	7242
54	R	7242
54	W	7242
53	R	7242
53	W	7242
52	R	7242
52	W	7242
51	R	7242
51	W	7242
50	R	7242
50	W	7242
0	R	7242
49	J	7243
49	R	7243
49	W	7243
0	R	7243
26	J	7314
26	R	7314
26	W	7314
0	R	7314
25	J	7315
24	J	7315
23	J	7315
22	J	7315
21	J	7315
20	J	7315
25	R	7315
25	W	7315
24	R	7315
24	W	7315
23	R	7315
23	W	7315
22	R	7315
22	W	7315
21	R	7315
21	W	7315
20	R	7315
20	W	7315
0	R	7315
19	J	7316
18	J	7316
17	J	7316
16	J	7316
15	J	7316
14	J	7316
18	R	7316
18	W	7316
17	R	7316
17	W	7316
16	R	7316
16	W	7316
15	R	7316
15	W	7316
14	R	7316
14	W	7316
19	R	7316
19	W	7316
0	R	7316
12	J	7317
11	J	7317
10	J	7317
9	J	7317
8	J	7317
7	J	7317
12	R	7317
12	W	7317
11	R	7317
11	W	7317
10	R	7317
10	W	7317
9	R	7317
9	W	7317
8	R	7317
8	W	7317
7	R	7317
7	W	7317
0	R	7317
13	J	7318
13	R	7318
13	W	7318
0	R	7318
48	J	7331
47	J	7331
48	R	7331
48	W	7331
47	R	7331
47	W	7331
0	R	7331
46	J	7332
45	J	7332
44	J	7332
43	J	7332
42	J	7332
46	R	7332
46	W	7332
45	R	7332
45	W	7332
44	R	7332
44	W	7332
43	R	7332
43	W	7332
42	R	7332
42	W	7332
0	R	7332
39	J	7333
38	J	7333
37	J	7333
36	J	7333
35	J	7333
39	R	7333
39	W	7333
38	R	7333
38	W	7333
37	R	7333
37	W	7333
36	R	7333
36	W	7333
35	R	7333
35	W	7333
0	R	7333
41	J	7334
34	J	7334
32	J	7334
31	J	7334
30	J	7334
29	J	7334
28	J	7334
32	R	7334
32	W	7334
31	R	7334
31	W	7334
30	R	7334
30	W	7334
29	R	7334
29	W	7334
34	R	7334
34	W	7334
28	R	7334
28	W	7334
41	R	7334
41	W	7334
40	J	7335
33	J	7335
27	J	7335
27	R	7335
27	W	7335
33	R	7335
33	W	7335
40	R	7335
40	W	7335
0	R	7335
56	J	7342
56	R	7342
56	W	7342
0	R	7342
55	J	7343
54	J	7343
53	J	7343
52	J	7343
51	J	7343
50	J	7343
55	R	7343
55	W	7343
54	R	7343
54	W	7343
53	R	7343
53	W	7343
52	R	7343
52	W	7343
51	R	7343
51	W	7343
50	R	7343
50	W	7343
0	R	7343
49	J	7344
49	R	7344
49	W	7344
0	R	7344
26	J	7415
26	R	7415
26	E	7415
6	J	7415
6	R	7415
6	E	7416
25	J	7416
24	J	7416
23	J	7416
22	J	7416
21	J	7416
20	J	7416
4	J	7416
25	R	7416
25	E	7416
1	J	7416
1	R	7416
1	W	7417
19	J	7417
18	J	7417
17	J	7417
16	J	7417
15	J	7417
14	J	7417
24	R	7417
24	E	7417
1	J	7417
1	R	7417
12	J	7418
11	J	7418
10	J	7418
9	J	7418
8	J	7418
7	J	7418
1	W	7418
23	R	7418
23	E	7418
1	J	7418
1	R	7418
1	W	7418
13	J	7419
22	R	7419
22	E	7419
1	J	7419
21	R	7419
21	E	7420
18	R	7420
18	E	7420
17	R	7420
17	E	7421
16	R	7421
16	E	7421
15	R	7421
15	E	7422
14	R	7422
14	E	7422
12	R	7422
12	E	7423
11	R	7423
11	E	7423
10	R	7423
10	E	7424
9	R	7424
9	E	7424
8	R	7424
8	E	7425
1	R	7425
1	W	7425
7	R	7425
7	E	7426
1	J	7426
1	R	7426
1	W	7426
4	R	7426
57	N	7427
57	J	7427
4	W	7427
20	R	7427
20	E	7428
1	J	7428
1	R	7428
1	W	7428
19	R	7428
19	E	7429
1	J	7429
1	R	7429
1	W	7429
13	R	7429
13	E	7429
1	J	7429
1	R	7429
1	W	7429
57	R	7430
4	J	7432
57	E	7432
48	J	7432
47	J	7432
48	R	7432
48	E	7433
46	J	7433
45	J	7433
44	J	7433
43	J	7433
42	J	7433
1	J	7433
1	R	7433
1	W	7433
47	R	7433
47	E	7434
39	J	7434
38	J	7434
37	J	7434
36	J	7434
35	J	7434
1	J	7434
1	R	7434
1	W	7434
46	R	7434
46	E	7434
1	J	7434
1	R	7434
41	J	7435
34	J	7435
32	J	7435
31	J	7435
30	J	7435
29	J	7435
28	J	7435
1	W	7435
45	R	7435
45	E	7435
1	J	7435
1	R	7436
40	J	7436
33	J	7436
27	J	7436
1	W	7436
44	R	7436
44	E	7436
1	J	7436
1	R	7436
1	W	7436
43	R	7436
43	E	7437
1	J	7437
1	R	7437
1	W	7437
42	R	7437
42	E	7438
1	J	7438
1	R	7438
1	W	7438
39	R	7438
39	E	7438
1	J	7438
1	R	7438
1	W	7438
38	R	7438
38	E	7439
1	J	7439
1	R	7439
1	W	7439
37	R	7439
37	E	7440
1	J	7440
1	R	7440
1	W	7440
36	R	7440
36	E	7440
1	J	7440
1	R	7440
1	W	7440
32	R	7440
32	E	7441
1	J	7441
1	R	7441
1	W	7441
31	R	7441
31	E	7442
1	J	7442
1	R	7442
1	W	7442
30	R	7442
30	E	7442
1	J	7442
1	R	7442
1	W	7442
29	R	7442
29	E	7443
56	J	7443
1	J	7443
1	R	7443
1	W	7443
27	R	7443
27	E	7444
55	J	7444
54	J	7444
53	J	7444
52	J	7444
51	J	7444
50	J	7444
1	J	7444
1	R	7444
1	W	7444
35	R	7444
35	E	7444
1	J	7444
1	R	7444
1	W	7445
49	J	7445
34	R	7445
34	E	7445
1	J	7445
1	R	7445
1	W	7445
28	R	7445
28	E	7446
1	J	7446
1	R	7446
1	W	7446
4	R	7446
4	W	7446
33	R	7446
33	E	7447
1	J	7447
1	R	7447
1	W	7447
55	R	7447
55	E	7448
1	J	7448
1	R	7448
1	W	7448
54	R	7448
54	E	7448
1	J	7448
1	R	7448
1	W	7448
53	R	7449
53	E	7449
1	J	7449
1	R	7449
1	W	7449
52	R	7449
52	E	7450
1	J	7450
1	R	7450
1	W	7450
51	R	7450
51	E	7450
1	J	7450
1	R	7450
1	W	7450
49	R	7450
49	E	7451
1	J	7451
1	R	7451
1	W	7451
56	R	7451
56	E	7451
1	J	7452
1	R	7452
1	W	7452
50	R	7452
50	E	7452
1	J	7452
1	R	7452
1	W	7452
40	R	7452
40	E	7453
1	J	7453
1	R	7453
1	W	7453
41	R	7453
41	E	7453
1	J	7453
1	R	7453
1	W	7454
0	R	7454
4	J	8963
4	R	8963
4	W	8964
0	R	8964
4	J	9165
4	R	9165
4	W	9165
0	R	9165
4	J	9220
4	R	9220
4	W	9220
0	R	9220
4	J	9310
4	R	9310
4	W	9310
0	R	9310
4	J	9568
4	R	9568
4	W	9568
0	R	9568
4	J	9754
4	R	9754
4	W	9754
0	R	9754
4	J	9811
4	R	9811
4	W	9811
0	R	9811
4	J	10017
4	R	10017
4	W	10017
0	R	10017
4	J	10324
4	R	10324
58	N	10325
58	J	10326
4	W	10326
58	R	10326
